<?xml version="1.0" encoding="utf-8"?>
<test-run id="2" testcasecount="139" result="Passed" total="139" passed="139" failed="0" inconclusive="0" skipped="0" asserts="0" engine-version="3.5.0.0" clr-version="4.0.30319.42000" start-time="2026-08-15 07:17:07Z" end-time="2026-08-15 07:17:09Z" duration="2.1608953">
  <test-suite type="TestSuite" id="1000" name="Factory-with-DOTS" fullname="Factory-with-DOTS" runstate="Runnable" testcasecount="139" result="Passed" start-time="2026-08-15 07:17:07Z" end-time="2026-08-15 07:17:09Z" duration="2.160895" total="139" passed="139" failed="0" inconclusive="0" skipped="0" asserts="0">
    <properties>
      <property name="platform" value="EditMode" />
    </properties>
    <test-suite type="Assembly" id="1164" name="Factory.Tests.dll" fullname="D:/UnityProject/Factory-with-DOTS/Library/ScriptAssemblies/Factory.Tests.dll" runstate="Runnable" testcasecount="139" result="Passed" start-time="2026-08-15 07:17:07Z" end-time="2026-08-15 07:17:09Z" duration="2.154156" total="139" passed="139" failed="0" inconclusive="0" skipped="0" asserts="0">
      <properties>
        <property name="_PID" value="28180" />
        <property name="_APPDOMAIN" value="Unity Child Domain" />
        <property name="platform" value="EditMode" />
        <property name="EditorOnly" value="True" />
      </properties>
      <test-suite type="TestSuite" id="1165" name="Factory" fullname="Factory" runstate="Runnable" testcasecount="139" result="Passed" start-time="2026-08-15 07:17:07Z" end-time="2026-08-15 07:17:09Z" duration="2.153700" total="139" passed="139" failed="0" inconclusive="0" skipped="0" asserts="0">
        <properties />
        <test-suite type="TestSuite" id="1166" name="Tests" fullname="Factory.Tests" runstate="Runnable" testcasecount="139" result="Passed" start-time="2026-08-15 07:17:07Z" end-time="2026-08-15 07:17:09Z" duration="2.153417" total="139" passed="139" failed="0" inconclusive="0" skipped="0" asserts="0">
          <properties />
          <test-suite type="TestFixture" id="1001" name="BeltTransferResolverPhase2Tests" fullname="Factory.Tests.BeltTransferResolverPhase2Tests" classname="Factory.Tests.BeltTransferResolverPhase2Tests" runstate="Runnable" testcasecount="8" result="Passed" start-time="2026-08-15 07:17:07Z" end-time="2026-08-15 07:17:07Z" duration="0.286590" total="8" passed="8" failed="0" inconclusive="0" skipped="0" asserts="0">
            <properties />
            <test-case id="1003" name="BlockedChain_MatchesLegacyResolver" fullname="Factory.Tests.BeltTransferResolverPhase2Tests.BlockedChain_MatchesLegacyResolver" methodname="BlockedChain_MatchesLegacyResolver" classname="Factory.Tests.BeltTransferResolverPhase2Tests" runstate="Runnable" seed="100579476" result="Passed" start-time="2026-08-15 07:17:07Z" end-time="2026-08-15 07:17:07Z" duration="0.221723" asserts="0">
              <properties>
                <property name="retryIteration" value="0" />
                <property name="repeatIteration" value="0" />
              </properties>
            </test-case>
            <test-case id="1009" name="CandidateSelection_WorkScalesLinearlyTo4096Nodes" fullname="Factory.Tests.BeltTransferResolverPhase2Tests.CandidateSelection_WorkScalesLinearlyTo4096Nodes" methodname="CandidateSelection_WorkScalesLinearlyTo4096Nodes" classname="Factory.Tests.BeltTransferResolverPhase2Tests" runstate="Runnable" seed="270988497" result="Passed" start-time="2026-08-15 07:17:07Z" end-time="2026-08-15 07:17:07Z" duration="0.043024" asserts="0">
              <properties>
                <property name="retryIteration" value="0" />
                <property name="repeatIteration" value="0" />
              </properties>
              <output><![CDATA[Phase2 resolver 128: 0.0302 ms/tick, inspected=127
Phase2 resolver 512: 0.1057 ms/tick, inspected=511
Phase2 resolver 1024: 0.8668 ms/tick, inspected=1023
Phase2 resolver 4096: 2.4871 ms/tick, inspected=4095
]]></output>
            </test-case>
            <test-case id="1007" name="FullBeltLoop_MatchesLegacyResolver" fullname="Factory.Tests.BeltTransferResolverPhase2Tests.FullBeltLoop_MatchesLegacyResolver" methodname="FullBeltLoop_MatchesLegacyResolver" classname="Factory.Tests.BeltTransferResolverPhase2Tests" runstate="Runnable" seed="1826969954" result="Passed" start-time="2026-08-15 07:17:07Z" end-time="2026-08-15 07:17:07Z" duration="0.001562" asserts="0">
              <properties>
                <property name="retryIteration" value="0" />
                <property name="repeatIteration" value="0" />
              </properties>
            </test-case>
            <test-case id="1004" name="MergerRoundRobin_MatchesLegacyResolver" fullname="Factory.Tests.BeltTransferResolverPhase2Tests.MergerRoundRobin_MatchesLegacyResolver" methodname="MergerRoundRobin_MatchesLegacyResolver" classname="Factory.Tests.BeltTransferResolverPhase2Tests" runstate="Runnable" seed="1986987051" result="Passed" start-time="2026-08-15 07:17:07Z" end-time="2026-08-15 07:17:07Z" duration="0.003373" asserts="0">
              <properties>
                <property name="retryIteration" value="0" />
                <property name="repeatIteration" value="0" />
              </properties>
            </test-case>
            <test-case id="1006" name="SplitterConflictFallback_MatchesLegacyResolver" fullname="Factory.Tests.BeltTransferResolverPhase2Tests.SplitterConflictFallback_MatchesLegacyResolver" methodname="SplitterConflictFallback_MatchesLegacyResolver" classname="Factory.Tests.BeltTransferResolverPhase2Tests" runstate="Runnable" seed="1493891939" result="Passed" start-time="2026-08-15 07:17:07Z" end-time="2026-08-15 07:17:07Z" duration="0.002238" asserts="0">
              <properties>
                <property name="retryIteration" value="0" />
                <property name="repeatIteration" value="0" />
              </properties>
            </test-case>
            <test-case id="1005" name="SplitterRoundRobin_MatchesLegacyResolver" fullname="Factory.Tests.BeltTransferResolverPhase2Tests.SplitterRoundRobin_MatchesLegacyResolver" methodname="SplitterRoundRobin_MatchesLegacyResolver" classname="Factory.Tests.BeltTransferResolverPhase2Tests" runstate="Runnable" seed="299449251" result="Passed" start-time="2026-08-15 07:17:07Z" end-time="2026-08-15 07:17:07Z" duration="0.001365" asserts="0">
              <properties>
                <property name="retryIteration" value="0" />
                <property name="repeatIteration" value="0" />
              </properties>
            </test-case>
            <test-case id="1002" name="StraightReadyChain_MatchesLegacyResolver" fullname="Factory.Tests.BeltTransferResolverPhase2Tests.StraightReadyChain_MatchesLegacyResolver" methodname="StraightReadyChain_MatchesLegacyResolver" classname="Factory.Tests.BeltTransferResolverPhase2Tests" runstate="Runnable" seed="801941781" result="Passed" start-time="2026-08-15 07:17:07Z" end-time="2026-08-15 07:17:07Z" duration="0.001045" asserts="0">
              <properties>
                <property name="retryIteration" value="0" />
                <property name="repeatIteration" value="0" />
              </properties>
            </test-case>
            <test-case id="1008" name="Topology_RebuildsOnlyWhenRevisionChanges" fullname="Factory.Tests.BeltTransferResolverPhase2Tests.Topology_RebuildsOnlyWhenRevisionChanges" methodname="Topology_RebuildsOnlyWhenRevisionChanges" classname="Factory.Tests.BeltTransferResolverPhase2Tests" runstate="Runnable" seed="514155747" result="Passed" start-time="2026-08-15 07:17:07Z" end-time="2026-08-15 07:17:07Z" duration="0.000587" asserts="0">
              <properties>
                <property name="retryIteration" value="0" />
                <property name="repeatIteration" value="0" />
              </properties>
            </test-case>
          </test-suite>
          <test-suite type="TestFixture" id="1010" name="BeltTransferResolverPhase3Tests" fullname="Factory.Tests.BeltTransferResolverPhase3Tests" classname="Factory.Tests.BeltTransferResolverPhase3Tests" runstate="Runnable" testcasecount="3" result="Passed" start-time="2026-08-15 07:17:07Z" end-time="2026-08-15 07:17:07Z" duration="0.007187" total="3" passed="3" failed="0" inconclusive="0" skipped="0" asserts="0">
            <properties />
            <test-case id="1012" name="ArbitrationJob_ClosedLoopRotatesAtomically" fullname="Factory.Tests.BeltTransferResolverPhase3Tests.ArbitrationJob_ClosedLoopRotatesAtomically" methodname="ArbitrationJob_ClosedLoopRotatesAtomically" classname="Factory.Tests.BeltTransferResolverPhase3Tests" runstate="Runnable" seed="2002706573" result="Passed" start-time="2026-08-15 07:17:07Z" end-time="2026-08-15 07:17:07Z" duration="0.002551" asserts="0">
              <properties>
                <property name="retryIteration" value="0" />
                <property name="repeatIteration" value="0" />
              </properties>
            </test-case>
            <test-case id="1011" name="ArbitrationJob_ReadyChainReportsCountsAndAdvances" fullname="Factory.Tests.BeltTransferResolverPhase3Tests.ArbitrationJob_ReadyChainReportsCountsAndAdvances" methodname="ArbitrationJob_ReadyChainReportsCountsAndAdvances" classname="Factory.Tests.BeltTransferResolverPhase3Tests" runstate="Runnable" seed="1712288332" result="Passed" start-time="2026-08-15 07:17:07Z" end-time="2026-08-15 07:17:07Z" duration="0.002485" asserts="0">
              <properties>
                <property name="retryIteration" value="0" />
                <property name="repeatIteration" value="0" />
              </properties>
            </test-case>
            <test-case id="1013" name="ArbitrationJob_SplitterRoundRobinAdvancesCursor" fullname="Factory.Tests.BeltTransferResolverPhase3Tests.ArbitrationJob_SplitterRoundRobinAdvancesCursor" methodname="ArbitrationJob_SplitterRoundRobinAdvancesCursor" classname="Factory.Tests.BeltTransferResolverPhase3Tests" runstate="Runnable" seed="1886564160" result="Passed" start-time="2026-08-15 07:17:07Z" end-time="2026-08-15 07:17:07Z" duration="0.000896" asserts="0">
              <properties>
                <property name="retryIteration" value="0" />
                <property name="repeatIteration" value="0" />
              </properties>
            </test-case>
          </test-suite>
          <test-suite type="TestFixture" id="1014" name="BeltTransferResolverTests" fullname="Factory.Tests.BeltTransferResolverTests" classname="Factory.Tests.BeltTransferResolverTests" runstate="Runnable" testcasecount="7" result="Passed" start-time="2026-08-15 07:17:07Z" end-time="2026-08-15 07:17:07Z" duration="0.007158" total="7" passed="7" failed="0" inconclusive="0" skipped="0" asserts="0">
            <properties />
            <test-case id="1019" name="BlockedTarget_DoesNotMoveUpstreamWhenTargetIsNotReady" fullname="Factory.Tests.BeltTransferResolverTests.BlockedTarget_DoesNotMoveUpstreamWhenTargetIsNotReady" methodname="BlockedTarget_DoesNotMoveUpstreamWhenTargetIsNotReady" classname="Factory.Tests.BeltTransferResolverTests" runstate="Runnable" seed="628136742" result="Passed" start-time="2026-08-15 07:17:07Z" end-time="2026-08-15 07:17:07Z" duration="0.001015" asserts="0">
              <properties>
                <property name="retryIteration" value="0" />
                <property name="repeatIteration" value="0" />
              </properties>
            </test-case>
            <test-case id="1018" name="BlockedTarget_PreservesSourceAndTargetItems" fullname="Factory.Tests.BeltTransferResolverTests.BlockedTarget_PreservesSourceAndTargetItems" methodname="BlockedTarget_PreservesSourceAndTargetItems" classname="Factory.Tests.BeltTransferResolverTests" runstate="Runnable" seed="498505887" result="Passed" start-time="2026-08-15 07:17:07Z" end-time="2026-08-15 07:17:07Z" duration="0.000635" asserts="0">
              <properties>
                <property name="retryIteration" value="0" />
                <property name="repeatIteration" value="0" />
              </properties>
            </test-case>
            <test-case id="1020" name="CompetingSources_MergerUsesRoundRobinCursor" fullname="Factory.Tests.BeltTransferResolverTests.CompetingSources_MergerUsesRoundRobinCursor" methodname="CompetingSources_MergerUsesRoundRobinCursor" classname="Factory.Tests.BeltTransferResolverTests" runstate="Runnable" seed="464100343" result="Passed" start-time="2026-08-15 07:17:07Z" end-time="2026-08-15 07:17:07Z" duration="0.000934" asserts="0">
              <properties>
                <property name="retryIteration" value="0" />
                <property name="repeatIteration" value="0" />
              </properties>
            </test-case>
            <test-case id="1021" name="CompetingSources_WinnerDoesNotDependOnInsertionOrder" fullname="Factory.Tests.BeltTransferResolverTests.CompetingSources_WinnerDoesNotDependOnInsertionOrder" methodname="CompetingSources_WinnerDoesNotDependOnInsertionOrder" classname="Factory.Tests.BeltTransferResolverTests" runstate="Runnable" seed="2037750686" result="Passed" start-time="2026-08-15 07:17:07Z" end-time="2026-08-15 07:17:07Z" duration="0.001368" asserts="0">
              <properties>
                <property name="retryIteration" value="0" />
                <property name="repeatIteration" value="0" />
              </properties>
            </test-case>
            <test-case id="1015" name="StraightLine_DoesNotMoveItemBeforeItIsReady" fullname="Factory.Tests.BeltTransferResolverTests.StraightLine_DoesNotMoveItemBeforeItIsReady" methodname="StraightLine_DoesNotMoveItemBeforeItIsReady" classname="Factory.Tests.BeltTransferResolverTests" runstate="Runnable" seed="899180264" result="Passed" start-time="2026-08-15 07:17:07Z" end-time="2026-08-15 07:17:07Z" duration="0.000694" asserts="0">
              <properties>
                <property name="retryIteration" value="0" />
                <property name="repeatIteration" value="0" />
              </properties>
            </test-case>
            <test-case id="1017" name="StraightLine_MovesReadyChainFromOneSnapshot" fullname="Factory.Tests.BeltTransferResolverTests.StraightLine_MovesReadyChainFromOneSnapshot" methodname="StraightLine_MovesReadyChainFromOneSnapshot" classname="Factory.Tests.BeltTransferResolverTests" runstate="Runnable" seed="1650435708" result="Passed" start-time="2026-08-15 07:17:07Z" end-time="2026-08-15 07:17:07Z" duration="0.000686" asserts="0">
              <properties>
                <property name="retryIteration" value="0" />
                <property name="repeatIteration" value="0" />
              </properties>
            </test-case>
            <test-case id="1016" name="StraightLine_MovesReadyItemIntoEmptyDownstreamNode" fullname="Factory.Tests.BeltTransferResolverTests.StraightLine_MovesReadyItemIntoEmptyDownstreamNode" methodname="StraightLine_MovesReadyItemIntoEmptyDownstreamNode" classname="Factory.Tests.BeltTransferResolverTests" runstate="Runnable" seed="1166044988" result="Passed" start-time="2026-08-15 07:17:07Z" end-time="2026-08-15 07:17:07Z" duration="0.000741" asserts="0">
              <properties>
                <property name="retryIteration" value="0" />
                <property name="repeatIteration" value="0" />
              </properties>
            </test-case>
          </test-suite>
          <test-suite type="TestFixture" id="1022" name="BeltTransferSystemPhase1Tests" fullname="Factory.Tests.BeltTransferSystemPhase1Tests" classname="Factory.Tests.BeltTransferSystemPhase1Tests" runstate="Runnable" testcasecount="6" result="Passed" start-time="2026-08-15 07:17:07Z" end-time="2026-08-15 07:17:07Z" duration="0.098366" total="6" passed="6" failed="0" inconclusive="0" skipped="0" asserts="0">
            <properties />
            <test-case id="1023" name="BuildingInput_ConsumesReadyBeltItemAndPublishesReceipt" fullname="Factory.Tests.BeltTransferSystemPhase1Tests.BuildingInput_ConsumesReadyBeltItemAndPublishesReceipt" methodname="BuildingInput_ConsumesReadyBeltItemAndPublishesReceipt" classname="Factory.Tests.BeltTransferSystemPhase1Tests" runstate="Runnable" seed="115812405" result="Passed" start-time="2026-08-15 07:17:07Z" end-time="2026-08-15 07:17:07Z" duration="0.076680" asserts="0">
              <properties>
                <property name="retryIteration" value="0" />
                <property name="repeatIteration" value="0" />
              </properties>
            </test-case>
            <test-case id="1024" name="BuildingOutput_InstantiatesPrefabWithPreloadedItemComponent" fullname="Factory.Tests.BeltTransferSystemPhase1Tests.BuildingOutput_InstantiatesPrefabWithPreloadedItemComponent" methodname="BuildingOutput_InstantiatesPrefabWithPreloadedItemComponent" classname="Factory.Tests.BeltTransferSystemPhase1Tests" runstate="Runnable" seed="1225336953" result="Passed" start-time="2026-08-15 07:17:07Z" end-time="2026-08-15 07:17:07Z" duration="0.011160" asserts="0">
              <properties>
                <property name="retryIteration" value="0" />
                <property name="repeatIteration" value="0" />
              </properties>
            </test-case>
            <test-case id="1025" name="BuildingOutput_StackedAvailabilityTransfersOnlyOneItemPerTick" fullname="Factory.Tests.BeltTransferSystemPhase1Tests.BuildingOutput_StackedAvailabilityTransfersOnlyOneItemPerTick" methodname="BuildingOutput_StackedAvailabilityTransfersOnlyOneItemPerTick" classname="Factory.Tests.BeltTransferSystemPhase1Tests" runstate="Runnable" seed="227067236" result="Passed" start-time="2026-08-15 07:17:07Z" end-time="2026-08-15 07:17:07Z" duration="0.001475" asserts="0">
              <properties>
                <property name="retryIteration" value="0" />
                <property name="repeatIteration" value="0" />
              </properties>
            </test-case>
            <test-case id="1026" name="BuildingOutput_WhenItemPrefabMissingItemComponent_StillInjectsItem" fullname="Factory.Tests.BeltTransferSystemPhase1Tests.BuildingOutput_WhenItemPrefabMissingItemComponent_StillInjectsItem" methodname="BuildingOutput_WhenItemPrefabMissingItemComponent_StillInjectsItem" classname="Factory.Tests.BeltTransferSystemPhase1Tests" runstate="Runnable" seed="1095228767" result="Passed" start-time="2026-08-15 07:17:07Z" end-time="2026-08-15 07:17:07Z" duration="0.002765" asserts="0">
              <properties>
                <property name="retryIteration" value="0" />
                <property name="repeatIteration" value="0" />
              </properties>
            </test-case>
            <test-case id="1027" name="BuildingOutput_WhenItemPrefabMissingLocalTransform_AddsTransform" fullname="Factory.Tests.BeltTransferSystemPhase1Tests.BuildingOutput_WhenItemPrefabMissingLocalTransform_AddsTransform" methodname="BuildingOutput_WhenItemPrefabMissingLocalTransform_AddsTransform" classname="Factory.Tests.BeltTransferSystemPhase1Tests" runstate="Runnable" seed="1900515286" result="Passed" start-time="2026-08-15 07:17:07Z" end-time="2026-08-15 07:17:07Z" duration="0.001370" asserts="0">
              <properties>
                <property name="retryIteration" value="0" />
                <property name="repeatIteration" value="0" />
              </properties>
            </test-case>
            <test-case id="1028" name="PortOwnerOrder_RebuildsOnlyAfterGridRevisionChanges" fullname="Factory.Tests.BeltTransferSystemPhase1Tests.PortOwnerOrder_RebuildsOnlyAfterGridRevisionChanges" methodname="PortOwnerOrder_RebuildsOnlyAfterGridRevisionChanges" classname="Factory.Tests.BeltTransferSystemPhase1Tests" runstate="Runnable" seed="929099896" result="Passed" start-time="2026-08-15 07:17:07Z" end-time="2026-08-15 07:17:07Z" duration="0.002862" asserts="0">
              <properties>
                <property name="retryIteration" value="0" />
                <property name="repeatIteration" value="0" />
              </properties>
            </test-case>
          </test-suite>
          <test-suite type="TestFixture" id="1029" name="BeltTransferSystemPhase3Tests" fullname="Factory.Tests.BeltTransferSystemPhase3Tests" classname="Factory.Tests.BeltTransferSystemPhase3Tests" runstate="Runnable" testcasecount="5" result="Passed" start-time="2026-08-15 07:17:07Z" end-time="2026-08-15 07:17:07Z" duration="0.009721" total="5" passed="5" failed="0" inconclusive="0" skipped="0" asserts="0">
            <properties />
            <test-case id="1030" name="Belt_IsSplitIntoTopologyAndStateComponents" fullname="Factory.Tests.BeltTransferSystemPhase3Tests.Belt_IsSplitIntoTopologyAndStateComponents" methodname="Belt_IsSplitIntoTopologyAndStateComponents" classname="Factory.Tests.BeltTransferSystemPhase3Tests" runstate="Runnable" seed="1843091303" result="Passed" start-time="2026-08-15 07:17:07Z" end-time="2026-08-15 07:17:07Z" duration="0.001267" asserts="0">
              <properties>
                <property name="retryIteration" value="0" />
                <property name="repeatIteration" value="0" />
              </properties>
            </test-case>
            <test-case id="1034" name="BuildingOutput_ItemExistsOnlyAfterTransferEcbPlayback" fullname="Factory.Tests.BeltTransferSystemPhase3Tests.BuildingOutput_ItemExistsOnlyAfterTransferEcbPlayback" methodname="BuildingOutput_ItemExistsOnlyAfterTransferEcbPlayback" classname="Factory.Tests.BeltTransferSystemPhase3Tests" runstate="Runnable" seed="1643106946" result="Passed" start-time="2026-08-15 07:17:07Z" end-time="2026-08-15 07:17:07Z" duration="0.002378" asserts="0">
              <properties>
                <property name="retryIteration" value="0" />
                <property name="repeatIteration" value="0" />
              </properties>
            </test-case>
            <test-case id="1032" name="MultipleTransferTicks_AdvanceChainWithoutLosingItems" fullname="Factory.Tests.BeltTransferSystemPhase3Tests.MultipleTransferTicks_AdvanceChainWithoutLosingItems" methodname="MultipleTransferTicks_AdvanceChainWithoutLosingItems" classname="Factory.Tests.BeltTransferSystemPhase3Tests" runstate="Runnable" seed="1924946306" result="Passed" start-time="2026-08-15 07:17:07Z" end-time="2026-08-15 07:17:07Z" duration="0.001429" asserts="0">
              <properties>
                <property name="retryIteration" value="0" />
                <property name="repeatIteration" value="0" />
              </properties>
            </test-case>
            <test-case id="1031" name="TransferTick_MovesReadyItemIntoEmptyDownstreamBelt" fullname="Factory.Tests.BeltTransferSystemPhase3Tests.TransferTick_MovesReadyItemIntoEmptyDownstreamBelt" methodname="TransferTick_MovesReadyItemIntoEmptyDownstreamBelt" classname="Factory.Tests.BeltTransferSystemPhase3Tests" runstate="Runnable" seed="2089373929" result="Passed" start-time="2026-08-15 07:17:07Z" end-time="2026-08-15 07:17:07Z" duration="0.001037" asserts="0">
              <properties>
                <property name="retryIteration" value="0" />
                <property name="repeatIteration" value="0" />
              </properties>
            </test-case>
            <test-case id="1033" name="TransferTick_WritesStatsFromArbitrationJob" fullname="Factory.Tests.BeltTransferSystemPhase3Tests.TransferTick_WritesStatsFromArbitrationJob" methodname="TransferTick_WritesStatsFromArbitrationJob" classname="Factory.Tests.BeltTransferSystemPhase3Tests" runstate="Runnable" seed="303917663" result="Passed" start-time="2026-08-15 07:17:07Z" end-time="2026-08-15 07:17:07Z" duration="0.002586" asserts="0">
              <properties>
                <property name="retryIteration" value="0" />
                <property name="repeatIteration" value="0" />
              </properties>
            </test-case>
          </test-suite>
          <test-suite type="TestFixture" id="1035" name="BeltTransferSystemPhase4Tests" fullname="Factory.Tests.BeltTransferSystemPhase4Tests" classname="Factory.Tests.BeltTransferSystemPhase4Tests" runstate="Runnable" testcasecount="6" result="Passed" start-time="2026-08-15 07:17:07Z" end-time="2026-08-15 07:17:07Z" duration="0.037395" total="6" passed="6" failed="0" inconclusive="0" skipped="0" asserts="0">
            <properties />
            <test-case id="1036" name="BuildingInput_ReturnsItemToPoolInsteadOfDestroying" fullname="Factory.Tests.BeltTransferSystemPhase4Tests.BuildingInput_ReturnsItemToPoolInsteadOfDestroying" methodname="BuildingInput_ReturnsItemToPoolInsteadOfDestroying" classname="Factory.Tests.BeltTransferSystemPhase4Tests" runstate="Runnable" seed="932803498" result="Passed" start-time="2026-08-15 07:17:07Z" end-time="2026-08-15 07:17:07Z" duration="0.005565" asserts="0">
              <properties>
                <property name="retryIteration" value="0" />
                <property name="repeatIteration" value="0" />
              </properties>
            </test-case>
            <test-case id="1037" name="BuildingInput_StillDestroysWhenNoPoolExists" fullname="Factory.Tests.BeltTransferSystemPhase4Tests.BuildingInput_StillDestroysWhenNoPoolExists" methodname="BuildingInput_StillDestroysWhenNoPoolExists" classname="Factory.Tests.BeltTransferSystemPhase4Tests" runstate="Runnable" seed="404466781" result="Passed" start-time="2026-08-15 07:17:07Z" end-time="2026-08-15 07:17:07Z" duration="0.001263" asserts="0">
              <properties>
                <property name="retryIteration" value="0" />
                <property name="repeatIteration" value="0" />
              </properties>
            </test-case>
            <test-case id="1038" name="BuildingOutput_ReusesPooledItemWithoutInstantiate" fullname="Factory.Tests.BeltTransferSystemPhase4Tests.BuildingOutput_ReusesPooledItemWithoutInstantiate" methodname="BuildingOutput_ReusesPooledItemWithoutInstantiate" classname="Factory.Tests.BeltTransferSystemPhase4Tests" runstate="Runnable" seed="1313020581" result="Passed" start-time="2026-08-15 07:17:07Z" end-time="2026-08-15 07:17:07Z" duration="0.004569" asserts="0">
              <properties>
                <property name="retryIteration" value="0" />
                <property name="repeatIteration" value="0" />
              </properties>
            </test-case>
            <test-case id="1040" name="PresentationSystem_InterpolatesAlongVisualProgress" fullname="Factory.Tests.BeltTransferSystemPhase4Tests.PresentationSystem_InterpolatesAlongVisualProgress" methodname="PresentationSystem_InterpolatesAlongVisualProgress" classname="Factory.Tests.BeltTransferSystemPhase4Tests" runstate="Runnable" seed="1059654054" result="Passed" start-time="2026-08-15 07:17:07Z" end-time="2026-08-15 07:17:07Z" duration="0.010555" asserts="0">
              <properties>
                <property name="retryIteration" value="0" />
                <property name="repeatIteration" value="0" />
              </properties>
            </test-case>
            <test-case id="1041" name="PresentationSystem_PreservesPostTransformScale" fullname="Factory.Tests.BeltTransferSystemPhase4Tests.PresentationSystem_PreservesPostTransformScale" methodname="PresentationSystem_PreservesPostTransformScale" classname="Factory.Tests.BeltTransferSystemPhase4Tests" runstate="Runnable" seed="788731518" result="Passed" start-time="2026-08-15 07:17:07Z" end-time="2026-08-15 07:17:07Z" duration="0.003533" asserts="0">
              <properties>
                <property name="retryIteration" value="0" />
                <property name="repeatIteration" value="0" />
              </properties>
            </test-case>
            <test-case id="1039" name="VisualCaptureSystem_SamplesLatestTransportPosition" fullname="Factory.Tests.BeltTransferSystemPhase4Tests.VisualCaptureSystem_SamplesLatestTransportPosition" methodname="VisualCaptureSystem_SamplesLatestTransportPosition" classname="Factory.Tests.BeltTransferSystemPhase4Tests" runstate="Runnable" seed="341366994" result="Passed" start-time="2026-08-15 07:17:07Z" end-time="2026-08-15 07:17:07Z" duration="0.010727" asserts="0">
              <properties>
                <property name="retryIteration" value="0" />
                <property name="repeatIteration" value="0" />
              </properties>
            </test-case>
          </test-suite>
          <test-suite type="TestFixture" id="1042" name="FixtureSmokeTests" fullname="Factory.Tests.FixtureSmokeTests" classname="Factory.Tests.FixtureSmokeTests" runstate="Runnable" testcasecount="2" result="Passed" start-time="2026-08-15 07:17:07Z" end-time="2026-08-15 07:17:07Z" duration="0.002946" total="2" passed="2" failed="0" inconclusive="0" skipped="0" asserts="0">
            <properties />
            <test-case id="1044" name="FactoryWorldFixture_CreatesIsolatedTransportEntities" fullname="Factory.Tests.FixtureSmokeTests.FactoryWorldFixture_CreatesIsolatedTransportEntities" methodname="FactoryWorldFixture_CreatesIsolatedTransportEntities" classname="Factory.Tests.FixtureSmokeTests" runstate="Runnable" seed="145559755" result="Passed" start-time="2026-08-15 07:17:07Z" end-time="2026-08-15 07:17:07Z" duration="0.000971" asserts="0">
              <properties>
                <property name="retryIteration" value="0" />
                <property name="repeatIteration" value="0" />
              </properties>
            </test-case>
            <test-case id="1043" name="TransportScenario_AdvancesOneStraightTransfer" fullname="Factory.Tests.FixtureSmokeTests.TransportScenario_AdvancesOneStraightTransfer" methodname="TransportScenario_AdvancesOneStraightTransfer" classname="Factory.Tests.FixtureSmokeTests" runstate="Runnable" seed="458881860" result="Passed" start-time="2026-08-15 07:17:07Z" end-time="2026-08-15 07:17:07Z" duration="0.001264" asserts="0">
              <properties>
                <property name="retryIteration" value="0" />
                <property name="repeatIteration" value="0" />
              </properties>
            </test-case>
          </test-suite>
          <test-suite type="TestFixture" id="1045" name="MultiLevelStage0BaselineTests" fullname="Factory.Tests.MultiLevelStage0BaselineTests" classname="Factory.Tests.MultiLevelStage0BaselineTests" runstate="Runnable" testcasecount="18" result="Passed" start-time="2026-08-15 07:17:07Z" end-time="2026-08-15 07:17:07Z" duration="0.011087" total="18" passed="18" failed="0" inconclusive="0" skipped="0" asserts="0">
            <properties />
            <test-case id="1064" name="BeltPath_HorizontalFirstFreezesXPriorityCornerAndDirections" fullname="Factory.Tests.MultiLevelStage0BaselineTests.BeltPath_HorizontalFirstFreezesXPriorityCornerAndDirections" methodname="BeltPath_HorizontalFirstFreezesXPriorityCornerAndDirections" classname="Factory.Tests.MultiLevelStage0BaselineTests" runstate="Runnable" seed="368451199" result="Passed" start-time="2026-08-15 07:17:07Z" end-time="2026-08-15 07:17:07Z" duration="0.001822" asserts="0">
              <properties>
                <property name="retryIteration" value="0" />
                <property name="repeatIteration" value="0" />
              </properties>
            </test-case>
            <test-case id="1065" name="BeltPath_VerticalFirstFreezesZPriorityCornerAndDirections" fullname="Factory.Tests.MultiLevelStage0BaselineTests.BeltPath_VerticalFirstFreezesZPriorityCornerAndDirections" methodname="BeltPath_VerticalFirstFreezesZPriorityCornerAndDirections" classname="Factory.Tests.MultiLevelStage0BaselineTests" runstate="Runnable" seed="1723302436" result="Passed" start-time="2026-08-15 07:17:07Z" end-time="2026-08-15 07:17:07Z" duration="0.000371" asserts="0">
              <properties>
                <property name="retryIteration" value="0" />
                <property name="repeatIteration" value="0" />
              </properties>
            </test-case>
            <test-suite type="ParameterizedMethod" id="1061" name="MultiCellFootprint_FourRotationsPreserveEveryCell" fullname="Factory.Tests.MultiLevelStage0BaselineTests.MultiCellFootprint_FourRotationsPreserveEveryCell" classname="Factory.Tests.MultiLevelStage0BaselineTests" runstate="Runnable" testcasecount="4" result="Passed" start-time="2026-08-15 07:17:07Z" end-time="2026-08-15 07:17:07Z" duration="0.002081" total="4" passed="4" failed="0" inconclusive="0" skipped="0" asserts="0">
              <properties />
              <test-case id="1057" name="MultiCellFootprint_FourRotationsPreserveEveryCell(0,2,3)" fullname="Factory.Tests.MultiLevelStage0BaselineTests.MultiCellFootprint_FourRotationsPreserveEveryCell(0,2,3)" methodname="MultiCellFootprint_FourRotationsPreserveEveryCell" classname="Factory.Tests.MultiLevelStage0BaselineTests" runstate="Runnable" seed="346768086" result="Passed" start-time="2026-08-15 07:17:07Z" end-time="2026-08-15 07:17:07Z" duration="0.001420" asserts="0">
                <properties>
                  <property name="retryIteration" value="0" />
                  <property name="repeatIteration" value="0" />
                </properties>
              </test-case>
              <test-case id="1058" name="MultiCellFootprint_FourRotationsPreserveEveryCell(1,3,2)" fullname="Factory.Tests.MultiLevelStage0BaselineTests.MultiCellFootprint_FourRotationsPreserveEveryCell(1,3,2)" methodname="MultiCellFootprint_FourRotationsPreserveEveryCell" classname="Factory.Tests.MultiLevelStage0BaselineTests" runstate="Runnable" seed="939294914" result="Passed" start-time="2026-08-15 07:17:07Z" end-time="2026-08-15 07:17:07Z" duration="0.000061" asserts="0">
                <properties>
                  <property name="retryIteration" value="0" />
                  <property name="repeatIteration" value="0" />
                </properties>
              </test-case>
              <test-case id="1059" name="MultiCellFootprint_FourRotationsPreserveEveryCell(2,2,3)" fullname="Factory.Tests.MultiLevelStage0BaselineTests.MultiCellFootprint_FourRotationsPreserveEveryCell(2,2,3)" methodname="MultiCellFootprint_FourRotationsPreserveEveryCell" classname="Factory.Tests.MultiLevelStage0BaselineTests" runstate="Runnable" seed="721021773" result="Passed" start-time="2026-08-15 07:17:07Z" end-time="2026-08-15 07:17:07Z" duration="0.000041" asserts="0">
                <properties>
                  <property name="retryIteration" value="0" />
                  <property name="repeatIteration" value="0" />
                </properties>
              </test-case>
              <test-case id="1060" name="MultiCellFootprint_FourRotationsPreserveEveryCell(3,3,2)" fullname="Factory.Tests.MultiLevelStage0BaselineTests.MultiCellFootprint_FourRotationsPreserveEveryCell(3,3,2)" methodname="MultiCellFootprint_FourRotationsPreserveEveryCell" classname="Factory.Tests.MultiLevelStage0BaselineTests" runstate="Runnable" seed="1912083096" result="Passed" start-time="2026-08-15 07:17:07Z" end-time="2026-08-15 07:17:07Z" duration="0.000036" asserts="0">
                <properties>
                  <property name="retryIteration" value="0" />
                  <property name="repeatIteration" value="0" />
                </properties>
              </test-case>
            </test-suite>
            <test-case id="1063" name="RectangularGrid_ContainsIncludesOriginAndExcludesEveryBoundary" fullname="Factory.Tests.MultiLevelStage0BaselineTests.RectangularGrid_ContainsIncludesOriginAndExcludesEveryBoundary" methodname="RectangularGrid_ContainsIncludesOriginAndExcludesEveryBoundary" classname="Factory.Tests.MultiLevelStage0BaselineTests" runstate="Runnable" seed="1380881565" result="Passed" start-time="2026-08-15 07:17:07Z" end-time="2026-08-15 07:17:07Z" duration="0.000336" asserts="0">
              <properties>
                <property name="retryIteration" value="0" />
                <property name="repeatIteration" value="0" />
              </properties>
            </test-case>
            <test-case id="1062" name="SingleCellFootprint_IsInvariantUnderRotation" fullname="Factory.Tests.MultiLevelStage0BaselineTests.SingleCellFootprint_IsInvariantUnderRotation" methodname="SingleCellFootprint_IsInvariantUnderRotation" classname="Factory.Tests.MultiLevelStage0BaselineTests" runstate="Runnable" seed="1875719185" result="Passed" start-time="2026-08-15 07:17:07Z" end-time="2026-08-15 07:17:07Z" duration="0.000205" asserts="0">
              <properties>
                <property name="retryIteration" value="0" />
                <property name="repeatIteration" value="0" />
              </properties>
            </test-case>
            <test-case id="1066" name="TransportTopologyDiagnostics_RecordRebuildNodesAndDuration" fullname="Factory.Tests.MultiLevelStage0BaselineTests.TransportTopologyDiagnostics_RecordRebuildNodesAndDuration" methodname="TransportTopologyDiagnostics_RecordRebuildNodesAndDuration" classname="Factory.Tests.MultiLevelStage0BaselineTests" runstate="Runnable" seed="826989391" result="Passed" start-time="2026-08-15 07:17:07Z" end-time="2026-08-15 07:17:07Z" duration="0.003059" asserts="0">
              <properties>
                <property name="retryIteration" value="0" />
                <property name="repeatIteration" value="0" />
              </properties>
            </test-case>
            <test-suite type="ParameterizedMethod" id="1056" name="WorldAndCellConversion_RoundTripsCellCenters" fullname="Factory.Tests.MultiLevelStage0BaselineTests.WorldAndCellConversion_RoundTripsCellCenters" classname="Factory.Tests.MultiLevelStage0BaselineTests" runstate="Runnable" testcasecount="4" result="Passed" start-time="2026-08-15 07:17:07Z" end-time="2026-08-15 07:17:07Z" duration="0.001168" total="4" passed="4" failed="0" inconclusive="0" skipped="0" asserts="0">
              <properties />
              <test-case id="1052" name="WorldAndCellConversion_RoundTripsCellCenters(0,0)" fullname="Factory.Tests.MultiLevelStage0BaselineTests.WorldAndCellConversion_RoundTripsCellCenters(0,0)" methodname="WorldAndCellConversion_RoundTripsCellCenters" classname="Factory.Tests.MultiLevelStage0BaselineTests" runstate="Runnable" seed="1359971076" result="Passed" start-time="2026-08-15 07:17:07Z" end-time="2026-08-15 07:17:07Z" duration="0.000599" asserts="0">
                <properties>
                  <property name="retryIteration" value="0" />
                  <property name="repeatIteration" value="0" />
                </properties>
              </test-case>
              <test-case id="1053" name="WorldAndCellConversion_RoundTripsCellCenters(7,11)" fullname="Factory.Tests.MultiLevelStage0BaselineTests.WorldAndCellConversion_RoundTripsCellCenters(7,11)" methodname="WorldAndCellConversion_RoundTripsCellCenters" classname="Factory.Tests.MultiLevelStage0BaselineTests" runstate="Runnable" seed="1841122000" result="Passed" start-time="2026-08-15 07:17:07Z" end-time="2026-08-15 07:17:07Z" duration="0.000070" asserts="0">
                <properties>
                  <property name="retryIteration" value="0" />
                  <property name="repeatIteration" value="0" />
                </properties>
              </test-case>
              <test-case id="1054" name="WorldAndCellConversion_RoundTripsCellCenters(-1,-1)" fullname="Factory.Tests.MultiLevelStage0BaselineTests.WorldAndCellConversion_RoundTripsCellCenters(-1,-1)" methodname="WorldAndCellConversion_RoundTripsCellCenters" classname="Factory.Tests.MultiLevelStage0BaselineTests" runstate="Runnable" seed="637747904" result="Passed" start-time="2026-08-15 07:17:07Z" end-time="2026-08-15 07:17:07Z" duration="0.000044" asserts="0">
                <properties>
                  <property name="retryIteration" value="0" />
                  <property name="repeatIteration" value="0" />
                </properties>
              </test-case>
              <test-case id="1055" name="WorldAndCellConversion_RoundTripsCellCenters(-17,31)" fullname="Factory.Tests.MultiLevelStage0BaselineTests.WorldAndCellConversion_RoundTripsCellCenters(-17,31)" methodname="WorldAndCellConversion_RoundTripsCellCenters" classname="Factory.Tests.MultiLevelStage0BaselineTests" runstate="Runnable" seed="1322087515" result="Passed" start-time="2026-08-15 07:17:07Z" end-time="2026-08-15 07:17:07Z" duration="0.000039" asserts="0">
                <properties>
                  <property name="retryIteration" value="0" />
                  <property name="repeatIteration" value="0" />
                </properties>
              </test-case>
            </test-suite>
            <test-suite type="ParameterizedMethod" id="1051" name="WorldToCell_DefaultGridUsesFloorSemantics" fullname="Factory.Tests.MultiLevelStage0BaselineTests.WorldToCell_DefaultGridUsesFloorSemantics" classname="Factory.Tests.MultiLevelStage0BaselineTests" runstate="Runnable" testcasecount="5" result="Passed" start-time="2026-08-15 07:17:07Z" end-time="2026-08-15 07:17:07Z" duration="0.000965" total="5" passed="5" failed="0" inconclusive="0" skipped="0" asserts="0">
              <properties />
              <test-case id="1046" name="WorldToCell_DefaultGridUsesFloorSemantics(0.0f,0.0f,0,0)" fullname="Factory.Tests.MultiLevelStage0BaselineTests.WorldToCell_DefaultGridUsesFloorSemantics(0.0f,0.0f,0,0)" methodname="WorldToCell_DefaultGridUsesFloorSemantics" classname="Factory.Tests.MultiLevelStage0BaselineTests" runstate="Runnable" seed="277712522" result="Passed" start-time="2026-08-15 07:17:07Z" end-time="2026-08-15 07:17:07Z" duration="0.000378" asserts="0">
                <properties>
                  <property name="retryIteration" value="0" />
                  <property name="repeatIteration" value="0" />
                </properties>
              </test-case>
              <test-case id="1047" name="WorldToCell_DefaultGridUsesFloorSemantics(0.999f,0.999f,0,0)" fullname="Factory.Tests.MultiLevelStage0BaselineTests.WorldToCell_DefaultGridUsesFloorSemantics(0.999f,0.999f,0,0)" methodname="WorldToCell_DefaultGridUsesFloorSemantics" classname="Factory.Tests.MultiLevelStage0BaselineTests" runstate="Runnable" seed="1831992249" result="Passed" start-time="2026-08-15 07:17:07Z" end-time="2026-08-15 07:17:07Z" duration="0.000056" asserts="0">
                <properties>
                  <property name="retryIteration" value="0" />
                  <property name="repeatIteration" value="0" />
                </properties>
              </test-case>
              <test-case id="1048" name="WorldToCell_DefaultGridUsesFloorSemantics(1.0f,1.0f,1,1)" fullname="Factory.Tests.MultiLevelStage0BaselineTests.WorldToCell_DefaultGridUsesFloorSemantics(1.0f,1.0f,1,1)" methodname="WorldToCell_DefaultGridUsesFloorSemantics" classname="Factory.Tests.MultiLevelStage0BaselineTests" runstate="Runnable" seed="2096166605" result="Passed" start-time="2026-08-15 07:17:07Z" end-time="2026-08-15 07:17:07Z" duration="0.000040" asserts="0">
                <properties>
                  <property name="retryIteration" value="0" />
                  <property name="repeatIteration" value="0" />
                </properties>
              </test-case>
              <test-case id="1049" name="WorldToCell_DefaultGridUsesFloorSemantics(-0.001f,-0.001f,-1,-1)" fullname="Factory.Tests.MultiLevelStage0BaselineTests.WorldToCell_DefaultGridUsesFloorSemantics(-0.001f,-0.001f,-1,-1)" methodname="WorldToCell_DefaultGridUsesFloorSemantics" classname="Factory.Tests.MultiLevelStage0BaselineTests" runstate="Runnable" seed="436083626" result="Passed" start-time="2026-08-15 07:17:07Z" end-time="2026-08-15 07:17:07Z" duration="0.000034" asserts="0">
                <properties>
                  <property name="retryIteration" value="0" />
                  <property name="repeatIteration" value="0" />
                </properties>
              </test-case>
              <test-case id="1050" name="WorldToCell_DefaultGridUsesFloorSemantics(-1.0f,-1.0f,-1,-1)" fullname="Factory.Tests.MultiLevelStage0BaselineTests.WorldToCell_DefaultGridUsesFloorSemantics(-1.0f,-1.0f,-1,-1)" methodname="WorldToCell_DefaultGridUsesFloorSemantics" classname="Factory.Tests.MultiLevelStage0BaselineTests" runstate="Runnable" seed="1542143437" result="Passed" start-time="2026-08-15 07:17:07Z" end-time="2026-08-15 07:17:07Z" duration="0.000033" asserts="0">
                <properties>
                  <property name="retryIteration" value="0" />
                  <property name="repeatIteration" value="0" />
                </properties>
              </test-case>
            </test-suite>
          </test-suite>
          <test-suite type="TestFixture" id="1074" name="MultiLevelStage0BuildTransactionTests" fullname="Factory.Tests.MultiLevelStage0BuildTransactionTests" classname="Factory.Tests.MultiLevelStage0BuildTransactionTests" runstate="Runnable" testcasecount="1" result="Passed" start-time="2026-08-15 07:17:07Z" end-time="2026-08-15 07:17:07Z" duration="0.053523" total="1" passed="1" failed="0" inconclusive="0" skipped="0" asserts="0">
            <properties />
            <test-case id="1075" name="BeltPath_WhenAnyCellIsOccupied_RollsBackEntirePath" fullname="Factory.Tests.MultiLevelStage0BuildTransactionTests.BeltPath_WhenAnyCellIsOccupied_RollsBackEntirePath" methodname="BeltPath_WhenAnyCellIsOccupied_RollsBackEntirePath" classname="Factory.Tests.MultiLevelStage0BuildTransactionTests" runstate="Runnable" seed="1330276398" result="Passed" start-time="2026-08-15 07:17:07Z" end-time="2026-08-15 07:17:07Z" duration="0.053087" asserts="0">
              <properties>
                <property name="retryIteration" value="0" />
                <property name="repeatIteration" value="0" />
              </properties>
            </test-case>
          </test-suite>
          <test-suite type="TestFixture" id="1067" name="MultiLevelStage1AddressTests" fullname="Factory.Tests.MultiLevelStage1AddressTests" classname="Factory.Tests.MultiLevelStage1AddressTests" runstate="Runnable" testcasecount="6" result="Passed" start-time="2026-08-15 07:17:07Z" end-time="2026-08-15 07:17:07Z" duration="0.004195" total="6" passed="6" failed="0" inconclusive="0" skipped="0" asserts="0">
            <properties />
            <test-case id="1071" name="BeltPath_CrossLevelEndpointsAreRejected" fullname="Factory.Tests.MultiLevelStage1AddressTests.BeltPath_CrossLevelEndpointsAreRejected" methodname="BeltPath_CrossLevelEndpointsAreRejected" classname="Factory.Tests.MultiLevelStage1AddressTests" runstate="Runnable" seed="1774832069" result="Passed" start-time="2026-08-15 07:17:07Z" end-time="2026-08-15 07:17:07Z" duration="0.000774" asserts="0">
              <properties>
                <property name="retryIteration" value="0" />
                <property name="repeatIteration" value="0" />
              </properties>
            </test-case>
            <test-case id="1073" name="BuildingRuntimeIds_AreMonotonicAndIndependentOfCell" fullname="Factory.Tests.MultiLevelStage1AddressTests.BuildingRuntimeIds_AreMonotonicAndIndependentOfCell" methodname="BuildingRuntimeIds_AreMonotonicAndIndependentOfCell" classname="Factory.Tests.MultiLevelStage1AddressTests" runstate="Runnable" seed="1306198855" result="Passed" start-time="2026-08-15 07:17:07Z" end-time="2026-08-15 07:17:07Z" duration="0.000204" asserts="0">
              <properties>
                <property name="retryIteration" value="0" />
                <property name="repeatIteration" value="0" />
              </properties>
            </test-case>
            <test-case id="1068" name="GridCell_LevelParticipatesInEqualityAndHashing" fullname="Factory.Tests.MultiLevelStage1AddressTests.GridCell_LevelParticipatesInEqualityAndHashing" methodname="GridCell_LevelParticipatesInEqualityAndHashing" classname="Factory.Tests.MultiLevelStage1AddressTests" runstate="Runnable" seed="1545265342" result="Passed" start-time="2026-08-15 07:17:07Z" end-time="2026-08-15 07:17:07Z" duration="0.000335" asserts="0">
              <properties>
                <property name="retryIteration" value="0" />
                <property name="repeatIteration" value="0" />
              </properties>
            </test-case>
            <test-case id="1070" name="LegacyRectangularGrid_AcceptsOnlyLevelZero" fullname="Factory.Tests.MultiLevelStage1AddressTests.LegacyRectangularGrid_AcceptsOnlyLevelZero" methodname="LegacyRectangularGrid_AcceptsOnlyLevelZero" classname="Factory.Tests.MultiLevelStage1AddressTests" runstate="Runnable" seed="1836992262" result="Passed" start-time="2026-08-15 07:17:07Z" end-time="2026-08-15 07:17:07Z" duration="0.000239" asserts="0">
              <properties>
                <property name="retryIteration" value="0" />
                <property name="repeatIteration" value="0" />
              </properties>
            </test-case>
            <test-case id="1072" name="TransportResolver_DoesNotConnectSameHorizontalCellsAcrossLevels" fullname="Factory.Tests.MultiLevelStage1AddressTests.TransportResolver_DoesNotConnectSameHorizontalCellsAcrossLevels" methodname="TransportResolver_DoesNotConnectSameHorizontalCellsAcrossLevels" classname="Factory.Tests.MultiLevelStage1AddressTests" runstate="Runnable" seed="1101391775" result="Passed" start-time="2026-08-15 07:17:07Z" end-time="2026-08-15 07:17:07Z" duration="0.000957" asserts="0">
              <properties>
                <property name="retryIteration" value="0" />
                <property name="repeatIteration" value="0" />
              </properties>
            </test-case>
            <test-case id="1069" name="WorldGridConfig_ConvertsAllThreeAddressAxes" fullname="Factory.Tests.MultiLevelStage1AddressTests.WorldGridConfig_ConvertsAllThreeAddressAxes" methodname="WorldGridConfig_ConvertsAllThreeAddressAxes" classname="Factory.Tests.MultiLevelStage1AddressTests" runstate="Runnable" seed="1079277103" result="Passed" start-time="2026-08-15 07:17:07Z" end-time="2026-08-15 07:17:07Z" duration="0.000488" asserts="0">
              <properties>
                <property name="retryIteration" value="0" />
                <property name="repeatIteration" value="0" />
              </properties>
            </test-case>
          </test-suite>
          <test-suite type="TestFixture" id="1076" name="MultiLevelStage2Tests" fullname="Factory.Tests.MultiLevelStage2Tests" classname="Factory.Tests.MultiLevelStage2Tests" runstate="Runnable" testcasecount="3" result="Passed" start-time="2026-08-15 07:17:07Z" end-time="2026-08-15 07:17:07Z" duration="0.015986" total="3" passed="3" failed="0" inconclusive="0" skipped="0" asserts="0">
            <properties />
            <test-case id="1077" name="BuildingRevision_DoesNotInvalidateTransportTopology" fullname="Factory.Tests.MultiLevelStage2Tests.BuildingRevision_DoesNotInvalidateTransportTopology" methodname="BuildingRevision_DoesNotInvalidateTransportTopology" classname="Factory.Tests.MultiLevelStage2Tests" runstate="Runnable" seed="1733551482" result="Passed" start-time="2026-08-15 07:17:07Z" end-time="2026-08-15 07:17:07Z" duration="0.003570" asserts="0">
              <properties>
                <property name="retryIteration" value="0" />
                <property name="repeatIteration" value="0" />
              </properties>
            </test-case>
            <test-case id="1079" name="OccupancyRevision_RebuildsAfterExplicitPlacementEdit" fullname="Factory.Tests.MultiLevelStage2Tests.OccupancyRevision_RebuildsAfterExplicitPlacementEdit" methodname="OccupancyRevision_RebuildsAfterExplicitPlacementEdit" classname="Factory.Tests.MultiLevelStage2Tests" runstate="Runnable" seed="420955067" result="Passed" start-time="2026-08-15 07:17:07Z" end-time="2026-08-15 07:17:07Z" duration="0.001448" asserts="0">
              <properties>
                <property name="retryIteration" value="0" />
                <property name="repeatIteration" value="0" />
              </properties>
            </test-case>
            <test-case id="1078" name="PlacementTransform_ChangesOnlyWhenExplicitlyDirty" fullname="Factory.Tests.MultiLevelStage2Tests.PlacementTransform_ChangesOnlyWhenExplicitlyDirty" methodname="PlacementTransform_ChangesOnlyWhenExplicitlyDirty" classname="Factory.Tests.MultiLevelStage2Tests" runstate="Runnable" seed="675609274" result="Passed" start-time="2026-08-15 07:17:07Z" end-time="2026-08-15 07:17:07Z" duration="0.010227" asserts="0">
              <properties>
                <property name="retryIteration" value="0" />
                <property name="repeatIteration" value="0" />
              </properties>
            </test-case>
          </test-suite>
          <test-suite type="TestFixture" id="1080" name="MultiLevelStage35Tests" fullname="Factory.Tests.MultiLevelStage35Tests" classname="Factory.Tests.MultiLevelStage35Tests" runstate="Runnable" testcasecount="6" result="Passed" start-time="2026-08-15 07:17:07Z" end-time="2026-08-15 07:17:07Z" duration="0.031962" total="6" passed="6" failed="0" inconclusive="0" skipped="0" asserts="0">
            <properties />
            <test-case id="1081" name="EmptyMode_DoesNotCreateLegacyRectangle" fullname="Factory.Tests.MultiLevelStage35Tests.EmptyMode_DoesNotCreateLegacyRectangle" methodname="EmptyMode_DoesNotCreateLegacyRectangle" classname="Factory.Tests.MultiLevelStage35Tests" runstate="Runnable" seed="1098594045" result="Passed" start-time="2026-08-15 07:17:07Z" end-time="2026-08-15 07:17:07Z" duration="0.013668" asserts="0">
              <properties>
                <property name="retryIteration" value="0" />
                <property name="repeatIteration" value="0" />
              </properties>
            </test-case>
            <test-case id="1086" name="FormalScene_HasNoLegacyFactoryFloor" fullname="Factory.Tests.MultiLevelStage35Tests.FormalScene_HasNoLegacyFactoryFloor" methodname="FormalScene_HasNoLegacyFactoryFloor" classname="Factory.Tests.MultiLevelStage35Tests" runstate="Runnable" seed="2125617525" result="Passed" start-time="2026-08-15 07:17:07Z" end-time="2026-08-15 07:17:07Z" duration="0.001662" asserts="0">
              <properties>
                <property name="retryIteration" value="0" />
                <property name="repeatIteration" value="0" />
              </properties>
            </test-case>
            <test-case id="1082" name="FoundationArea_FillsInclusiveRectangleAtArbitraryCoordinates" fullname="Factory.Tests.MultiLevelStage35Tests.FoundationArea_FillsInclusiveRectangleAtArbitraryCoordinates" methodname="FoundationArea_FillsInclusiveRectangleAtArbitraryCoordinates" classname="Factory.Tests.MultiLevelStage35Tests" runstate="Runnable" seed="1086864906" result="Passed" start-time="2026-08-15 07:17:07Z" end-time="2026-08-15 07:17:07Z" duration="0.010211" asserts="0">
              <properties>
                <property name="retryIteration" value="0" />
                <property name="repeatIteration" value="0" />
              </properties>
            </test-case>
            <test-case id="1083" name="FoundationArea_OverlapRejectsWholeRectangleAtomically" fullname="Factory.Tests.MultiLevelStage35Tests.FoundationArea_OverlapRejectsWholeRectangleAtomically" methodname="FoundationArea_OverlapRejectsWholeRectangleAtomically" classname="Factory.Tests.MultiLevelStage35Tests" runstate="Runnable" seed="1432005459" result="Passed" start-time="2026-08-15 07:17:07Z" end-time="2026-08-15 07:17:07Z" duration="0.001878" asserts="0">
              <properties>
                <property name="retryIteration" value="0" />
                <property name="repeatIteration" value="0" />
              </properties>
            </test-case>
            <test-case id="1084" name="FoundationArea_RejectsWrongLevelAndOversizedBatch" fullname="Factory.Tests.MultiLevelStage35Tests.FoundationArea_RejectsWrongLevelAndOversizedBatch" methodname="FoundationArea_RejectsWrongLevelAndOversizedBatch" classname="Factory.Tests.MultiLevelStage35Tests" runstate="Runnable" seed="981184547" result="Passed" start-time="2026-08-15 07:17:07Z" end-time="2026-08-15 07:17:07Z" duration="0.001105" asserts="0">
              <properties>
                <property name="retryIteration" value="0" />
                <property name="repeatIteration" value="0" />
              </properties>
            </test-case>
            <test-case id="1085" name="FoundationContent_UsesStableIdsLocalizedNameAndPureVisualPrefab" fullname="Factory.Tests.MultiLevelStage35Tests.FoundationContent_UsesStableIdsLocalizedNameAndPureVisualPrefab" methodname="FoundationContent_UsesStableIdsLocalizedNameAndPureVisualPrefab" classname="Factory.Tests.MultiLevelStage35Tests" runstate="Runnable" seed="92831119" result="Passed" start-time="2026-08-15 07:17:07Z" end-time="2026-08-15 07:17:07Z" duration="0.002349" asserts="0">
              <properties>
                <property name="retryIteration" value="0" />
                <property name="repeatIteration" value="0" />
              </properties>
            </test-case>
          </test-suite>
          <test-suite type="TestFixture" id="1087" name="MultiLevelStage3Tests" fullname="Factory.Tests.MultiLevelStage3Tests" classname="Factory.Tests.MultiLevelStage3Tests" runstate="Runnable" testcasecount="15" result="Passed" start-time="2026-08-15 07:17:07Z" end-time="2026-08-15 07:17:07Z" duration="0.079494" total="15" passed="15" failed="0" inconclusive="0" skipped="0" asserts="0">
            <properties />
            <test-suite type="ParameterizedMethod" id="1092" name="ChunkAddressing_UsesFloorDivisionForNegativeCoordinates" fullname="Factory.Tests.MultiLevelStage3Tests.ChunkAddressing_UsesFloorDivisionForNegativeCoordinates" classname="Factory.Tests.MultiLevelStage3Tests" runstate="Runnable" testcasecount="4" result="Passed" start-time="2026-08-15 07:17:07Z" end-time="2026-08-15 07:17:07Z" duration="0.002538" total="4" passed="4" failed="0" inconclusive="0" skipped="0" asserts="0">
              <properties />
              <test-case id="1088" name="ChunkAddressing_UsesFloorDivisionForNegativeCoordinates(-1,-1,-1,-1,255)" fullname="Factory.Tests.MultiLevelStage3Tests.ChunkAddressing_UsesFloorDivisionForNegativeCoordinates(-1,-1,-1,-1,255)" methodname="ChunkAddressing_UsesFloorDivisionForNegativeCoordinates" classname="Factory.Tests.MultiLevelStage3Tests" runstate="Runnable" seed="1555829041" result="Passed" start-time="2026-08-15 07:17:07Z" end-time="2026-08-15 07:17:07Z" duration="0.001135" asserts="0">
                <properties>
                  <property name="retryIteration" value="0" />
                  <property name="repeatIteration" value="0" />
                </properties>
              </test-case>
              <test-case id="1089" name="ChunkAddressing_UsesFloorDivisionForNegativeCoordinates(-16,-16,-1,-1,0)" fullname="Factory.Tests.MultiLevelStage3Tests.ChunkAddressing_UsesFloorDivisionForNegativeCoordinates(-16,-16,-1,-1,0)" methodname="ChunkAddressing_UsesFloorDivisionForNegativeCoordinates" classname="Factory.Tests.MultiLevelStage3Tests" runstate="Runnable" seed="78313035" result="Passed" start-time="2026-08-15 07:17:07Z" end-time="2026-08-15 07:17:07Z" duration="0.000418" asserts="0">
                <properties>
                  <property name="retryIteration" value="0" />
                  <property name="repeatIteration" value="0" />
                </properties>
              </test-case>
              <test-case id="1090" name="ChunkAddressing_UsesFloorDivisionForNegativeCoordinates(-17,0,-2,0,15)" fullname="Factory.Tests.MultiLevelStage3Tests.ChunkAddressing_UsesFloorDivisionForNegativeCoordinates(-17,0,-2,0,15)" methodname="ChunkAddressing_UsesFloorDivisionForNegativeCoordinates" classname="Factory.Tests.MultiLevelStage3Tests" runstate="Runnable" seed="33958258" result="Passed" start-time="2026-08-15 07:17:07Z" end-time="2026-08-15 07:17:07Z" duration="0.000291" asserts="0">
                <properties>
                  <property name="retryIteration" value="0" />
                  <property name="repeatIteration" value="0" />
                </properties>
              </test-case>
              <test-case id="1091" name="ChunkAddressing_UsesFloorDivisionForNegativeCoordinates(16,16,1,1,0)" fullname="Factory.Tests.MultiLevelStage3Tests.ChunkAddressing_UsesFloorDivisionForNegativeCoordinates(16,16,1,1,0)" methodname="ChunkAddressing_UsesFloorDivisionForNegativeCoordinates" classname="Factory.Tests.MultiLevelStage3Tests" runstate="Runnable" seed="2079202911" result="Passed" start-time="2026-08-15 07:17:07Z" end-time="2026-08-15 07:17:07Z" duration="0.000276" asserts="0">
                <properties>
                  <property name="retryIteration" value="0" />
                  <property name="repeatIteration" value="0" />
                </properties>
              </test-case>
            </test-suite>
            <test-case id="1098" name="CompoundCollider_UsesOneOwnedBlobForGreedyBoxes" fullname="Factory.Tests.MultiLevelStage3Tests.CompoundCollider_UsesOneOwnedBlobForGreedyBoxes" methodname="CompoundCollider_UsesOneOwnedBlobForGreedyBoxes" classname="Factory.Tests.MultiLevelStage3Tests" runstate="Runnable" seed="1757676989" result="Passed" start-time="2026-08-15 07:17:07Z" end-time="2026-08-15 07:17:07Z" duration="0.029335" asserts="0">
              <properties>
                <property name="retryIteration" value="0" />
                <property name="repeatIteration" value="0" />
              </properties>
            </test-case>
            <test-case id="1099" name="FoundationCommands_ExtendAndRemoveThroughUnifiedBuffer" fullname="Factory.Tests.MultiLevelStage3Tests.FoundationCommands_ExtendAndRemoveThroughUnifiedBuffer" methodname="FoundationCommands_ExtendAndRemoveThroughUnifiedBuffer" classname="Factory.Tests.MultiLevelStage3Tests" runstate="Runnable" seed="511947819" result="Passed" start-time="2026-08-15 07:17:07Z" end-time="2026-08-15 07:17:07Z" duration="0.004776" asserts="0">
              <properties>
                <property name="retryIteration" value="0" />
                <property name="repeatIteration" value="0" />
              </properties>
            </test-case>
            <test-case id="1096" name="FoundationFaces_WindingMatchesDeclaredOutwardNormals" fullname="Factory.Tests.MultiLevelStage3Tests.FoundationFaces_WindingMatchesDeclaredOutwardNormals" methodname="FoundationFaces_WindingMatchesDeclaredOutwardNormals" classname="Factory.Tests.MultiLevelStage3Tests" runstate="Runnable" seed="1228688350" result="Passed" start-time="2026-08-15 07:17:07Z" end-time="2026-08-15 07:17:07Z" duration="0.007341" asserts="0">
              <properties>
                <property name="retryIteration" value="0" />
                <property name="repeatIteration" value="0" />
              </properties>
            </test-case>
            <test-case id="1100" name="FoundationQuery_ResolvesTopAndSideHitsToSameOwner" fullname="Factory.Tests.MultiLevelStage3Tests.FoundationQuery_ResolvesTopAndSideHitsToSameOwner" methodname="FoundationQuery_ResolvesTopAndSideHitsToSameOwner" classname="Factory.Tests.MultiLevelStage3Tests" runstate="Runnable" seed="1238308710" result="Passed" start-time="2026-08-15 07:17:07Z" end-time="2026-08-15 07:17:07Z" duration="0.002072" asserts="0">
              <properties>
                <property name="retryIteration" value="0" />
                <property name="repeatIteration" value="0" />
              </properties>
            </test-case>
            <test-case id="1097" name="GreedyBoxes_ExpandXThenZThenLevelDeterministically" fullname="Factory.Tests.MultiLevelStage3Tests.GreedyBoxes_ExpandXThenZThenLevelDeterministically" methodname="GreedyBoxes_ExpandXThenZThenLevelDeterministically" classname="Factory.Tests.MultiLevelStage3Tests" runstate="Runnable" seed="1211826811" result="Passed" start-time="2026-08-15 07:17:07Z" end-time="2026-08-15 07:17:07Z" duration="0.004860" asserts="0">
              <properties>
                <property name="retryIteration" value="0" />
                <property name="repeatIteration" value="0" />
              </properties>
            </test-case>
            <test-case id="1094" name="LegacyRectangle_InitializesSparseRegistryAndStableOwners" fullname="Factory.Tests.MultiLevelStage3Tests.LegacyRectangle_InitializesSparseRegistryAndStableOwners" methodname="LegacyRectangle_InitializesSparseRegistryAndStableOwners" classname="Factory.Tests.MultiLevelStage3Tests" runstate="Runnable" seed="1183715385" result="Passed" start-time="2026-08-15 07:17:07Z" end-time="2026-08-15 07:17:07Z" duration="0.001526" asserts="0">
              <properties>
                <property name="retryIteration" value="0" />
                <property name="repeatIteration" value="0" />
              </properties>
            </test-case>
            <test-case id="1101" name="PhysicsDirtyChunk_BuildsOneStaticCompoundBody" fullname="Factory.Tests.MultiLevelStage3Tests.PhysicsDirtyChunk_BuildsOneStaticCompoundBody" methodname="PhysicsDirtyChunk_BuildsOneStaticCompoundBody" classname="Factory.Tests.MultiLevelStage3Tests" runstate="Runnable" seed="1249382467" result="Passed" start-time="2026-08-15 07:17:07Z" end-time="2026-08-15 07:17:07Z" duration="0.015188" asserts="0">
              <properties>
                <property name="retryIteration" value="0" />
                <property name="repeatIteration" value="0" />
              </properties>
            </test-case>
            <test-case id="1102" name="RemovingFoundation_WithBuildingOnSurfaceIsRejected" fullname="Factory.Tests.MultiLevelStage3Tests.RemovingFoundation_WithBuildingOnSurfaceIsRejected" methodname="RemovingFoundation_WithBuildingOnSurfaceIsRejected" classname="Factory.Tests.MultiLevelStage3Tests" runstate="Runnable" seed="1844263411" result="Passed" start-time="2026-08-15 07:17:07Z" end-time="2026-08-15 07:17:07Z" duration="0.001887" asserts="0">
              <properties>
                <property name="retryIteration" value="0" />
                <property name="repeatIteration" value="0" />
              </properties>
            </test-case>
            <test-case id="1103" name="RepeatedFoundationChurn_KeepsColliderBlobCountBounded" fullname="Factory.Tests.MultiLevelStage3Tests.RepeatedFoundationChurn_KeepsColliderBlobCountBounded" methodname="RepeatedFoundationChurn_KeepsColliderBlobCountBounded" classname="Factory.Tests.MultiLevelStage3Tests" runstate="Runnable" seed="1634913064" result="Passed" start-time="2026-08-15 07:17:07Z" end-time="2026-08-15 07:17:07Z" duration="0.002553" asserts="0">
              <properties>
                <property name="retryIteration" value="0" />
                <property name="repeatIteration" value="0" />
              </properties>
            </test-case>
            <test-case id="1093" name="SurfaceBitmap_StoresAll256Cells" fullname="Factory.Tests.MultiLevelStage3Tests.SurfaceBitmap_StoresAll256Cells" methodname="SurfaceBitmap_StoresAll256Cells" classname="Factory.Tests.MultiLevelStage3Tests" runstate="Runnable" seed="2075656289" result="Passed" start-time="2026-08-15 07:17:07Z" end-time="2026-08-15 07:17:07Z" duration="0.000591" asserts="0">
              <properties>
                <property name="retryIteration" value="0" />
                <property name="repeatIteration" value="0" />
              </properties>
            </test-case>
            <test-case id="1095" name="TwoAdjacentVoxels_CullBothContactFacesAndKeepMaterials" fullname="Factory.Tests.MultiLevelStage3Tests.TwoAdjacentVoxels_CullBothContactFacesAndKeepMaterials" methodname="TwoAdjacentVoxels_CullBothContactFacesAndKeepMaterials" classname="Factory.Tests.MultiLevelStage3Tests" runstate="Runnable" seed="186900863" result="Passed" start-time="2026-08-15 07:17:07Z" end-time="2026-08-15 07:17:07Z" duration="0.004763" asserts="0">
              <properties>
                <property name="retryIteration" value="0" />
                <property name="repeatIteration" value="0" />
              </properties>
            </test-case>
          </test-suite>
          <test-suite type="TestFixture" id="1104" name="PerformanceScenarioLayoutTests" fullname="Factory.Tests.PerformanceScenarioLayoutTests" classname="Factory.Tests.PerformanceScenarioLayoutTests" runstate="Runnable" testcasecount="19" result="Passed" start-time="2026-08-15 07:17:07Z" end-time="2026-08-15 07:17:08Z" duration="0.237877" total="19" passed="19" failed="0" inconclusive="0" skipped="0" asserts="0">
            <properties />
            <test-case id="1110" name="BlockingScenario_AcceptsScaleParameter" fullname="Factory.Tests.PerformanceScenarioLayoutTests.BlockingScenario_AcceptsScaleParameter" methodname="BlockingScenario_AcceptsScaleParameter" classname="Factory.Tests.PerformanceScenarioLayoutTests" runstate="Runnable" seed="1763789305" result="Passed" start-time="2026-08-15 07:17:07Z" end-time="2026-08-15 07:17:07Z" duration="0.005182" asserts="0">
              <properties>
                <property name="retryIteration" value="0" />
                <property name="repeatIteration" value="0" />
              </properties>
            </test-case>
            <test-case id="1109" name="BlockingScenario_Has4096Mk4BeltsThenMk1AndStorage" fullname="Factory.Tests.PerformanceScenarioLayoutTests.BlockingScenario_Has4096Mk4BeltsThenMk1AndStorage" methodname="BlockingScenario_Has4096Mk4BeltsThenMk1AndStorage" classname="Factory.Tests.PerformanceScenarioLayoutTests" runstate="Runnable" seed="391323668" result="Passed" start-time="2026-08-15 07:17:07Z" end-time="2026-08-15 07:17:07Z" duration="0.016471" asserts="0">
              <properties>
                <property name="retryIteration" value="0" />
                <property name="repeatIteration" value="0" />
              </properties>
            </test-case>
            <test-case id="1124" name="ContinuousBeltBuildScenario_AcceptsScaleParameter" fullname="Factory.Tests.PerformanceScenarioLayoutTests.ContinuousBeltBuildScenario_AcceptsScaleParameter" methodname="ContinuousBeltBuildScenario_AcceptsScaleParameter" classname="Factory.Tests.PerformanceScenarioLayoutTests" runstate="Runnable" seed="288804985" result="Passed" start-time="2026-08-15 07:17:07Z" end-time="2026-08-15 07:17:07Z" duration="0.000706" asserts="0">
              <properties>
                <property name="retryIteration" value="0" />
                <property name="repeatIteration" value="0" />
              </properties>
            </test-case>
            <test-case id="1123" name="ContinuousBeltBuildScenario_UsesScaleForCountAndLength" fullname="Factory.Tests.PerformanceScenarioLayoutTests.ContinuousBeltBuildScenario_UsesScaleForCountAndLength" methodname="ContinuousBeltBuildScenario_UsesScaleForCountAndLength" classname="Factory.Tests.PerformanceScenarioLayoutTests" runstate="Runnable" seed="124818313" result="Passed" start-time="2026-08-15 07:17:07Z" end-time="2026-08-15 07:17:07Z" duration="0.000389" asserts="0">
              <properties>
                <property name="retryIteration" value="0" />
                <property name="repeatIteration" value="0" />
              </properties>
            </test-case>
            <test-case id="1107" name="F16Scenario_HasSixteenCompact256CellBranches" fullname="Factory.Tests.PerformanceScenarioLayoutTests.F16Scenario_HasSixteenCompact256CellBranches" methodname="F16Scenario_HasSixteenCompact256CellBranches" classname="Factory.Tests.PerformanceScenarioLayoutTests" runstate="Runnable" seed="1939206504" result="Passed" start-time="2026-08-15 07:17:07Z" end-time="2026-08-15 07:17:07Z" duration="0.019507" asserts="0">
              <properties>
                <property name="retryIteration" value="0" />
                <property name="repeatIteration" value="0" />
              </properties>
            </test-case>
            <test-case id="1108" name="F16Scenario_IgnoresScaleParameter" fullname="Factory.Tests.PerformanceScenarioLayoutTests.F16Scenario_IgnoresScaleParameter" methodname="F16Scenario_IgnoresScaleParameter" classname="Factory.Tests.PerformanceScenarioLayoutTests" runstate="Runnable" seed="673982555" result="Passed" start-time="2026-08-15 07:17:07Z" end-time="2026-08-15 07:17:07Z" duration="0.031891" asserts="0">
              <properties>
                <property name="retryIteration" value="0" />
                <property name="repeatIteration" value="0" />
              </properties>
            </test-case>
            <test-case id="1119" name="FullLoopScenario_AcceptsScaleAboveLegacyLimit" fullname="Factory.Tests.PerformanceScenarioLayoutTests.FullLoopScenario_AcceptsScaleAboveLegacyLimit" methodname="FullLoopScenario_AcceptsScaleAboveLegacyLimit" classname="Factory.Tests.PerformanceScenarioLayoutTests" runstate="Runnable" seed="1396750068" result="Passed" start-time="2026-08-15 07:17:07Z" end-time="2026-08-15 07:17:08Z" duration="0.089963" asserts="0">
              <properties>
                <property name="retryIteration" value="0" />
                <property name="repeatIteration" value="0" />
              </properties>
            </test-case>
            <test-case id="1118" name="FullLoopScenario_AcceptsScaleParameter" fullname="Factory.Tests.PerformanceScenarioLayoutTests.FullLoopScenario_AcceptsScaleParameter" methodname="FullLoopScenario_AcceptsScaleParameter" classname="Factory.Tests.PerformanceScenarioLayoutTests" runstate="Runnable" seed="512203284" result="Passed" start-time="2026-08-15 07:17:08Z" end-time="2026-08-15 07:17:08Z" duration="0.001119" asserts="0">
              <properties>
                <property name="retryIteration" value="0" />
                <property name="repeatIteration" value="0" />
              </properties>
            </test-case>
            <test-case id="1117" name="FullLoopScenario_IsClosedAndContains4096LoadedBelts" fullname="Factory.Tests.PerformanceScenarioLayoutTests.FullLoopScenario_IsClosedAndContains4096LoadedBelts" methodname="FullLoopScenario_IsClosedAndContains4096LoadedBelts" classname="Factory.Tests.PerformanceScenarioLayoutTests" runstate="Runnable" seed="1381572515" result="Passed" start-time="2026-08-15 07:17:08Z" end-time="2026-08-15 07:17:08Z" duration="0.005134" asserts="0">
              <properties>
                <property name="retryIteration" value="0" />
                <property name="repeatIteration" value="0" />
              </properties>
            </test-case>
            <test-case id="1106" name="HalfLoadedScenario_AcceptsScaleParameter" fullname="Factory.Tests.PerformanceScenarioLayoutTests.HalfLoadedScenario_AcceptsScaleParameter" methodname="HalfLoadedScenario_AcceptsScaleParameter" classname="Factory.Tests.PerformanceScenarioLayoutTests" runstate="Runnable" seed="1905408837" result="Passed" start-time="2026-08-15 07:17:08Z" end-time="2026-08-15 07:17:08Z" duration="0.001015" asserts="0">
              <properties>
                <property name="retryIteration" value="0" />
                <property name="repeatIteration" value="0" />
              </properties>
            </test-case>
            <test-case id="1105" name="HalfLoadedScenario_UsesMinimal64By64Grid" fullname="Factory.Tests.PerformanceScenarioLayoutTests.HalfLoadedScenario_UsesMinimal64By64Grid" methodname="HalfLoadedScenario_UsesMinimal64By64Grid" classname="Factory.Tests.PerformanceScenarioLayoutTests" runstate="Runnable" seed="2009751411" result="Passed" start-time="2026-08-15 07:17:08Z" end-time="2026-08-15 07:17:08Z" duration="0.015943" asserts="0">
              <properties>
                <property name="retryIteration" value="0" />
                <property name="repeatIteration" value="0" />
              </properties>
            </test-case>
            <test-case id="1116" name="MixedJunctionScenario_AcceptsScaleParameter" fullname="Factory.Tests.PerformanceScenarioLayoutTests.MixedJunctionScenario_AcceptsScaleParameter" methodname="MixedJunctionScenario_AcceptsScaleParameter" classname="Factory.Tests.PerformanceScenarioLayoutTests" runstate="Runnable" seed="540718062" result="Passed" start-time="2026-08-15 07:17:08Z" end-time="2026-08-15 07:17:08Z" duration="0.003143" asserts="0">
              <properties>
                <property name="retryIteration" value="0" />
                <property name="repeatIteration" value="0" />
              </properties>
            </test-case>
            <test-case id="1115" name="MixedJunctionScenario_Has512NodesAndTenPercentJunctions" fullname="Factory.Tests.PerformanceScenarioLayoutTests.MixedJunctionScenario_Has512NodesAndTenPercentJunctions" methodname="MixedJunctionScenario_Has512NodesAndTenPercentJunctions" classname="Factory.Tests.PerformanceScenarioLayoutTests" runstate="Runnable" seed="1389599788" result="Passed" start-time="2026-08-15 07:17:08Z" end-time="2026-08-15 07:17:08Z" duration="0.003083" asserts="0">
              <properties>
                <property name="retryIteration" value="0" />
                <property name="repeatIteration" value="0" />
              </properties>
            </test-case>
            <test-case id="1122" name="ProducerConsumerScenario_AcceptsScaleAboveLegacyLimit" fullname="Factory.Tests.PerformanceScenarioLayoutTests.ProducerConsumerScenario_AcceptsScaleAboveLegacyLimit" methodname="ProducerConsumerScenario_AcceptsScaleAboveLegacyLimit" classname="Factory.Tests.PerformanceScenarioLayoutTests" runstate="Runnable" seed="913134786" result="Passed" start-time="2026-08-15 07:17:08Z" end-time="2026-08-15 07:17:08Z" duration="0.022984" asserts="0">
              <properties>
                <property name="retryIteration" value="0" />
                <property name="repeatIteration" value="0" />
              </properties>
            </test-case>
            <test-case id="1121" name="ProducerConsumerScenario_AcceptsScaleParameter" fullname="Factory.Tests.PerformanceScenarioLayoutTests.ProducerConsumerScenario_AcceptsScaleParameter" methodname="ProducerConsumerScenario_AcceptsScaleParameter" classname="Factory.Tests.PerformanceScenarioLayoutTests" runstate="Runnable" seed="595562915" result="Passed" start-time="2026-08-15 07:17:08Z" end-time="2026-08-15 07:17:08Z" duration="0.000751" asserts="0">
              <properties>
                <property name="retryIteration" value="0" />
                <property name="repeatIteration" value="0" />
              </properties>
            </test-case>
            <test-case id="1120" name="ProducerConsumerScenario_Has64CompleteLanes" fullname="Factory.Tests.PerformanceScenarioLayoutTests.ProducerConsumerScenario_Has64CompleteLanes" methodname="ProducerConsumerScenario_Has64CompleteLanes" classname="Factory.Tests.PerformanceScenarioLayoutTests" runstate="Runnable" seed="1919864284" result="Passed" start-time="2026-08-15 07:17:08Z" end-time="2026-08-15 07:17:08Z" duration="0.014363" asserts="0">
              <properties>
                <property name="retryIteration" value="0" />
                <property name="repeatIteration" value="0" />
              </properties>
            </test-case>
            <test-suite type="ParameterizedMethod" id="1114" name="ScalableStraight_UsesRequestedLoad" fullname="Factory.Tests.PerformanceScenarioLayoutTests.ScalableStraight_UsesRequestedLoad" classname="Factory.Tests.PerformanceScenarioLayoutTests" runstate="Runnable" testcasecount="3" result="Passed" start-time="2026-08-15 07:17:08Z" end-time="2026-08-15 07:17:08Z" duration="0.003493" total="3" passed="3" failed="0" inconclusive="0" skipped="0" asserts="0">
              <properties />
              <test-case id="1111" name="ScalableStraight_UsesRequestedLoad(0,0)" fullname="Factory.Tests.PerformanceScenarioLayoutTests.ScalableStraight_UsesRequestedLoad(0,0)" methodname="ScalableStraight_UsesRequestedLoad" classname="Factory.Tests.PerformanceScenarioLayoutTests" runstate="Runnable" seed="1452746173" result="Passed" start-time="2026-08-15 07:17:08Z" end-time="2026-08-15 07:17:08Z" duration="0.001539" asserts="0">
                <properties>
[...]
              <properties>
                <property name="retryIteration" value="0" />
                <property name="repeatIteration" value="0" />
              </properties>
            </test-case>
          </test-suite>
          <test-suite type="TestFixture" id="1134" name="Phase2UiInfrastructureTests" fullname="Factory.Tests.Phase2UiInfrastructureTests" classname="Factory.Tests.Phase2UiInfrastructureTests" runstate="Runnable" testcasecount="5" result="Passed" start-time="2026-08-15 07:17:08Z" end-time="2026-08-15 07:17:08Z" duration="0.458599" total="5" passed="5" failed="0" inconclusive="0" skipped="0" asserts="0">
            <properties />
            <test-case id="1136" name="ClosingWindow_DisposesItsDataObservation" fullname="Factory.Tests.Phase2UiInfrastructureTests.ClosingWindow_DisposesItsDataObservation" methodname="ClosingWindow_DisposesItsDataObservation" classname="Factory.Tests.Phase2UiInfrastructureTests" runstate="Runnable" seed="1221130640" result="Passed" start-time="2026-08-15 07:17:08Z" end-time="2026-08-15 07:17:08Z" duration="0.031918" asserts="0">
              <properties>
                <property name="retryIteration" value="0" />
                <property name="repeatIteration" value="0" />
              </properties>
            </test-case>
            <test-case id="1139" name="EcsScene_HasExactlyOneConfiguredGameUiRoot" fullname="Factory.Tests.Phase2UiInfrastructureTests.EcsScene_HasExactlyOneConfiguredGameUiRoot" methodname="EcsScene_HasExactlyOneConfiguredGameUiRoot" classname="Factory.Tests.Phase2UiInfrastructureTests" runstate="Runnable" seed="2087384232" result="Passed" start-time="2026-08-15 07:17:08Z" end-time="2026-08-15 07:17:08Z" duration="0.408646" asserts="0">
              <properties>
                <property name="retryIteration" value="0" />
                <property name="repeatIteration" value="0" />
              </properties>
            </test-case>
            <test-case id="1137" name="ExportSystem_ReadsInventoryOnlyWhileObservedAndRevisionChanged" fullname="Factory.Tests.Phase2UiInfrastructureTests.ExportSystem_ReadsInventoryOnlyWhileObservedAndRevisionChanged" methodname="ExportSystem_ReadsInventoryOnlyWhileObservedAndRevisionChanged" classname="Factory.Tests.Phase2UiInfrastructureTests" runstate="Runnable" seed="1756742842" result="Passed" start-time="2026-08-15 07:17:08Z" end-time="2026-08-15 07:17:08Z" duration="0.011481" asserts="0">
              <properties>
                <property name="retryIteration" value="0" />
                <property name="repeatIteration" value="0" />
              </properties>
            </test-case>
            <test-case id="1138" name="MultipleSubscribers_ShareOneObservationUntilLastDispose" fullname="Factory.Tests.Phase2UiInfrastructureTests.MultipleSubscribers_ShareOneObservationUntilLastDispose" methodname="MultipleSubscribers_ShareOneObservationUntilLastDispose" classname="Factory.Tests.Phase2UiInfrastructureTests" runstate="Runnable" seed="895809827" result="Passed" start-time="2026-08-15 07:17:08Z" end-time="2026-08-15 07:17:08Z" duration="0.003550" asserts="0">
              <properties>
                <property name="retryIteration" value="0" />
                <property name="repeatIteration" value="0" />
              </properties>
            </test-case>
            <test-case id="1135" name="WindowManager_KeepsLeftAndRightWindowsOpenTogether" fullname="Factory.Tests.Phase2UiInfrastructureTests.WindowManager_KeepsLeftAndRightWindowsOpenTogether" methodname="WindowManager_KeepsLeftAndRightWindowsOpenTogether" classname="Factory.Tests.Phase2UiInfrastructureTests" runstate="Runnable" seed="934018584" result="Passed" start-time="2026-08-15 07:17:08Z" end-time="2026-08-15 07:17:08Z" duration="0.001881" asserts="0">
              <properties>
                <property name="retryIteration" value="0" />
                <property name="repeatIteration" value="0" />
              </properties>
            </test-case>
          </test-suite>
          <test-suite type="TestFixture" id="1140" name="Phase3UiContentTests" fullname="Factory.Tests.Phase3UiContentTests" classname="Factory.Tests.Phase3UiContentTests" runstate="Runnable" testcasecount="8" result="Passed" start-time="2026-08-15 07:17:08Z" end-time="2026-08-15 07:17:09Z" duration="0.680187" total="8" passed="8" failed="0" inconclusive="0" skipped="0" asserts="0">
            <properties />
            <test-case id="1147" name="BuildCatalog_ClickingSelectedBuildingConfirmsSelection" fullname="Factory.Tests.Phase3UiContentTests.BuildCatalog_ClickingSelectedBuildingConfirmsSelection" methodname="BuildCatalog_ClickingSelectedBuildingConfirmsSelection" classname="Factory.Tests.Phase3UiContentTests" runstate="Runnable" seed="1341940410" result="Passed" start-time="2026-08-15 07:17:09Z" end-time="2026-08-15 07:17:09Z" duration="0.009021" asserts="0">
              <properties>
                <property name="retryIteration" value="0" />
                <property name="repeatIteration" value="0" />
              </properties>
            </test-case>
            <test-case id="1145" name="BuildingWindow_ChangeRecipeButtonIsTopmostAndPickerSurvivesRefresh" fullname="Factory.Tests.Phase3UiContentTests.BuildingWindow_ChangeRecipeButtonIsTopmostAndPickerSurvivesRefresh" methodname="BuildingWindow_ChangeRecipeButtonIsTopmostAndPickerSurvivesRefresh" classname="Factory.Tests.Phase3UiContentTests" runstate="Runnable" seed="706480498" result="Passed" start-time="2026-08-15 07:17:09Z" end-time="2026-08-15 07:17:09Z" duration="0.004172" asserts="0">
              <properties>
                <property name="retryIteration" value="0" />
                <property name="repeatIteration" value="0" />
              </properties>
            </test-case>
            <test-case id="1144" name="BuildingWindow_RebindsPooledRecipeCardsWhenRecipesChange" fullname="Factory.Tests.Phase3UiContentTests.BuildingWindow_RebindsPooledRecipeCardsWhenRecipesChange" methodname="BuildingWindow_RebindsPooledRecipeCardsWhenRecipesChange" classname="Factory.Tests.Phase3UiContentTests" runstate="Runnable" seed="1706777590" result="Passed" start-time="2026-08-15 07:17:09Z" end-time="2026-08-15 07:17:09Z" duration="0.000902" asserts="0">
              <properties>
                <property name="retryIteration" value="0" />
                <property name="repeatIteration" value="0" />
              </properties>
            </test-case>
            <test-case id="1143" name="BuildingWindow_ReusesRecipeCardsAcrossSnapshotRefreshes" fullname="Factory.Tests.Phase3UiContentTests.BuildingWindow_ReusesRecipeCardsAcrossSnapshotRefreshes" methodname="BuildingWindow_ReusesRecipeCardsAcrossSnapshotRefreshes" classname="Factory.Tests.Phase3UiContentTests" runstate="Runnable" seed="1637860332" result="Passed" start-time="2026-08-15 07:17:09Z" end-time="2026-08-15 07:17:09Z" duration="0.000665" asserts="0">
              <properties>
                <property name="retryIteration" value="0" />
                <property name="repeatIteration" value="0" />
              </properties>
            </test-case>
            <test-case id="1146" name="BuildingWindow_SwitchingBuildingsResetsRecipePickerState" fullname="Factory.Tests.Phase3UiContentTests.BuildingWindow_SwitchingBuildingsResetsRecipePickerState" methodname="BuildingWindow_SwitchingBuildingsResetsRecipePickerState" classname="Factory.Tests.Phase3UiContentTests" runstate="Runnable" seed="198765051" result="Passed" start-time="2026-08-15 07:17:09Z" end-time="2026-08-15 07:17:09Z" duration="0.000625" asserts="0">
              <properties>
                <property name="retryIteration" value="0" />
                <property name="repeatIteration" value="0" />
              </properties>
            </test-case>
            <test-case id="1148" name="BuildShortcutBar_RendersNineSlotsAndHighlightsActiveBuilding" fullname="Factory.Tests.Phase3UiContentTests.BuildShortcutBar_RendersNineSlotsAndHighlightsActiveBuilding" methodname="BuildShortcutBar_RendersNineSlotsAndHighlightsActiveBuilding" classname="Factory.Tests.Phase3UiContentTests" runstate="Runnable" seed="2073103337" result="Passed" start-time="2026-08-15 07:17:09Z" end-time="2026-08-15 07:17:09Z" duration="0.001952" asserts="0">
              <properties>
                <property name="retryIteration" value="0" />
                <property name="repeatIteration" value="0" />
              </properties>
            </test-case>
            <test-case id="1141" name="ItemGrid_RendersSnapshotWithoutAccessingEcs" fullname="Factory.Tests.Phase3UiContentTests.ItemGrid_RendersSnapshotWithoutAccessingEcs" methodname="ItemGrid_RendersSnapshotWithoutAccessingEcs" classname="Factory.Tests.Phase3UiContentTests" runstate="Runnable" seed="1022955125" result="Passed" start-time="2026-08-15 07:17:09Z" end-time="2026-08-15 07:17:09Z" duration="0.000877" asserts="0">
              <properties>
                <property name="retryIteration" value="0" />
                <property name="repeatIteration" value="0" />
              </properties>
            </test-case>
            <test-case id="1142" name="ItemGrid_ReusesSlotElementsWhenRevisionContentChanges" fullname="Factory.Tests.Phase3UiContentTests.ItemGrid_ReusesSlotElementsWhenRevisionContentChanges" methodname="ItemGrid_ReusesSlotElementsWhenRevisionContentChanges" classname="Factory.Tests.Phase3UiContentTests" runstate="Runnable" seed="2019840781" result="Passed" start-time="2026-08-15 07:17:09Z" end-time="2026-08-15 07:17:09Z" duration="0.000378" asserts="0">
              <properties>
                <property name="retryIteration" value="0" />
                <property name="repeatIteration" value="0" />
              </properties>
            </test-case>
          </test-suite>
          <test-suite type="TestFixture" id="1149" name="Phase4UiCommandTests" fullname="Factory.Tests.Phase4UiCommandTests" classname="Factory.Tests.Phase4UiCommandTests" runstate="Runnable" testcasecount="4" result="Passed" start-time="2026-08-15 07:17:09Z" end-time="2026-08-15 07:17:09Z" duration="0.022479" total="4" passed="4" failed="0" inconclusive="0" skipped="0" asserts="0">
            <properties />
            <test-case id="1150" name="Bus_AssignsMonotonicHeaders_AndIngressIsolatesPlayers" fullname="Factory.Tests.Phase4UiCommandTests.Bus_AssignsMonotonicHeaders_AndIngressIsolatesPlayers" methodname="Bus_AssignsMonotonicHeaders_AndIngressIsolatesPlayers" classname="Factory.Tests.Phase4UiCommandTests" runstate="Runnable" seed="950994520" result="Passed" start-time="2026-08-15 07:17:09Z" end-time="2026-08-15 07:17:09Z" duration="0.011360" asserts="0">
              <properties>
                <property name="retryIteration" value="0" />
                <property name="repeatIteration" value="0" />
              </properties>
            </test-case>
            <test-case id="1153" name="DragPrediction_RejectsOutputAndWrongRecipeInput" fullname="Factory.Tests.Phase4UiCommandTests.DragPrediction_RejectsOutputAndWrongRecipeInput" methodname="DragPrediction_RejectsOutputAndWrongRecipeInput" classname="Factory.Tests.Phase4UiCommandTests" runstate="Runnable" seed="1205636038" result="Passed" start-time="2026-08-15 07:17:09Z" end-time="2026-08-15 07:17:09Z" duration="0.001051" asserts="0">
              <properties>
                <property name="retryIteration" value="0" />
                <property name="repeatIteration" value="0" />
              </properties>
            </test-case>
            <test-case id="1152" name="Ingress_RejectsDuplicateSequence_AndReturnsOnlyToOwningPlayer" fullname="Factory.Tests.Phase4UiCommandTests.Ingress_RejectsDuplicateSequence_AndReturnsOnlyToOwningPlayer" methodname="Ingress_RejectsDuplicateSequence_AndReturnsOnlyToOwningPlayer" classname="Factory.Tests.Phase4UiCommandTests" runstate="Runnable" seed="1319709687" result="Passed" start-time="2026-08-15 07:17:09Z" end-time="2026-08-15 07:17:09Z" duration="0.002038" asserts="0">
              <properties>
                <property name="retryIteration" value="0" />
                <property name="repeatIteration" value="0" />
              </properties>
            </test-case>
            <test-case id="1151" name="RuntimeServices_SharesSequenceAcrossUiAndBuildEntryPoints" fullname="Factory.Tests.Phase4UiCommandTests.RuntimeServices_SharesSequenceAcrossUiAndBuildEntryPoints" methodname="RuntimeServices_SharesSequenceAcrossUiAndBuildEntryPoints" classname="Factory.Tests.Phase4UiCommandTests" runstate="Runnable" seed="1073247747" result="Passed" start-time="2026-08-15 07:17:09Z" end-time="2026-08-15 07:17:09Z" duration="0.003726" asserts="0">
              <properties>
                <property name="retryIteration" value="0" />
                <property name="repeatIteration" value="0" />
              </properties>
            </test-case>
          </test-suite>
          <test-suite type="TestFixture" id="1154" name="Phase5OptimizationTests" fullname="Factory.Tests.Phase5OptimizationTests" classname="Factory.Tests.Phase5OptimizationTests" runstate="Runnable" testcasecount="9" result="Passed" start-time="2026-08-15 07:17:09Z" end-time="2026-08-15 07:17:09Z" duration="0.051916" total="9" passed="9" failed="0" inconclusive="0" skipped="0" asserts="0">
            <properties />
            <test-case id="1159" name="BeltTopologyRefresh_KeepsConnectedEdgeHidden" fullname="Factory.Tests.Phase5OptimizationTests.BeltTopologyRefresh_KeepsConnectedEdgeHidden" methodname="BeltTopologyRefresh_KeepsConnectedEdgeHidden" classname="Factory.Tests.Phase5OptimizationTests" runstate="Runnable" seed="776811251" result="Passed" start-time="2026-08-15 07:17:09Z" end-time="2026-08-15 07:17:09Z" duration="0.016285" asserts="0">
              <properties>
                <property name="retryIteration" value="0" />
                <property name="repeatIteration" value="0" />
              </properties>
            </test-case>
            <test-case id="1158" name="BeltVisualDirtyBuffer_IsClearedAfterLocalRefresh" fullname="Factory.Tests.Phase5OptimizationTests.BeltVisualDirtyBuffer_IsClearedAfterLocalRefresh" methodname="BeltVisualDirtyBuffer_IsClearedAfterLocalRefresh" classname="Factory.Tests.Phase5OptimizationTests" runstate="Runnable" seed="731081549" result="Passed" start-time="2026-08-15 07:17:09Z" end-time="2026-08-15 07:17:09Z" duration="0.001188" asserts="0">
              <properties>
                <property name="retryIteration" value="0" />
                <property name="repeatIteration" value="0" />
              </properties>
            </test-case>
            <test-case id="1156" name="BuildingInput_ReservedCountPersistsInPortSnapshot" fullname="Factory.Tests.Phase5OptimizationTests.BuildingInput_ReservedCountPersistsInPortSnapshot" methodname="BuildingInput_ReservedCountPersistsInPortSnapshot" classname="Factory.Tests.Phase5OptimizationTests" runstate="Runnable" seed="259389286" result="Passed" start-time="2026-08-15 07:17:09Z" end-time="2026-08-15 07:17:09Z" duration="0.002032" asserts="0">
              <properties>
                <property name="retryIteration" value="0" />
                <property name="repeatIteration" value="0" />
              </properties>
            </test-case>
            <test-case id="1157" name="PendingOccupancyAdd_IsAppliedIncrementally" fullname="Factory.Tests.Phase5OptimizationTests.PendingOccupancyAdd_IsAppliedIncrementally" methodname="PendingOccupancyAdd_IsAppliedIncrementally" classname="Factory.Tests.Phase5OptimizationTests" runstate="Runnable" seed="1150402138" result="Passed" start-time="2026-08-15 07:17:09Z" end-time="2026-08-15 07:17:09Z" duration="0.002174" asserts="0">
              <properties>
                <property name="retryIteration" value="0" />
                <property name="repeatIteration" value="0" />
              </properties>
            </test-case>
            <test-case id="1155" name="PortBufferSwap_TogglesGenerationWithoutCopyingBuffers" fullname="Factory.Tests.Phase5OptimizationTests.PortBufferSwap_TogglesGenerationWithoutCopyingBuffers" methodname="PortBufferSwap_TogglesGenerationWithoutCopyingBuffers" classname="Factory.Tests.Phase5OptimizationTests" runstate="Runnable" seed="640291193" result="Passed" start-time="2026-08-15 07:17:09Z" end-time="2026-08-15 07:17:09Z" duration="0.007723" asserts="0">
              <properties>
                <property name="retryIteration" value="0" />
                <property name="repeatIteration" value="0" />
              </properties>
            </test-case>
            <test-case id="1160" name="RemovingBelt_ReturnsItemToPoolAndHidesRendering" fullname="Factory.Tests.Phase5OptimizationTests.RemovingBelt_ReturnsItemToPoolAndHidesRendering" methodname="RemovingBelt_ReturnsItemToPoolAndHidesRendering" classname="Factory.Tests.Phase5OptimizationTests" runstate="Runnable" seed="1770822051" result="Passed" start-time="2026-08-15 07:17:09Z" end-time="2026-08-15 07:17:09Z" duration="0.008117" asserts="0">
              <properties>
                <property name="retryIteration" value="0" />
                <property name="repeatIteration" value="0" />
              </properties>
            </test-case>
            <test-case id="1161" name="RemovingBeltLine_ReturnsEveryCarriedItemToInitiatingPlayer" fullname="Factory.Tests.Phase5OptimizationTests.RemovingBeltLine_ReturnsEveryCarriedItemToInitiatingPlayer" methodname="RemovingBeltLine_ReturnsEveryCarriedItemToInitiatingPlayer" classname="Factory.Tests.Phase5OptimizationTests" runstate="Runnable" seed="1337703089" result="Passed" start-time="2026-08-15 07:17:09Z" end-time="2026-08-15 07:17:09Z" duration="0.003804" asserts="0">
              <properties>
                <property name="retryIteration" value="0" />
                <property name="repeatIteration" value="0" />
              </properties>
            </test-case>
            <test-case id="1162" name="RemovingStorage_ReturnsStoredItemsToInitiatingPlayer" fullname="Factory.Tests.Phase5OptimizationTests.RemovingStorage_ReturnsStoredItemsToInitiatingPlayer" methodname="RemovingStorage_ReturnsStoredItemsToInitiatingPlayer" classname="Factory.Tests.Phase5OptimizationTests" runstate="Runnable" seed="762663377" result="Passed" start-time="2026-08-15 07:17:09Z" end-time="2026-08-15 07:17:09Z" duration="0.002492" asserts="0">
              <properties>
                <property name="retryIteration" value="0" />
                <property name="repeatIteration" value="0" />
              </properties>
            </test-case>
            <test-case id="1163" name="StorageAdapter_GenerationOneWritesCurrentBuffersWithoutSafetyError" fullname="Factory.Tests.Phase5OptimizationTests.StorageAdapter_GenerationOneWritesCurrentBuffersWithoutSafetyError" methodname="StorageAdapter_GenerationOneWritesCurrentBuffersWithoutSafetyError" classname="Factory.Tests.Phase5OptimizationTests" runstate="Runnable" seed="367978214" result="Passed" start-time="2026-08-15 07:17:09Z" end-time="2026-08-15 07:17:09Z" duration="0.005533" asserts="0">
              <properties>
                <property name="retryIteration" value="0" />
                <property name="repeatIteration" value="0" />
              </properties>
              <output><![CDATA[<b><color=#2EA3FF>MCP-FOR-UNITY</color></b>: [TestRunnerNoThrottle] Restored Interaction Mode after test run.
Saving results to: C:/Users/Xiao_Chen/AppData/LocalLow/DefaultCompany/Factory-with-DOTS\TestResults.xml
]]></output>
            </test-case>
          </test-suite>
        </test-suite>
      </test-suite>
    </test-suite>
  </test-suite>
</test-run>