<?xml version="1.0" encoding="utf-8"?>
<test-run id="2" testcasecount="9" result="Passed" total="9" passed="9" failed="0" inconclusive="0" skipped="0" asserts="0" engine-version="3.5.0.0" clr-version="4.0.30319.42000" start-time="2026-08-15 05:56:13Z" end-time="2026-08-15 05:56:20Z" duration="7.443527">
  <test-suite type="TestSuite" id="1017" name="Factory-with-DOTS" fullname="Factory-with-DOTS" runstate="Runnable" testcasecount="9" result="Passed" start-time="2026-08-15 05:56:13Z" end-time="2026-08-15 05:56:20Z" duration="7.443527" total="9" passed="9" failed="0" inconclusive="0" skipped="0" asserts="0">
    <properties>
      <property name="platform" value="PlayMode" />
    </properties>
    <test-suite type="Assembly" id="1011" name="Factory.PlayModeTests.dll" fullname="D:/UnityProject/Factory-with-DOTS/Library/ScriptAssemblies/Factory.PlayModeTests.dll" runstate="Runnable" testcasecount="9" result="Passed" start-time="2026-08-15 05:56:13Z" end-time="2026-08-15 05:56:20Z" duration="7.437843" total="9" passed="9" failed="0" inconclusive="0" skipped="0" asserts="0">
      <properties>
        <property name="_PID" value="30596" />
        <property name="_APPDOMAIN" value="Unity Child Domain" />
        <property name="platform" value="PlayMode" />
        <property name="EditorOnly" value="False" />
      </properties>
      <test-suite type="TestSuite" id="1012" name="Factory" fullname="Factory" runstate="Runnable" testcasecount="9" result="Passed" start-time="2026-08-15 05:56:13Z" end-time="2026-08-15 05:56:20Z" duration="7.436996" total="9" passed="9" failed="0" inconclusive="0" skipped="0" asserts="0">
        <properties />
        <test-suite type="TestSuite" id="1013" name="Tests" fullname="Factory.Tests" runstate="Runnable" testcasecount="9" result="Passed" start-time="2026-08-15 05:56:13Z" end-time="2026-08-15 05:56:20Z" duration="7.436593" total="9" passed="9" failed="0" inconclusive="0" skipped="0" asserts="0">
          <properties />
          <test-suite type="TestFixture" id="1001" name="Phase2UiPlayModeTests" fullname="Factory.Tests.Phase2UiPlayModeTests" classname="Factory.Tests.Phase2UiPlayModeTests" runstate="Runnable" testcasecount="9" result="Passed" start-time="2026-08-15 05:56:13Z" end-time="2026-08-15 05:56:20Z" duration="7.435249" total="9" passed="9" failed="0" inconclusive="0" skipped="0" asserts="0">
            <properties />
            <test-case id="1005" name="DemolitionMode_TogglesHintAndKeepsOtherModesClosed" fullname="Factory.Tests.Phase2UiPlayModeTests.DemolitionMode_TogglesHintAndKeepsOtherModesClosed" methodname="DemolitionMode_TogglesHintAndKeepsOtherModesClosed" classname="Factory.Tests.Phase2UiPlayModeTests" runstate="Runnable" seed="2119112096" result="Passed" start-time="2026-08-15 05:56:13Z" end-time="2026-08-15 05:56:19Z" duration="6.011988" asserts="0">
              <properties>
                <property name="_JOINTYPE" value="UnityCombinatorial" />
                <property name="retryIteration" value="0" />
                <property name="repeatIteration" value="0" />
              </properties>
            </test-case>
            <test-case id="1002" name="EcsScene_GameUiRootInitializesAndTogglesEmptyWindows" fullname="Factory.Tests.Phase2UiPlayModeTests.EcsScene_GameUiRootInitializesAndTogglesEmptyWindows" methodname="EcsScene_GameUiRootInitializesAndTogglesEmptyWindows" classname="Factory.Tests.Phase2UiPlayModeTests" runstate="Runnable" seed="710819499" result="Passed" start-time="2026-08-15 05:56:19Z" end-time="2026-08-15 05:56:19Z" duration="0.210073" asserts="0">
              <properties>
                <property name="_JOINTYPE" value="UnityCombinatorial" />
                <property name="retryIteration" value="0" />
                <property name="repeatIteration" value="0" />
              </properties>
            </test-case>
            <test-case id="1004" name="Phase3_EscapeClosesBackpackAndBuildingTogether" fullname="Factory.Tests.Phase2UiPlayModeTests.Phase3_EscapeClosesBackpackAndBuildingTogether" methodname="Phase3_EscapeClosesBackpackAndBuildingTogether" classname="Factory.Tests.Phase2UiPlayModeTests" runstate="Runnable" seed="711830673" result="Passed" start-time="2026-08-15 05:56:19Z" end-time="2026-08-15 05:56:19Z" duration="0.165201" asserts="0">
              <properties>
                <property name="_JOINTYPE" value="UnityCombinatorial" />
                <property name="retryIteration" value="0" />
                <property name="repeatIteration" value="0" />
              </properties>
            </test-case>
            <test-case id="1003" name="Phase3_InputModes_KeepBuildAndRegularWindowsExclusive" fullname="Factory.Tests.Phase2UiPlayModeTests.Phase3_InputModes_KeepBuildAndRegularWindowsExclusive" methodname="Phase3_InputModes_KeepBuildAndRegularWindowsExclusive" classname="Factory.Tests.Phase2UiPlayModeTests" runstate="Runnable" seed="1722830929" result="Passed" start-time="2026-08-15 05:56:19Z" end-time="2026-08-15 05:56:19Z" duration="0.093487" asserts="0">
              <properties>
                <property name="_JOINTYPE" value="UnityCombinatorial" />
                <property name="retryIteration" value="0" />
                <property name="repeatIteration" value="0" />
              </properties>
            </test-case>
            <test-case id="1008" name="Phase5_BuildCatalogSelectionSurvivesSnapshotRefresh" fullname="Factory.Tests.Phase2UiPlayModeTests.Phase5_BuildCatalogSelectionSurvivesSnapshotRefresh" methodname="Phase5_BuildCatalogSelectionSurvivesSnapshotRefresh" classname="Factory.Tests.Phase2UiPlayModeTests" runstate="Runnable" seed="407419287" result="Passed" start-time="2026-08-15 05:56:19Z" end-time="2026-08-15 05:56:20Z" duration="0.333495" asserts="0">
              <properties>
                <property name="_JOINTYPE" value="UnityCombinatorial" />
                <property name="retryIteration" value="0" />
                <property name="repeatIteration" value="0" />
              </properties>
            </test-case>
            <test-case id="1007" name="Phase5_EcsSceneUsesRetainedUiAndInputSystemBuildActions" fullname="Factory.Tests.Phase2UiPlayModeTests.Phase5_EcsSceneUsesRetainedUiAndInputSystemBuildActions" methodname="Phase5_EcsSceneUsesRetainedUiAndInputSystemBuildActions" classname="Factory.Tests.Phase2UiPlayModeTests" runstate="Runnable" seed="1036763845" result="Passed" start-time="2026-08-15 05:56:20Z" end-time="2026-08-15 05:56:20Z" duration="0.104264" asserts="0">
              <properties>
                <property name="_JOINTYPE" value="UnityCombinatorial" />
                <property name="retryIteration" value="0" />
                <property name="repeatIteration" value="0" />
              </properties>
            </test-case>
            <test-case id="1009" name="Phase5_RTogglesBeltPathPriorityAfterStart" fullname="Factory.Tests.Phase2UiPlayModeTests.Phase5_RTogglesBeltPathPriorityAfterStart" methodname="Phase5_RTogglesBeltPathPriorityAfterStart" classname="Factory.Tests.Phase2UiPlayModeTests" runstate="Runnable" seed="14735200" result="Passed" start-time="2026-08-15 05:56:20Z" end-time="2026-08-15 05:56:20Z" duration="0.157360" asserts="0">
              <properties>
                <property name="_JOINTYPE" value="UnityCombinatorial" />
                <property name="retryIteration" value="0" />
                <property name="repeatIteration" value="0" />
              </properties>
            </test-case>
            <test-case id="1006" name="Phase6_BuildShortcut_BindsSelectionAndReentersBatchBuildMode" fullname="Factory.Tests.Phase2UiPlayModeTests.Phase6_BuildShortcut_BindsSelectionAndReentersBatchBuildMode" methodname="Phase6_BuildShortcut_BindsSelectionAndReentersBatchBuildMode" classname="Factory.Tests.Phase2UiPlayModeTests" runstate="Runnable" seed="1713494090" result="Passed" start-time="2026-08-15 05:56:20Z" end-time="2026-08-15 05:56:20Z" duration="0.158117" asserts="0">
              <properties>
                <property name="_JOINTYPE" value="UnityCombinatorial" />
                <property name="retryIteration" value="0" />
                <property name="repeatIteration" value="0" />
              </properties>
            </test-case>
            <test-case id="1010" name="SimulatedBuild_BypassesPlayerModeAndPlacesBeltPath" fullname="Factory.Tests.Phase2UiPlayModeTests.SimulatedBuild_BypassesPlayerModeAndPlacesBeltPath" methodname="SimulatedBuild_BypassesPlayerModeAndPlacesBeltPath" classname="Factory.Tests.Phase2UiPlayModeTests" runstate="Runnable" seed="1064419865" result="Passed" start-time="2026-08-15 05:56:20Z" end-time="2026-08-15 05:56:20Z" duration="0.189423" asserts="0">
              <properties>
                <property name="_JOINTYPE" value="UnityCombinatorial" />
                <property name="retryIteration" value="0" />
                <property name="repeatIteration" value="0" />
              </properties>
              <output><![CDATA[[ECS Grid Raycast] Cell=(0, L0, 0), Inside=True, Occupied=False.
[ECS Grid Raycast] Cell=(1, L0, 0), Inside=True, Occupied=False.
<b><color=#2EA3FF>MCP-FOR-UNITY</color></b>: [TestRunnerNoThrottle] Restored Interaction Mode after test run.
Saving results to: C:/Users/Xiao_Chen/AppData/LocalLow/DefaultCompany/Factory-with-DOTS\TestResults.xml
]]></output>
            </test-case>
          </test-suite>
        </test-suite>
      </test-suite>
    </test-suite>
  </test-suite>
</test-run>