<?xml version="1.0" encoding="utf-8"?>
<test-run id="2" testcasecount="178" result="Passed" total="178" passed="178" failed="0" inconclusive="0" skipped="0" asserts="0" engine-version="3.5.0.0" clr-version="4.0.30319.42000" start-time="2026-08-15 13:34:55Z" end-time="2026-08-15 13:34:57Z" duration="2.1335383">
  <test-suite type="TestSuite" id="1000" name="Factory-with-DOTS" fullname="Factory-with-DOTS" runstate="Runnable" testcasecount="178" result="Passed" start-time="2026-08-15 13:34:55Z" end-time="2026-08-15 13:34:57Z" duration="2.133538" total="178" passed="178" failed="0" inconclusive="0" skipped="0" asserts="0">
    <properties>
      <property name="platform" value="EditMode" />
    </properties>
    <test-suite type="Assembly" id="1209" name="Factory.Tests.dll" fullname="D:/UnityProject/Factory-with-DOTS/Library/ScriptAssemblies/Factory.Tests.dll" runstate="Runnable" testcasecount="178" result="Passed" start-time="2026-08-15 13:34:55Z" end-time="2026-08-15 13:34:57Z" duration="2.126398" total="178" passed="178" failed="0" inconclusive="0" skipped="0" asserts="0">
      <properties>
        <property name="_PID" value="25940" />
        <property name="_APPDOMAIN" value="Unity Child Domain" />
        <property name="platform" value="EditMode" />
        <property name="EditorOnly" value="True" />
      </properties>
      <test-suite type="TestSuite" id="1210" name="Factory" fullname="Factory" runstate="Runnable" testcasecount="178" result="Passed" start-time="2026-08-15 13:34:55Z" end-time="2026-08-15 13:34:57Z" duration="2.125953" total="178" passed="178" failed="0" inconclusive="0" skipped="0" asserts="0">
        <properties />
        <test-suite type="TestSuite" id="1211" name="Tests" fullname="Factory.Tests" runstate="Runnable" testcasecount="178" result="Passed" start-time="2026-08-15 13:34:55Z" end-time="2026-08-15 13:34:57Z" duration="2.125686" total="178" passed="178" failed="0" inconclusive="0" skipped="0" asserts="0">
          <properties />
          <test-suite type="TestFixture" id="1001" name="BeltTransferResolverPhase2Tests" fullname="Factory.Tests.BeltTransferResolverPhase2Tests" classname="Factory.Tests.BeltTransferResolverPhase2Tests" runstate="Runnable" testcasecount="8" result="Passed" start-time="2026-08-15 13:34:55Z" end-time="2026-08-15 13:34:55Z" duration="0.287340" total="8" passed="8" failed="0" inconclusive="0" skipped="0" asserts="0">
            <properties />
            <test-case id="1003" name="BlockedChain_MatchesLegacyResolver" fullname="Factory.Tests.BeltTransferResolverPhase2Tests.BlockedChain_MatchesLegacyResolver" methodname="BlockedChain_MatchesLegacyResolver" classname="Factory.Tests.BeltTransferResolverPhase2Tests" runstate="Runnable" seed="1548125781" result="Passed" start-time="2026-08-15 13:34:55Z" end-time="2026-08-15 13:34:55Z" duration="0.242678" asserts="0">
              <properties>
                <property name="retryIteration" value="0" />
                <property name="repeatIteration" value="0" />
              </properties>
            </test-case>
            <test-case id="1009" name="CandidateSelection_WorkScalesLinearlyTo4096Nodes" fullname="Factory.Tests.BeltTransferResolverPhase2Tests.CandidateSelection_WorkScalesLinearlyTo4096Nodes" methodname="CandidateSelection_WorkScalesLinearlyTo4096Nodes" classname="Factory.Tests.BeltTransferResolverPhase2Tests" runstate="Runnable" seed="1669219565" result="Passed" start-time="2026-08-15 13:34:55Z" end-time="2026-08-15 13:34:55Z" duration="0.021779" asserts="0">
              <properties>
                <property name="retryIteration" value="0" />
                <property name="repeatIteration" value="0" />
              </properties>
              <output><![CDATA[Phase2 resolver 128: 0.0328 ms/tick, inspected=127
Phase2 resolver 512: 0.0857 ms/tick, inspected=511
Phase2 resolver 1024: 0.1510 ms/tick, inspected=1023
Phase2 resolver 4096: 0.6497 ms/tick, inspected=4095
]]></output>
            </test-case>
            <test-case id="1007" name="FullBeltLoop_MatchesLegacyResolver" fullname="Factory.Tests.BeltTransferResolverPhase2Tests.FullBeltLoop_MatchesLegacyResolver" methodname="FullBeltLoop_MatchesLegacyResolver" classname="Factory.Tests.BeltTransferResolverPhase2Tests" runstate="Runnable" seed="1146425223" result="Passed" start-time="2026-08-15 13:34:55Z" end-time="2026-08-15 13:34:55Z" duration="0.001519" asserts="0">
              <properties>
                <property name="retryIteration" value="0" />
                <property name="repeatIteration" value="0" />
              </properties>
            </test-case>
            <test-case id="1004" name="MergerRoundRobin_MatchesLegacyResolver" fullname="Factory.Tests.BeltTransferResolverPhase2Tests.MergerRoundRobin_MatchesLegacyResolver" methodname="MergerRoundRobin_MatchesLegacyResolver" classname="Factory.Tests.BeltTransferResolverPhase2Tests" runstate="Runnable" seed="2039547706" result="Passed" start-time="2026-08-15 13:34:55Z" end-time="2026-08-15 13:34:55Z" duration="0.003342" asserts="0">
              <properties>
                <property name="retryIteration" value="0" />
                <property name="repeatIteration" value="0" />
              </properties>
            </test-case>
            <test-case id="1006" name="SplitterConflictFallback_MatchesLegacyResolver" fullname="Factory.Tests.BeltTransferResolverPhase2Tests.SplitterConflictFallback_MatchesLegacyResolver" methodname="SplitterConflictFallback_MatchesLegacyResolver" classname="Factory.Tests.BeltTransferResolverPhase2Tests" runstate="Runnable" seed="1000033558" result="Passed" start-time="2026-08-15 13:34:55Z" end-time="2026-08-15 13:34:55Z" duration="0.002390" asserts="0">
              <properties>
                <property name="retryIteration" value="0" />
                <property name="repeatIteration" value="0" />
              </properties>
            </test-case>
            <test-case id="1005" name="SplitterRoundRobin_MatchesLegacyResolver" fullname="Factory.Tests.BeltTransferResolverPhase2Tests.SplitterRoundRobin_MatchesLegacyResolver" methodname="SplitterRoundRobin_MatchesLegacyResolver" classname="Factory.Tests.BeltTransferResolverPhase2Tests" runstate="Runnable" seed="1145801141" result="Passed" start-time="2026-08-15 13:34:55Z" end-time="2026-08-15 13:34:55Z" duration="0.000982" asserts="0">
              <properties>
                <property name="retryIteration" value="0" />
                <property name="repeatIteration" value="0" />
              </properties>
            </test-case>
            <test-case id="1002" name="StraightReadyChain_MatchesLegacyResolver" fullname="Factory.Tests.BeltTransferResolverPhase2Tests.StraightReadyChain_MatchesLegacyResolver" methodname="StraightReadyChain_MatchesLegacyResolver" classname="Factory.Tests.BeltTransferResolverPhase2Tests" runstate="Runnable" seed="60087710" result="Passed" start-time="2026-08-15 13:34:55Z" end-time="2026-08-15 13:34:55Z" duration="0.000835" asserts="0">
              <properties>
                <property name="retryIteration" value="0" />
                <property name="repeatIteration" value="0" />
              </properties>
            </test-case>
            <test-case id="1008" name="Topology_RebuildsOnlyWhenRevisionChanges" fullname="Factory.Tests.BeltTransferResolverPhase2Tests.Topology_RebuildsOnlyWhenRevisionChanges" methodname="Topology_RebuildsOnlyWhenRevisionChanges" classname="Factory.Tests.BeltTransferResolverPhase2Tests" runstate="Runnable" seed="760537905" result="Passed" start-time="2026-08-15 13:34:55Z" end-time="2026-08-15 13:34:55Z" duration="0.000581" asserts="0">
              <properties>
                <property name="retryIteration" value="0" />
                <property name="repeatIteration" value="0" />
              </properties>
            </test-case>
          </test-suite>
          <test-suite type="TestFixture" id="1010" name="BeltTransferResolverPhase3Tests" fullname="Factory.Tests.BeltTransferResolverPhase3Tests" classname="Factory.Tests.BeltTransferResolverPhase3Tests" runstate="Runnable" testcasecount="3" result="Passed" start-time="2026-08-15 13:34:55Z" end-time="2026-08-15 13:34:55Z" duration="0.006130" total="3" passed="3" failed="0" inconclusive="0" skipped="0" asserts="0">
            <properties />
            <test-case id="1012" name="ArbitrationJob_ClosedLoopRotatesAtomically" fullname="Factory.Tests.BeltTransferResolverPhase3Tests.ArbitrationJob_ClosedLoopRotatesAtomically" methodname="ArbitrationJob_ClosedLoopRotatesAtomically" classname="Factory.Tests.BeltTransferResolverPhase3Tests" runstate="Runnable" seed="37750779" result="Passed" start-time="2026-08-15 13:34:55Z" end-time="2026-08-15 13:34:55Z" duration="0.002368" asserts="0">
              <properties>
                <property name="retryIteration" value="0" />
                <property name="repeatIteration" value="0" />
              </properties>
            </test-case>
            <test-case id="1011" name="ArbitrationJob_ReadyChainReportsCountsAndAdvances" fullname="Factory.Tests.BeltTransferResolverPhase3Tests.ArbitrationJob_ReadyChainReportsCountsAndAdvances" methodname="ArbitrationJob_ReadyChainReportsCountsAndAdvances" classname="Factory.Tests.BeltTransferResolverPhase3Tests" runstate="Runnable" seed="285110854" result="Passed" start-time="2026-08-15 13:34:55Z" end-time="2026-08-15 13:34:55Z" duration="0.001828" asserts="0">
              <properties>
                <property name="retryIteration" value="0" />
                <property name="repeatIteration" value="0" />
              </properties>
            </test-case>
            <test-case id="1013" name="ArbitrationJob_SplitterRoundRobinAdvancesCursor" fullname="Factory.Tests.BeltTransferResolverPhase3Tests.ArbitrationJob_SplitterRoundRobinAdvancesCursor" methodname="ArbitrationJob_SplitterRoundRobinAdvancesCursor" classname="Factory.Tests.BeltTransferResolverPhase3Tests" runstate="Runnable" seed="62410465" result="Passed" start-time="2026-08-15 13:34:55Z" end-time="2026-08-15 13:34:55Z" duration="0.000866" asserts="0">
              <properties>
                <property name="retryIteration" value="0" />
                <property name="repeatIteration" value="0" />
              </properties>
            </test-case>
          </test-suite>
          <test-suite type="TestFixture" id="1014" name="BeltTransferResolverTests" fullname="Factory.Tests.BeltTransferResolverTests" classname="Factory.Tests.BeltTransferResolverTests" runstate="Runnable" testcasecount="7" result="Passed" start-time="2026-08-15 13:34:55Z" end-time="2026-08-15 13:34:55Z" duration="0.006361" total="7" passed="7" failed="0" inconclusive="0" skipped="0" asserts="0">
            <properties />
            <test-case id="1019" name="BlockedTarget_DoesNotMoveUpstreamWhenTargetIsNotReady" fullname="Factory.Tests.BeltTransferResolverTests.BlockedTarget_DoesNotMoveUpstreamWhenTargetIsNotReady" methodname="BlockedTarget_DoesNotMoveUpstreamWhenTargetIsNotReady" classname="Factory.Tests.BeltTransferResolverTests" runstate="Runnable" seed="1554473025" result="Passed" start-time="2026-08-15 13:34:55Z" end-time="2026-08-15 13:34:55Z" duration="0.000933" asserts="0">
              <properties>
                <property name="retryIteration" value="0" />
                <property name="repeatIteration" value="0" />
              </properties>
            </test-case>
            <test-case id="1018" name="BlockedTarget_PreservesSourceAndTargetItems" fullname="Factory.Tests.BeltTransferResolverTests.BlockedTarget_PreservesSourceAndTargetItems" methodname="BlockedTarget_PreservesSourceAndTargetItems" classname="Factory.Tests.BeltTransferResolverTests" runstate="Runnable" seed="895666338" result="Passed" start-time="2026-08-15 13:34:55Z" end-time="2026-08-15 13:34:55Z" duration="0.000635" asserts="0">
              <properties>
                <property name="retryIteration" value="0" />
                <property name="repeatIteration" value="0" />
              </properties>
            </test-case>
            <test-case id="1020" name="CompetingSources_MergerUsesRoundRobinCursor" fullname="Factory.Tests.BeltTransferResolverTests.CompetingSources_MergerUsesRoundRobinCursor" methodname="CompetingSources_MergerUsesRoundRobinCursor" classname="Factory.Tests.BeltTransferResolverTests" runstate="Runnable" seed="872043435" result="Passed" start-time="2026-08-15 13:34:55Z" end-time="2026-08-15 13:34:55Z" duration="0.000698" asserts="0">
              <properties>
                <property name="retryIteration" value="0" />
                <property name="repeatIteration" value="0" />
              </properties>
            </test-case>
            <test-case id="1021" name="CompetingSources_WinnerDoesNotDependOnInsertionOrder" fullname="Factory.Tests.BeltTransferResolverTests.CompetingSources_WinnerDoesNotDependOnInsertionOrder" methodname="CompetingSources_WinnerDoesNotDependOnInsertionOrder" classname="Factory.Tests.BeltTransferResolverTests" runstate="Runnable" seed="84632551" result="Passed" start-time="2026-08-15 13:34:55Z" end-time="2026-08-15 13:34:55Z" duration="0.001058" asserts="0">
              <properties>
                <property name="retryIteration" value="0" />
                <property name="repeatIteration" value="0" />
              </properties>
            </test-case>
            <test-case id="1015" name="StraightLine_DoesNotMoveItemBeforeItIsReady" fullname="Factory.Tests.BeltTransferResolverTests.StraightLine_DoesNotMoveItemBeforeItIsReady" methodname="StraightLine_DoesNotMoveItemBeforeItIsReady" classname="Factory.Tests.BeltTransferResolverTests" runstate="Runnable" seed="1015501769" result="Passed" start-time="2026-08-15 13:34:55Z" end-time="2026-08-15 13:34:55Z" duration="0.000720" asserts="0">
              <properties>
                <property name="retryIteration" value="0" />
                <property name="repeatIteration" value="0" />
              </properties>
            </test-case>
            <test-case id="1017" name="StraightLine_MovesReadyChainFromOneSnapshot" fullname="Factory.Tests.BeltTransferResolverTests.StraightLine_MovesReadyChainFromOneSnapshot" methodname="StraightLine_MovesReadyChainFromOneSnapshot" classname="Factory.Tests.BeltTransferResolverTests" runstate="Runnable" seed="1542779165" result="Passed" start-time="2026-08-15 13:34:55Z" end-time="2026-08-15 13:34:55Z" duration="0.000684" asserts="0">
              <properties>
                <property name="retryIteration" value="0" />
                <property name="repeatIteration" value="0" />
              </properties>
            </test-case>
            <test-case id="1016" name="StraightLine_MovesReadyItemIntoEmptyDownstreamNode" fullname="Factory.Tests.BeltTransferResolverTests.StraightLine_MovesReadyItemIntoEmptyDownstreamNode" methodname="StraightLine_MovesReadyItemIntoEmptyDownstreamNode" classname="Factory.Tests.BeltTransferResolverTests" runstate="Runnable" seed="1155472573" result="Passed" start-time="2026-08-15 13:34:55Z" end-time="2026-08-15 13:34:55Z" duration="0.000690" asserts="0">
              <properties>
                <property name="retryIteration" value="0" />
                <property name="repeatIteration" value="0" />
              </properties>
            </test-case>
          </test-suite>
          <test-suite type="TestFixture" id="1022" name="BeltTransferSystemPhase1Tests" fullname="Factory.Tests.BeltTransferSystemPhase1Tests" classname="Factory.Tests.BeltTransferSystemPhase1Tests" runstate="Runnable" testcasecount="6" result="Passed" start-time="2026-08-15 13:34:55Z" end-time="2026-08-15 13:34:56Z" duration="0.102494" total="6" passed="6" failed="0" inconclusive="0" skipped="0" asserts="0">
            <properties />
            <test-case id="1023" name="BuildingInput_ConsumesReadyBeltItemAndPublishesReceipt" fullname="Factory.Tests.BeltTransferSystemPhase1Tests.BuildingInput_ConsumesReadyBeltItemAndPublishesReceipt" methodname="BuildingInput_ConsumesReadyBeltItemAndPublishesReceipt" classname="Factory.Tests.BeltTransferSystemPhase1Tests" runstate="Runnable" seed="1228005996" result="Passed" start-time="2026-08-15 13:34:55Z" end-time="2026-08-15 13:34:56Z" duration="0.081100" asserts="0">
              <properties>
                <property name="retryIteration" value="0" />
                <property name="repeatIteration" value="0" />
              </properties>
            </test-case>
            <test-case id="1024" name="BuildingOutput_InstantiatesPrefabWithPreloadedItemComponent" fullname="Factory.Tests.BeltTransferSystemPhase1Tests.BuildingOutput_InstantiatesPrefabWithPreloadedItemComponent" methodname="BuildingOutput_InstantiatesPrefabWithPreloadedItemComponent" classname="Factory.Tests.BeltTransferSystemPhase1Tests" runstate="Runnable" seed="573778170" result="Passed" start-time="2026-08-15 13:34:56Z" end-time="2026-08-15 13:34:56Z" duration="0.011890" asserts="0">
              <properties>
                <property name="retryIteration" value="0" />
                <property name="repeatIteration" value="0" />
              </properties>
            </test-case>
            <test-case id="1025" name="BuildingOutput_StackedAvailabilityTransfersOnlyOneItemPerTick" fullname="Factory.Tests.BeltTransferSystemPhase1Tests.BuildingOutput_StackedAvailabilityTransfersOnlyOneItemPerTick" methodname="BuildingOutput_StackedAvailabilityTransfersOnlyOneItemPerTick" classname="Factory.Tests.BeltTransferSystemPhase1Tests" runstate="Runnable" seed="190023629" result="Passed" start-time="2026-08-15 13:34:56Z" end-time="2026-08-15 13:34:56Z" duration="0.001530" asserts="0">
              <properties>
                <property name="retryIteration" value="0" />
                <property name="repeatIteration" value="0" />
              </properties>
            </test-case>
            <test-case id="1026" name="BuildingOutput_WhenItemPrefabMissingItemComponent_StillInjectsItem" fullname="Factory.Tests.BeltTransferSystemPhase1Tests.BuildingOutput_WhenItemPrefabMissingItemComponent_StillInjectsItem" methodname="BuildingOutput_WhenItemPrefabMissingItemComponent_StillInjectsItem" classname="Factory.Tests.BeltTransferSystemPhase1Tests" runstate="Runnable" seed="1845255696" result="Passed" start-time="2026-08-15 13:34:56Z" end-time="2026-08-15 13:34:56Z" duration="0.002468" asserts="0">
              <properties>
                <property name="retryIteration" value="0" />
                <property name="repeatIteration" value="0" />
              </properties>
            </test-case>
            <test-case id="1027" name="BuildingOutput_WhenItemPrefabMissingLocalTransform_AddsTransform" fullname="Factory.Tests.BeltTransferSystemPhase1Tests.BuildingOutput_WhenItemPrefabMissingLocalTransform_AddsTransform" methodname="BuildingOutput_WhenItemPrefabMissingLocalTransform_AddsTransform" classname="Factory.Tests.BeltTransferSystemPhase1Tests" runstate="Runnable" seed="225236533" result="Passed" start-time="2026-08-15 13:34:56Z" end-time="2026-08-15 13:34:56Z" duration="0.001373" asserts="0">
              <properties>
                <property name="retryIteration" value="0" />
                <property name="repeatIteration" value="0" />
              </properties>
            </test-case>
            <test-case id="1028" name="PortOwnerOrder_RebuildsOnlyAfterGridRevisionChanges" fullname="Factory.Tests.BeltTransferSystemPhase1Tests.PortOwnerOrder_RebuildsOnlyAfterGridRevisionChanges" methodname="PortOwnerOrder_RebuildsOnlyAfterGridRevisionChanges" classname="Factory.Tests.BeltTransferSystemPhase1Tests" runstate="Runnable" seed="298788976" result="Passed" start-time="2026-08-15 13:34:56Z" end-time="2026-08-15 13:34:56Z" duration="0.002438" asserts="0">
              <properties>
                <property name="retryIteration" value="0" />
                <property name="repeatIteration" value="0" />
              </properties>
            </test-case>
          </test-suite>
          <test-suite type="TestFixture" id="1029" name="BeltTransferSystemPhase3Tests" fullname="Factory.Tests.BeltTransferSystemPhase3Tests" classname="Factory.Tests.BeltTransferSystemPhase3Tests" runstate="Runnable" testcasecount="5" result="Passed" start-time="2026-08-15 13:34:56Z" end-time="2026-08-15 13:34:56Z" duration="0.010020" total="5" passed="5" failed="0" inconclusive="0" skipped="0" asserts="0">
            <properties />
            <test-case id="1030" name="Belt_IsSplitIntoTopologyAndStateComponents" fullname="Factory.Tests.BeltTransferSystemPhase3Tests.Belt_IsSplitIntoTopologyAndStateComponents" methodname="Belt_IsSplitIntoTopologyAndStateComponents" classname="Factory.Tests.BeltTransferSystemPhase3Tests" runstate="Runnable" seed="1862030568" result="Passed" start-time="2026-08-15 13:34:56Z" end-time="2026-08-15 13:34:56Z" duration="0.001534" asserts="0">
              <properties>
                <property name="retryIteration" value="0" />
                <property name="repeatIteration" value="0" />
              </properties>
            </test-case>
            <test-case id="1034" name="BuildingOutput_ItemExistsOnlyAfterTransferEcbPlayback" fullname="Factory.Tests.BeltTransferSystemPhase3Tests.BuildingOutput_ItemExistsOnlyAfterTransferEcbPlayback" methodname="BuildingOutput_ItemExistsOnlyAfterTransferEcbPlayback" classname="Factory.Tests.BeltTransferSystemPhase3Tests" runstate="Runnable" seed="504986620" result="Passed" start-time="2026-08-15 13:34:56Z" end-time="2026-08-15 13:34:56Z" duration="0.002173" asserts="0">
              <properties>
                <property name="retryIteration" value="0" />
                <property name="repeatIteration" value="0" />
              </properties>
            </test-case>
            <test-case id="1032" name="MultipleTransferTicks_AdvanceChainWithoutLosingItems" fullname="Factory.Tests.BeltTransferSystemPhase3Tests.MultipleTransferTicks_AdvanceChainWithoutLosingItems" methodname="MultipleTransferTicks_AdvanceChainWithoutLosingItems" classname="Factory.Tests.BeltTransferSystemPhase3Tests" runstate="Runnable" seed="1873249215" result="Passed" start-time="2026-08-15 13:34:56Z" end-time="2026-08-15 13:34:56Z" duration="0.001571" asserts="0">
              <properties>
                <property name="retryIteration" value="0" />
                <property name="repeatIteration" value="0" />
              </properties>
            </test-case>
            <test-case id="1031" name="TransferTick_MovesReadyItemIntoEmptyDownstreamBelt" fullname="Factory.Tests.BeltTransferSystemPhase3Tests.TransferTick_MovesReadyItemIntoEmptyDownstreamBelt" methodname="TransferTick_MovesReadyItemIntoEmptyDownstreamBelt" classname="Factory.Tests.BeltTransferSystemPhase3Tests" runstate="Runnable" seed="1426864561" result="Passed" start-time="2026-08-15 13:34:56Z" end-time="2026-08-15 13:34:56Z" duration="0.001095" asserts="0">
              <properties>
                <property name="retryIteration" value="0" />
                <property name="repeatIteration" value="0" />
              </properties>
            </test-case>
            <test-case id="1033" name="TransferTick_WritesStatsFromArbitrationJob" fullname="Factory.Tests.BeltTransferSystemPhase3Tests.TransferTick_WritesStatsFromArbitrationJob" methodname="TransferTick_WritesStatsFromArbitrationJob" classname="Factory.Tests.BeltTransferSystemPhase3Tests" runstate="Runnable" seed="1627026979" result="Passed" start-time="2026-08-15 13:34:56Z" end-time="2026-08-15 13:34:56Z" duration="0.002153" asserts="0">
              <properties>
                <property name="retryIteration" value="0" />
                <property name="repeatIteration" value="0" />
              </properties>
            </test-case>
          </test-suite>
          <test-suite type="TestFixture" id="1035" name="BeltTransferSystemPhase4Tests" fullname="Factory.Tests.BeltTransferSystemPhase4Tests" classname="Factory.Tests.BeltTransferSystemPhase4Tests" runstate="Runnable" testcasecount="6" result="Passed" start-time="2026-08-15 13:34:56Z" end-time="2026-08-15 13:34:56Z" duration="0.036180" total="6" passed="6" failed="0" inconclusive="0" skipped="0" asserts="0">
            <properties />
            <test-case id="1036" name="BuildingInput_ReturnsItemToPoolInsteadOfDestroying" fullname="Factory.Tests.BeltTransferSystemPhase4Tests.BuildingInput_ReturnsItemToPoolInsteadOfDestroying" methodname="BuildingInput_ReturnsItemToPoolInsteadOfDestroying" classname="Factory.Tests.BeltTransferSystemPhase4Tests" runstate="Runnable" seed="811536652" result="Passed" start-time="2026-08-15 13:34:56Z" end-time="2026-08-15 13:34:56Z" duration="0.005005" asserts="0">
              <properties>
                <property name="retryIteration" value="0" />
                <property name="repeatIteration" value="0" />
              </properties>
            </test-case>
            <test-case id="1037" name="BuildingInput_StillDestroysWhenNoPoolExists" fullname="Factory.Tests.BeltTransferSystemPhase4Tests.BuildingInput_StillDestroysWhenNoPoolExists" methodname="BuildingInput_StillDestroysWhenNoPoolExists" classname="Factory.Tests.BeltTransferSystemPhase4Tests" runstate="Runnable" seed="338463604" result="Passed" start-time="2026-08-15 13:34:56Z" end-time="2026-08-15 13:34:56Z" duration="0.001256" asserts="0">
              <properties>
                <property name="retryIteration" value="0" />
                <property name="repeatIteration" value="0" />
              </properties>
            </test-case>
            <test-case id="1038" name="BuildingOutput_ReusesPooledItemWithoutInstantiate" fullname="Factory.Tests.BeltTransferSystemPhase4Tests.BuildingOutput_ReusesPooledItemWithoutInstantiate" methodname="BuildingOutput_ReusesPooledItemWithoutInstantiate" classname="Factory.Tests.BeltTransferSystemPhase4Tests" runstate="Runnable" seed="1435775620" result="Passed" start-time="2026-08-15 13:34:56Z" end-time="2026-08-15 13:34:56Z" duration="0.003911" asserts="0">
              <properties>
                <property name="retryIteration" value="0" />
                <property name="repeatIteration" value="0" />
              </properties>
            </test-case>
            <test-case id="1040" name="PresentationSystem_InterpolatesAlongVisualProgress" fullname="Factory.Tests.BeltTransferSystemPhase4Tests.PresentationSystem_InterpolatesAlongVisualProgress" methodname="PresentationSystem_InterpolatesAlongVisualProgress" classname="Factory.Tests.BeltTransferSystemPhase4Tests" runstate="Runnable" seed="46824381" result="Passed" start-time="2026-08-15 13:34:56Z" end-time="2026-08-15 13:34:56Z" duration="0.009591" asserts="0">
              <properties>
                <property name="retryIteration" value="0" />
                <property name="repeatIteration" value="0" />
              </properties>
            </test-case>
            <test-case id="1041" name="PresentationSystem_PreservesPostTransformScale" fullname="Factory.Tests.BeltTransferSystemPhase4Tests.PresentationSystem_PreservesPostTransformScale" methodname="PresentationSystem_PreservesPostTransformScale" classname="Factory.Tests.BeltTransferSystemPhase4Tests" runstate="Runnable" seed="1701910495" result="Passed" start-time="2026-08-15 13:34:56Z" end-time="2026-08-15 13:34:56Z" duration="0.003015" asserts="0">
              <properties>
                <property name="retryIteration" value="0" />
                <property name="repeatIteration" value="0" />
              </properties>
            </test-case>
            <test-case id="1039" name="VisualCaptureSystem_SamplesLatestTransportPosition" fullname="Factory.Tests.BeltTransferSystemPhase4Tests.VisualCaptureSystem_SamplesLatestTransportPosition" methodname="VisualCaptureSystem_SamplesLatestTransportPosition" classname="Factory.Tests.BeltTransferSystemPhase4Tests" runstate="Runnable" seed="1317899546" result="Passed" start-time="2026-08-15 13:34:56Z" end-time="2026-08-15 13:34:56Z" duration="0.011319" asserts="0">
              <properties>
                <property name="retryIteration" value="0" />
                <property name="repeatIteration" value="0" />
              </properties>
            </test-case>
          </test-suite>
          <test-suite type="TestFixture" id="1042" name="FixtureSmokeTests" fullname="Factory.Tests.FixtureSmokeTests" classname="Factory.Tests.FixtureSmokeTests" runstate="Runnable" testcasecount="2" result="Passed" start-time="2026-08-15 13:34:56Z" end-time="2026-08-15 13:34:56Z" duration="0.002633" total="2" passed="2" failed="0" inconclusive="0" skipped="0" asserts="0">
            <properties />
            <test-case id="1044" name="FactoryWorldFixture_CreatesIsolatedTransportEntities" fullname="Factory.Tests.FixtureSmokeTests.FactoryWorldFixture_CreatesIsolatedTransportEntities" methodname="FactoryWorldFixture_CreatesIsolatedTransportEntities" classname="Factory.Tests.FixtureSmokeTests" runstate="Runnable" seed="109040728" result="Passed" start-time="2026-08-15 13:34:56Z" end-time="2026-08-15 13:34:56Z" duration="0.000831" asserts="0">
              <properties>
                <property name="retryIteration" value="0" />
                <property name="repeatIteration" value="0" />
              </properties>
            </test-case>
            <test-case id="1043" name="TransportScenario_AdvancesOneStraightTransfer" fullname="Factory.Tests.FixtureSmokeTests.TransportScenario_AdvancesOneStraightTransfer" methodname="TransportScenario_AdvancesOneStraightTransfer" classname="Factory.Tests.FixtureSmokeTests" runstate="Runnable" seed="1176388014" result="Passed" start-time="2026-08-15 13:34:56Z" end-time="2026-08-15 13:34:56Z" duration="0.001174" asserts="0">
              <properties>
                <property name="retryIteration" value="0" />
                <property name="repeatIteration" value="0" />
              </properties>
            </test-case>
          </test-suite>
          <test-suite type="TestFixture" id="1045" name="MultiLevelStage0BaselineTests" fullname="Factory.Tests.MultiLevelStage0BaselineTests" classname="Factory.Tests.MultiLevelStage0BaselineTests" runstate="Runnable" testcasecount="18" result="Passed" start-time="2026-08-15 13:34:56Z" end-time="2026-08-15 13:34:56Z" duration="0.010877" total="18" passed="18" failed="0" inconclusive="0" skipped="0" asserts="0">
            <properties />
            <test-case id="1064" name="BeltPath_HorizontalFirstFreezesXPriorityCornerAndDirections" fullname="Factory.Tests.MultiLevelStage0BaselineTests.BeltPath_HorizontalFirstFreezesXPriorityCornerAndDirections" methodname="BeltPath_HorizontalFirstFreezesXPriorityCornerAndDirections" classname="Factory.Tests.MultiLevelStage0BaselineTests" runstate="Runnable" seed="1728495116" result="Passed" start-time="2026-08-15 13:34:56Z" end-time="2026-08-15 13:34:56Z" duration="0.002025" asserts="0">
              <properties>
                <property name="retryIteration" value="0" />
                <property name="repeatIteration" value="0" />
              </properties>
            </test-case>
            <test-case id="1065" name="BeltPath_VerticalFirstFreezesZPriorityCornerAndDirections" fullname="Factory.Tests.MultiLevelStage0BaselineTests.BeltPath_VerticalFirstFreezesZPriorityCornerAndDirections" methodname="BeltPath_VerticalFirstFreezesZPriorityCornerAndDirections" classname="Factory.Tests.MultiLevelStage0BaselineTests" runstate="Runnable" seed="908347991" result="Passed" start-time="2026-08-15 13:34:56Z" end-time="2026-08-15 13:34:56Z" duration="0.000346" asserts="0">
              <properties>
                <property name="retryIteration" value="0" />
                <property name="repeatIteration" value="0" />
              </properties>
            </test-case>
            <test-suite type="ParameterizedMethod" id="1061" name="MultiCellFootprint_FourRotationsPreserveEveryCell" fullname="Factory.Tests.MultiLevelStage0BaselineTests.MultiCellFootprint_FourRotationsPreserveEveryCell" classname="Factory.Tests.MultiLevelStage0BaselineTests" runstate="Runnable" testcasecount="4" result="Passed" start-time="2026-08-15 13:34:56Z" end-time="2026-08-15 13:34:56Z" duration="0.002039" total="4" passed="4" failed="0" inconclusive="0" skipped="0" asserts="0">
              <properties />
              <test-case id="1057" name="MultiCellFootprint_FourRotationsPreserveEveryCell(0,2,3)" fullname="Factory.Tests.MultiLevelStage0BaselineTests.MultiCellFootprint_FourRotationsPreserveEveryCell(0,2,3)" methodname="MultiCellFootprint_FourRotationsPreserveEveryCell" classname="Factory.Tests.MultiLevelStage0BaselineTests" runstate="Runnable" seed="530430367" result="Passed" start-time="2026-08-15 13:34:56Z" end-time="2026-08-15 13:34:56Z" duration="0.001376" asserts="0">
                <properties>
                  <property name="retryIteration" value="0" />
                  <property name="repeatIteration" value="0" />
                </properties>
              </test-case>
              <test-case id="1058" name="MultiCellFootprint_FourRotationsPreserveEveryCell(1,3,2)" fullname="Factory.Tests.MultiLevelStage0BaselineTests.MultiCellFootprint_FourRotationsPreserveEveryCell(1,3,2)" methodname="MultiCellFootprint_FourRotationsPreserveEveryCell" classname="Factory.Tests.MultiLevelStage0BaselineTests" runstate="Runnable" seed="207641424" result="Passed" start-time="2026-08-15 13:34:56Z" end-time="2026-08-15 13:34:56Z" duration="0.000057" asserts="0">
                <properties>
                  <property name="retryIteration" value="0" />
                  <property name="repeatIteration" value="0" />
                </properties>
              </test-case>
              <test-case id="1059" name="MultiCellFootprint_FourRotationsPreserveEveryCell(2,2,3)" fullname="Factory.Tests.MultiLevelStage0BaselineTests.MultiCellFootprint_FourRotationsPreserveEveryCell(2,2,3)" methodname="MultiCellFootprint_FourRotationsPreserveEveryCell" classname="Factory.Tests.MultiLevelStage0BaselineTests" runstate="Runnable" seed="1040309516" result="Passed" start-time="2026-08-15 13:34:56Z" end-time="2026-08-15 13:34:56Z" duration="0.000039" asserts="0">
                <properties>
                  <property name="retryIteration" value="0" />
                  <property name="repeatIteration" value="0" />
                </properties>
              </test-case>
              <test-case id="1060" name="MultiCellFootprint_FourRotationsPreserveEveryCell(3,3,2)" fullname="Factory.Tests.MultiLevelStage0BaselineTests.MultiCellFootprint_FourRotationsPreserveEveryCell(3,3,2)" methodname="MultiCellFootprint_FourRotationsPreserveEveryCell" classname="Factory.Tests.MultiLevelStage0BaselineTests" runstate="Runnable" seed="1230097579" result="Passed" start-time="2026-08-15 13:34:56Z" end-time="2026-08-15 13:34:56Z" duration="0.000033" asserts="0">
                <properties>
                  <property name="retryIteration" value="0" />
                  <property name="repeatIteration" value="0" />
                </properties>
              </test-case>
            </test-suite>
            <test-case id="1063" name="RectangularGrid_ContainsIncludesOriginAndExcludesEveryBoundary" fullname="Factory.Tests.MultiLevelStage0BaselineTests.RectangularGrid_ContainsIncludesOriginAndExcludesEveryBoundary" methodname="RectangularGrid_ContainsIncludesOriginAndExcludesEveryBoundary" classname="Factory.Tests.MultiLevelStage0BaselineTests" runstate="Runnable" seed="1591673655" result="Passed" start-time="2026-08-15 13:34:56Z" end-time="2026-08-15 13:34:56Z" duration="0.000325" asserts="0">
              <properties>
                <property name="retryIteration" value="0" />
                <property name="repeatIteration" value="0" />
              </properties>
            </test-case>
            <test-case id="1062" name="SingleCellFootprint_IsInvariantUnderRotation" fullname="Factory.Tests.MultiLevelStage0BaselineTests.SingleCellFootprint_IsInvariantUnderRotation" methodname="SingleCellFootprint_IsInvariantUnderRotation" classname="Factory.Tests.MultiLevelStage0BaselineTests" runstate="Runnable" seed="668486467" result="Passed" start-time="2026-08-15 13:34:56Z" end-time="2026-08-15 13:34:56Z" duration="0.000202" asserts="0">
              <properties>
                <property name="retryIteration" value="0" />
                <property name="repeatIteration" value="0" />
              </properties>
            </test-case>
            <test-case id="1066" name="TransportTopologyDiagnostics_RecordRebuildNodesAndDuration" fullname="Factory.Tests.MultiLevelStage0BaselineTests.TransportTopologyDiagnostics_RecordRebuildNodesAndDuration" methodname="TransportTopologyDiagnostics_RecordRebuildNodesAndDuration" classname="Factory.Tests.MultiLevelStage0BaselineTests" runstate="Runnable" seed="1251397526" result="Passed" start-time="2026-08-15 13:34:56Z" end-time="2026-08-15 13:34:56Z" duration="0.003119" asserts="0">
              <properties>
                <property name="retryIteration" value="0" />
                <property name="repeatIteration" value="0" />
              </properties>
            </test-case>
            <test-suite type="ParameterizedMethod" id="1056" name="WorldAndCellConversion_RoundTripsCellCenters" fullname="Factory.Tests.MultiLevelStage0BaselineTests.WorldAndCellConversion_RoundTripsCellCenters" classname="Factory.Tests.MultiLevelStage0BaselineTests" runstate="Runnable" testcasecount="4" result="Passed" start-time="2026-08-15 13:34:56Z" end-time="2026-08-15 13:34:56Z" duration="0.001014" total="4" passed="4" failed="0" inconclusive="0" skipped="0" asserts="0">
              <properties />
              <test-case id="1052" name="WorldAndCellConversion_RoundTripsCellCenters(0,0)" fullname="Factory.Tests.MultiLevelStage0BaselineTests.WorldAndCellConversion_RoundTripsCellCenters(0,0)" methodname="WorldAndCellConversion_RoundTripsCellCenters" classname="Factory.Tests.MultiLevelStage0BaselineTests" runstate="Runnable" seed="1766551935" result="Passed" start-time="2026-08-15 13:34:56Z" end-time="2026-08-15 13:34:56Z" duration="0.000493" asserts="0">
                <properties>
                  <property name="retryIteration" value="0" />
                  <property name="repeatIteration" value="0" />
                </properties>
              </test-case>
              <test-case id="1053" name="WorldAndCellConversion_RoundTripsCellCenters(7,11)" fullname="Factory.Tests.MultiLevelStage0BaselineTests.WorldAndCellConversion_RoundTripsCellCenters(7,11)" methodname="WorldAndCellConversion_RoundTripsCellCenters" classname="Factory.Tests.MultiLevelStage0BaselineTests" runstate="Runnable" seed="1602636176" result="Passed" start-time="2026-08-15 13:34:56Z" end-time="2026-08-15 13:34:56Z" duration="0.000060" asserts="0">
                <properties>
                  <property name="retryIteration" value="0" />
                  <property name="repeatIteration" value="0" />
                </properties>
              </test-case>
              <test-case id="1054" name="WorldAndCellConversion_RoundTripsCellCenters(-1,-1)" fullname="Factory.Tests.MultiLevelStage0BaselineTests.WorldAndCellConversion_RoundTripsCellCenters(-1,-1)" methodname="WorldAndCellConversion_RoundTripsCellCenters" classname="Factory.Tests.MultiLevelStage0BaselineTests" runstate="Runnable" seed="2127408730" result="Passed" start-time="2026-08-15 13:34:56Z" end-time="2026-08-15 13:34:56Z" duration="0.000042" asserts="0">
                <properties>
                  <property name="retryIteration" value="0" />
                  <property name="repeatIteration" value="0" />
                </properties>
              </test-case>
              <test-case id="1055" name="WorldAndCellConversion_RoundTripsCellCenters(-17,31)" fullname="Factory.Tests.MultiLevelStage0BaselineTests.WorldAndCellConversion_RoundTripsCellCenters(-17,31)" methodname="WorldAndCellConversion_RoundTripsCellCenters" classname="Factory.Tests.MultiLevelStage0BaselineTests" runstate="Runnable" seed="1729720270" result="Passed" start-time="2026-08-15 13:34:56Z" end-time="2026-08-15 13:34:56Z" duration="0.000034" asserts="0">
                <properties>
                  <property name="retryIteration" value="0" />
                  <property name="repeatIteration" value="0" />
                </properties>
              </test-case>
            </test-suite>
            <test-suite type="ParameterizedMethod" id="1051" name="WorldToCell_DefaultGridUsesFloorSemantics" fullname="Factory.Tests.MultiLevelStage0BaselineTests.WorldToCell_DefaultGridUsesFloorSemantics" classname="Factory.Tests.MultiLevelStage0BaselineTests" runstate="Runnable" testcasecount="5" result="Passed" start-time="2026-08-15 13:34:56Z" end-time="2026-08-15 13:34:56Z" duration="0.000839" total="5" passed="5" failed="0" inconclusive="0" skipped="0" asserts="0">
              <properties />
              <test-case id="1046" name="WorldToCell_DefaultGridUsesFloorSemantics(0.0f,0.0f,0,0)" fullname="Factory.Tests.MultiLevelStage0BaselineTests.WorldToCell_DefaultGridUsesFloorSemantics(0.0f,0.0f,0,0)" methodname="WorldToCell_DefaultGridUsesFloorSemantics" classname="Factory.Tests.MultiLevelStage0BaselineTests" runstate="Runnable" seed="1751948942" result="Passed" start-time="2026-08-15 13:34:56Z" end-time="2026-08-15 13:34:56Z" duration="0.000282" asserts="0">
                <properties>
                  <property name="retryIteration" value="0" />
                  <property name="repeatIteration" value="0" />
                </properties>
              </test-case>
              <test-case id="1047" name="WorldToCell_DefaultGridUsesFloorSemantics(0.999f,0.999f,0,0)" fullname="Factory.Tests.MultiLevelStage0BaselineTests.WorldToCell_DefaultGridUsesFloorSemantics(0.999f,0.999f,0,0)" methodname="WorldToCell_DefaultGridUsesFloorSemantics" classname="Factory.Tests.MultiLevelStage0BaselineTests" runstate="Runnable" seed="450021386" result="Passed" start-time="2026-08-15 13:34:56Z" end-time="2026-08-15 13:34:56Z" duration="0.000052" asserts="0">
                <properties>
                  <property name="retryIteration" value="0" />
                  <property name="repeatIteration" value="0" />
                </properties>
              </test-case>
              <test-case id="1048" name="WorldToCell_DefaultGridUsesFloorSemantics(1.0f,1.0f,1,1)" fullname="Factory.Tests.MultiLevelStage0BaselineTests.WorldToCell_DefaultGridUsesFloorSemantics(1.0f,1.0f,1,1)" methodname="WorldToCell_DefaultGridUsesFloorSemantics" classname="Factory.Tests.MultiLevelStage0BaselineTests" runstate="Runnable" seed="967924480" result="Passed" start-time="2026-08-15 13:34:56Z" end-time="2026-08-15 13:34:56Z" duration="0.000037" asserts="0">
                <properties>
                  <property name="retryIteration" value="0" />
                  <property name="repeatIteration" value="0" />
                </properties>
              </test-case>
              <test-case id="1049" name="WorldToCell_DefaultGridUsesFloorSemantics(-0.001f,-0.001f,-1,-1)" fullname="Factory.Tests.MultiLevelStage0BaselineTests.WorldToCell_DefaultGridUsesFloorSemantics(-0.001f,-0.001f,-1,-1)" methodname="WorldToCell_DefaultGridUsesFloorSemantics" classname="Factory.Tests.MultiLevelStage0BaselineTests" runstate="Runnable" seed="2002557460" result="Passed" start-time="2026-08-15 13:34:56Z" end-time="2026-08-15 13:34:56Z" duration="0.000033" asserts="0">
                <properties>
                  <property name="retryIteration" value="0" />
                  <property name="repeatIteration" value="0" />
                </properties>
              </test-case>
              <test-case id="1050" name="WorldToCell_DefaultGridUsesFloorSemantics(-1.0f,-1.0f,-1,-1)" fullname="Factory.Tests.MultiLevelStage0BaselineTests.WorldToCell_DefaultGridUsesFloorSemantics(-1.0f,-1.0f,-1,-1)" methodname="WorldToCell_DefaultGridUsesFloorSemantics" classname="Factory.Tests.MultiLevelStage0BaselineTests" runstate="Runnable" seed="1371208401" result="Passed" start-time="2026-08-15 13:34:56Z" end-time="2026-08-15 13:34:56Z" duration="0.000036" asserts="0">
                <properties>
                  <property name="retryIteration" value="0" />
                  <property name="repeatIteration" value="0" />
                </properties>
              </test-case>
            </test-suite>
          </test-suite>
          <test-suite type="TestFixture" id="1074" name="MultiLevelStage0BuildTransactionTests" fullname="Factory.Tests.MultiLevelStage0BuildTransactionTests" classname="Factory.Tests.MultiLevelStage0BuildTransactionTests" runstate="Runnable" testcasecount="1" result="Passed" start-time="2026-08-15 13:34:56Z" end-time="2026-08-15 13:34:56Z" duration="0.050841" total="1" passed="1" failed="0" inconclusive="0" skipped="0" asserts="0">
            <properties />
            <test-case id="1075" name="BeltPath_WhenAnyCellIsOccupied_RollsBackEntirePath" fullname="Factory.Tests.MultiLevelStage0BuildTransactionTests.BeltPath_WhenAnyCellIsOccupied_RollsBackEntirePath" methodname="BeltPath_WhenAnyCellIsOccupied_RollsBackEntirePath" classname="Factory.Tests.MultiLevelStage0BuildTransactionTests" runstate="Runnable" seed="1681291258" result="Passed" start-time="2026-08-15 13:34:56Z" end-time="2026-08-15 13:34:56Z" duration="0.050286" asserts="0">
              <properties>
                <property name="retryIteration" value="0" />
                <property name="repeatIteration" value="0" />
              </properties>
            </test-case>
          </test-suite>
          <test-suite type="TestFixture" id="1067" name="MultiLevelStage1AddressTests" fullname="Factory.Tests.MultiLevelStage1AddressTests" classname="Factory.Tests.MultiLevelStage1AddressTests" runstate="Runnable" testcasecount="6" result="Passed" start-time="2026-08-15 13:34:56Z" end-time="2026-08-15 13:34:56Z" duration="0.003597" total="6" passed="6" failed="0" inconclusive="0" skipped="0" asserts="0">
            <properties />
            <test-case id="1071" name="BeltPath_CrossLevelEndpointsAreRejected" fullname="Factory.Tests.MultiLevelStage1AddressTests.BeltPath_CrossLevelEndpointsAreRejected" methodname="BeltPath_CrossLevelEndpointsAreRejected" classname="Factory.Tests.MultiLevelStage1AddressTests" runstate="Runnable" seed="2004017551" result="Passed" start-time="2026-08-15 13:34:56Z" end-time="2026-08-15 13:34:56Z" duration="0.000753" asserts="0">
              <properties>
                <property name="retryIteration" value="0" />
                <property name="repeatIteration" value="0" />
              </properties>
            </test-case>
            <test-case id="1073" name="BuildingRuntimeIds_AreMonotonicAndIndependentOfCell" fullname="Factory.Tests.MultiLevelStage1AddressTests.BuildingRuntimeIds_AreMonotonicAndIndependentOfCell" methodname="BuildingRuntimeIds_AreMonotonicAndIndependentOfCell" classname="Factory.Tests.MultiLevelStage1AddressTests" runstate="Runnable" seed="834172236" result="Passed" start-time="2026-08-15 13:34:56Z" end-time="2026-08-15 13:34:56Z" duration="0.000204" asserts="0">
              <properties>
                <property name="retryIteration" value="0" />
                <property name="repeatIteration" value="0" />
              </properties>
            </test-case>
            <test-case id="1068" name="GridCell_LevelParticipatesInEqualityAndHashing" fullname="Factory.Tests.MultiLevelStage1AddressTests.GridCell_LevelParticipatesInEqualityAndHashing" methodname="GridCell_LevelParticipatesInEqualityAndHashing" classname="Factory.Tests.MultiLevelStage1AddressTests" runstate="Runnable" seed="1606173074" result="Passed" start-time="2026-08-15 13:34:56Z" end-time="2026-08-15 13:34:56Z" duration="0.000249" asserts="0">
              <properties>
                <property name="retryIteration" value="0" />
                <property name="repeatIteration" value="0" />
              </properties>
            </test-case>
            <test-case id="1070" name="LegacyRectangularGrid_AcceptsOnlyLevelZero" fullname="Factory.Tests.MultiLevelStage1AddressTests.LegacyRectangularGrid_AcceptsOnlyLevelZero" methodname="LegacyRectangularGrid_AcceptsOnlyLevelZero" classname="Factory.Tests.MultiLevelStage1AddressTests" runstate="Runnable" seed="1714861974" result="Passed" start-time="2026-08-15 13:34:56Z" end-time="2026-08-15 13:34:56Z" duration="0.000168" asserts="0">
              <properties>
                <property name="retryIteration" value="0" />
                <property name="repeatIteration" value="0" />
              </properties>
            </test-case>
            <test-case id="1072" name="TransportResolver_DoesNotConnectSameHorizontalCellsAcrossLevels" fullname="Factory.Tests.MultiLevelStage1AddressTests.TransportResolver_DoesNotConnectSameHorizontalCellsAcrossLevels" methodname="TransportResolver_DoesNotConnectSameHorizontalCellsAcrossLevels" classname="Factory.Tests.MultiLevelStage1AddressTests" runstate="Runnable" seed="1547248336" result="Passed" start-time="2026-08-15 13:34:56Z" end-time="2026-08-15 13:34:56Z" duration="0.000667" asserts="0">
              <properties>
                <property name="retryIteration" value="0" />
                <property name="repeatIteration" value="0" />
              </properties>
            </test-case>
            <test-case id="1069" name="WorldGridConfig_ConvertsAllThreeAddressAxes" fullname="Factory.Tests.MultiLevelStage1AddressTests.WorldGridConfig_ConvertsAllThreeAddressAxes" methodname="WorldGridConfig_ConvertsAllThreeAddressAxes" classname="Factory.Tests.MultiLevelStage1AddressTests" runstate="Runnable" seed="1303170927" result="Passed" start-time="2026-08-15 13:34:56Z" end-time="2026-08-15 13:34:56Z" duration="0.000386" asserts="0">
              <properties>
                <property name="retryIteration" value="0" />
                <property name="repeatIteration" value="0" />
              </properties>
            </test-case>
          </test-suite>
          <test-suite type="TestFixture" id="1076" name="MultiLevelStage2Tests" fullname="Factory.Tests.MultiLevelStage2Tests" classname="Factory.Tests.MultiLevelStage2Tests" runstate="Runnable" testcasecount="3" result="Passed" start-time="2026-08-15 13:34:56Z" end-time="2026-08-15 13:34:56Z" duration="0.015858" total="3" passed="3" failed="0" inconclusive="0" skipped="0" asserts="0">
            <properties />
            <test-case id="1077" name="BuildingRevision_DoesNotInvalidateTransportTopology" fullname="Factory.Tests.MultiLevelStage2Tests.BuildingRevision_DoesNotInvalidateTransportTopology" methodname="BuildingRevision_DoesNotInvalidateTransportTopology" classname="Factory.Tests.MultiLevelStage2Tests" runstate="Runnable" seed="354891745" result="Passed" start-time="2026-08-15 13:34:56Z" end-time="2026-08-15 13:34:56Z" duration="0.003189" asserts="0">
              <properties>
                <property name="retryIteration" value="0" />
                <property name="repeatIteration" value="0" />
              </properties>
            </test-case>
            <test-case id="1079" name="OccupancyRevision_RebuildsAfterExplicitPlacementEdit" fullname="Factory.Tests.MultiLevelStage2Tests.OccupancyRevision_RebuildsAfterExplicitPlacementEdit" methodname="OccupancyRevision_RebuildsAfterExplicitPlacementEdit" classname="Factory.Tests.MultiLevelStage2Tests" runstate="Runnable" seed="1193439127" result="Passed" start-time="2026-08-15 13:34:56Z" end-time="2026-08-15 13:34:56Z" duration="0.001251" asserts="0">
              <properties>
                <property name="retryIteration" value="0" />
                <property name="repeatIteration" value="0" />
              </properties>
            </test-case>
            <test-case id="1078" name="PlacementTransform_ChangesOnlyWhenExplicitlyDirty" fullname="Factory.Tests.MultiLevelStage2Tests.PlacementTransform_ChangesOnlyWhenExplicitlyDirty" methodname="PlacementTransform_ChangesOnlyWhenExplicitlyDirty" classname="Factory.Tests.MultiLevelStage2Tests" runstate="Runnable" seed="331634966" result="Passed" start-time="2026-08-15 13:34:56Z" end-time="2026-08-15 13:34:56Z" duration="0.010783" asserts="0">
              <properties>
                <property name="retryIteration" value="0" />
                <property name="repeatIteration" value="0" />
              </properties>
            </test-case>
          </test-suite>
          <test-suite type="TestFixture" id="1080" name="MultiLevelStage35Tests" fullname="Factory.Tests.MultiLevelStage35Tests" classname="Factory.Tests.MultiLevelStage35Tests" runstate="Runnable" testcasecount="10" result="Passed" start-time="2026-08-15 13:34:56Z" end-time="2026-08-15 13:34:56Z" duration="0.041714" total="10" passed="10" failed="0" inconclusive="0" skipped="0" asserts="0">
            <properties />
            <test-case id="1081" name="EmptyMode_DoesNotCreateLegacyRectangle" fullname="Factory.Tests.MultiLevelStage35Tests.EmptyMode_DoesNotCreateLegacyRectangle" methodname="EmptyMode_DoesNotCreateLegacyRectangle" classname="Factory.Tests.MultiLevelStage35Tests" runstate="Runnable" seed="906464242" result="Passed" start-time="2026-08-15 13:34:56Z" end-time="2026-08-15 13:34:56Z" duration="0.013611" asserts="0">
              <properties>
                <property name="retryIteration" value="0" />
                <property name="repeatIteration" value="0" />
              </properties>
            </test-case>
            <test-case id="1090" name="FormalScene_HasNoLegacyFactoryFloor" fullname="Factory.Tests.MultiLevelStage35Tests.FormalScene_HasNoLegacyFactoryFloor" methodname="FormalScene_HasNoLegacyFactoryFloor" classname="Factory.Tests.MultiLevelStage35Tests" runstate="Runnable" seed="1341515176" result="Passed" start-time="2026-08-15 13:34:56Z" end-time="2026-08-15 13:34:56Z" duration="0.001992" asserts="0">
              <properties>
                <property name="retryIteration" value="0" />
                <property name="repeatIteration" value="0" />
              </properties>
            </test-case>
            <test-case id="1086" name="FoundationArea_AllowsCellsWithoutLowerFoundationSupport" fullname="Factory.Tests.MultiLevelStage35Tests.FoundationArea_AllowsCellsWithoutLowerFoundationSupport" methodname="FoundationArea_AllowsCellsWithoutLowerFoundationSupport" classname="Factory.Tests.MultiLevelStage35Tests" runstate="Runnable" seed="2069018949" result="Passed" start-time="2026-08-15 13:34:56Z" end-time="2026-08-15 13:34:56Z" duration="0.011468" asserts="0">
              <properties>
                <property name="retryIteration" value="0" />
                <property name="repeatIteration" value="0" />
              </properties>
            </test-case>
            <test-case id="1088" name="FoundationArea_AllowsUnsupportedLevelButRequiresOnePlane" fullname="Factory.Tests.MultiLevelStage35Tests.FoundationArea_AllowsUnsupportedLevelButRequiresOnePlane" methodname="FoundationArea_AllowsUnsupportedLevelButRequiresOnePlane" classname="Factory.Tests.MultiLevelStage35Tests" runstate="Runnable" seed="856599072" result="Passed" start-time="2026-08-15 13:34:56Z" end-time="2026-08-15 13:34:56Z" duration="0.001498" asserts="0">
              <properties>
                <property name="retryIteration" value="0" />
                <property name="repeatIteration" value="0" />
              </properties>
            </test-case>
            <test-case id="1084" name="FoundationArea_CanStackOnExistingFoundationGrid" fullname="Factory.Tests.MultiLevelStage35Tests.FoundationArea_CanStackOnExistingFoundationGrid" methodname="FoundationArea_CanStackOnExistingFoundationGrid" classname="Factory.Tests.MultiLevelStage35Tests" runstate="Runnable" seed="1945179747" result="Passed" start-time="2026-08-15 13:34:56Z" end-time="2026-08-15 13:34:56Z" duration="0.001411" asserts="0">
              <properties>
                <property name="retryIteration" value="0" />
                <property name="repeatIteration" value="0" />
              </properties>
            </test-case>
            <test-case id="1082" name="FoundationArea_FillsInclusiveRectangleAtArbitraryCoordinates" fullname="Factory.Tests.MultiLevelStage35Tests.FoundationArea_FillsInclusiveRectangleAtArbitraryCoordinates" methodname="FoundationArea_FillsInclusiveRectangleAtArbitraryCoordinates" classname="Factory.Tests.MultiLevelStage35Tests" runstate="Runnable" seed="1601289079" result="Passed" start-time="2026-08-15 13:34:56Z" end-time="2026-08-15 13:34:56Z" duration="0.001476" asserts="0">
              <properties>
                <property name="retryIteration" value="0" />
                <property name="repeatIteration" value="0" />
              </properties>
            </test-case>
            <test-case id="1083" name="FoundationArea_OverlapRejectsWholeRectangleAtomically" fullname="Factory.Tests.MultiLevelStage35Tests.FoundationArea_OverlapRejectsWholeRectangleAtomically" methodname="FoundationArea_OverlapRejectsWholeRectangleAtomically" classname="Factory.Tests.MultiLevelStage35Tests" runstate="Runnable" seed="103616719" result="Passed" start-time="2026-08-15 13:34:56Z" end-time="2026-08-15 13:34:56Z" duration="0.001117" asserts="0">
              <properties>
                <property name="retryIteration" value="0" />
                <property name="repeatIteration" value="0" />
              </properties>
            </test-case>
            <test-case id="1089" name="FoundationContent_UsesStableIdsLocalizedNameAndPureVisualPrefab" fullname="Factory.Tests.MultiLevelStage35Tests.FoundationContent_UsesStableIdsLocalizedNameAndPureVisualPrefab" methodname="FoundationContent_UsesStableIdsLocalizedNameAndPureVisualPrefab" classname="Factory.Tests.MultiLevelStage35Tests" runstate="Runnable" seed="669501893" result="Passed" start-time="2026-08-15 13:34:56Z" end-time="2026-08-15 13:34:56Z" duration="0.002516" asserts="0">
              <properties>
                <property name="retryIteration" value="0" />
                <property name="repeatIteration" value="0" />
              </properties>
            </test-case>
            <test-case id="1087" name="RemovingFoundation_ThatSupportsUpperFoundationIsAllowed" fullname="Factory.Tests.MultiLevelStage35Tests.RemovingFoundation_ThatSupportsUpperFoundationIsAllowed" methodname="RemovingFoundation_ThatSupportsUpperFoundationIsAllowed" classname="Factory.Tests.MultiLevelStage35Tests" runstate="Runnable" seed="852817775" result="Passed" start-time="2026-08-15 13:34:56Z" end-time="2026-08-15 13:34:56Z" duration="0.002784" asserts="0">
              <properties>
                <property name="retryIteration" value="0" />
                <property name="repeatIteration" value="0" />
              </properties>
            </test-case>
            <test-case id="1085" name="SingleFoundation_CanBePlacedWithoutLowerSupport" fullname="Factory.Tests.MultiLevelStage35Tests.SingleFoundation_CanBePlacedWithoutLowerSupport" methodname="SingleFoundation_CanBePlacedWithoutLowerSupport" classname="Factory.Tests.MultiLevelStage35Tests" runstate="Runnable" seed="2108314253" result="Passed" start-time="2026-08-15 13:34:56Z" end-time="2026-08-15 13:34:56Z" duration="0.002225" asserts="0">
              <properties>
                <property name="retryIteration" value="0" />
                <property name="repeatIteration" value="0" />
              </properties>
            </test-case>
          </test-suite>
          <test-suite type="TestFixture" id="1091" name="MultiLevelStage3Tests" fullname="Factory.Tests.MultiLevelStage3Tests" classname="Factory.Tests.MultiLevelStage3Tests" runstate="Runnable" testcasecount="15" result="Passed" start-time="2026-08-15 13:34:56Z" end-time="2026-08-15 13:34:56Z" duration="0.076814" total="15" passed="15" failed="0" inconclusive="0" skipped="0" asserts="0">
            <properties />
            <test-suite type="ParameterizedMethod" id="1096" name="ChunkAddressing_UsesFloorDivisionForNegativeCoordinates" fullname="Factory.Tests.MultiLevelStage3Tests.ChunkAddressing_UsesFloorDivisionForNegativeCoordinates" classname="Factory.Tests.MultiLevelStage3Tests" runstate="Runnable" testcasecount="4" result="Passed" start-time="2026-08-15 13:34:56Z" end-time="2026-08-15 13:34:56Z" duration="0.002622" total="4" passed="4" failed="0" inconclusive="0" skipped="0" asserts="0">
              <properties />
              <test-case id="1092" name="ChunkAddressing_UsesFloorDivisionForNegativeCoordinates(-1,-1,-1,-1,255)" fullname="Factory.Tests.MultiLevelStage3Tests.ChunkAddressing_UsesFloorDivisionForNegativeCoordinates(-1,-1,-1,-1,255)" methodname="ChunkAddressing_UsesFloorDivisionForNegativeCoordinates" classname="Factory.Tests.MultiLevelStage3Tests" runstate="Runnable" seed="588118606" result="Passed" start-time="2026-08-15 13:34:56Z" end-time="2026-08-15 13:34:56Z" duration="0.000970" asserts="0">
                <properties>
                  <property name="retryIteration" value="0" />
                  <property name="repeatIteration" value="0" />
                </properties>
              </test-case>
              <test-case id="1093" name="ChunkAddressing_UsesFloorDivisionForNegativeCoordinates(-16,-16,-1,-1,0)" fullname="Factory.Tests.MultiLevelStage3Tests.ChunkAddressing_UsesFloorDivisionForNegativeCoordinates(-16,-16,-1,-1,0)" methodname="ChunkAddressing_UsesFloorDivisionForNegativeCoordinates" classname="Factory.Tests.MultiLevelStage3Tests" runstate="Runnable" seed="620598608" result="Passed" start-time="2026-08-15 13:34:56Z" end-time="2026-08-15 13:34:56Z" duration="0.000383" asserts="0">
                <properties>
                  <property name="retryIteration" value="0" />
                  <property name="repeatIteration" value="0" />
                </properties>
              </test-case>
              <test-case id="1094" name="ChunkAddressing_UsesFloorDivisionForNegativeCoordinates(-17,0,-2,0,15)" fullname="Factory.Tests.MultiLevelStage3Tests.ChunkAddressing_UsesFloorDivisionForNegativeCoordinates(-17,0,-2,0,15)" methodname="ChunkAddressing_UsesFloorDivisionForNegativeCoordinates" classname="Factory.Tests.MultiLevelStage3Tests" runstate="Runnable" seed="1562282910" result="Passed" start-time="2026-08-15 13:34:56Z" end-time="2026-08-15 13:34:56Z" duration="0.000446" asserts="0">
                <properties>
                  <property name="retryIteration" value="0" />
                  <property name="repeatIteration" value="0" />
                </properties>
              </test-case>
              <test-case id="1095" name="ChunkAddressing_UsesFloorDivisionForNegativeCoordinates(16,16,1,1,0)" fullname="Factory.Tests.MultiLevelStage3Tests.ChunkAddressing_UsesFloorDivisionForNegativeCoordinates(16,16,1,1,0)" methodname="ChunkAddressing_UsesFloorDivisionForNegativeCoordinates" classname="Factory.Tests.MultiLevelStage3Tests" runstate="Runnable" seed="1887701275" result="Passed" start-time="2026-08-15 13:34:56Z" end-time="2026-08-15 13:34:56Z" duration="0.000379" asserts="0">
                <properties>
                  <property name="retryIteration" value="0" />
                  <property name="repeatIteration" value="0" />
                </properties>
              </test-case>
            </test-suite>
            <test-case id="1102" name="CompoundCollider_UsesOneOwnedBlobForGreedyBoxes" fullname="Factory.Tests.MultiLevelStage3Tests.CompoundCollider_UsesOneOwnedBlobForGreedyBoxes" methodname="CompoundCollider_UsesOneOwnedBlobForGreedyBoxes" classname="Factory.Tests.MultiLevelStage3Tests" runstate="Runnable" seed="656921517" result="Passed" start-time="2026-08-15 13:34:56Z" end-time="2026-08-15 13:34:56Z" duration="0.030192" asserts="0">
              <properties>
                <property name="retryIteration" value="0" />
                <property name="repeatIteration" value="0" />
              </properties>
            </test-case>
            <test-case id="1103" name="FoundationCommands_ExtendAndRemoveThroughUnifiedBuffer" fullname="Factory.Tests.MultiLevelStage3Tests.FoundationCommands_ExtendAndRemoveThroughUnifiedBuffer" methodname="FoundationCommands_ExtendAndRemoveThroughUnifiedBuffer" classname="Factory.Tests.MultiLevelStage3Tests" runstate="Runnable" seed="1374495604" result="Passed" start-time="2026-08-15 13:34:56Z" end-time="2026-08-15 13:34:56Z" duration="0.003020" asserts="0">
              <properties>
                <property name="retryIteration" value="0" />
                <property name="repeatIteration" value="0" />
              </properties>
            </test-case>
            <test-case id="1100" name="FoundationFaces_WindingMatchesDeclaredOutwardNormals" fullname="Factory.Tests.MultiLevelStage3Tests.FoundationFaces_WindingMatchesDeclaredOutwardNormals" methodname="FoundationFaces_WindingMatchesDeclaredOutwardNormals" classname="Factory.Tests.MultiLevelStage3Tests" runstate="Runnable" seed="1538609305" result="Passed" start-time="2026-08-15 13:34:56Z" end-time="2026-08-15 13:34:56Z" duration="0.007453" asserts="0">
              <properties>
                <property name="retryIteration" value="0" />
                <property name="repeatIteration" value="0" />
              </properties>
            </test-case>
            <test-case id="1104" name="FoundationQuery_ResolvesTopAndSideHitsToSameOwner" fullname="Factory.Tests.MultiLevelStage3Tests.FoundationQuery_ResolvesTopAndSideHitsToSameOwner" methodname="FoundationQuery_ResolvesTopAndSideHitsToSameOwner" classname="Factory.Tests.MultiLevelStage3Tests" runstate="Runnable" seed="1693142394" result="Passed" start-time="2026-08-15 13:34:56Z" end-time="2026-08-15 13:34:56Z" duration="0.001329" asserts="0">
              <properties>
                <property name="retryIteration" value="0" />
                <property name="repeatIteration" value="0" />
              </properties>
            </test-case>
            <test-case id="1101" name="GreedyBoxes_ExpandXThenZThenLevelDeterministically" fullname="Factory.Tests.MultiLevelStage3Tests.GreedyBoxes_ExpandXThenZThenLevelDeterministically" methodname="GreedyBoxes_ExpandXThenZThenLevelDeterministically" classname="Factory.Tests.MultiLevelStage3Tests" runstate="Runnable" seed="284803076" result="Passed" start-time="2026-08-15 13:34:56Z" end-time="2026-08-15 13:34:56Z" duration="0.004503" asserts="0">
              <properties>
                <property name="retryIteration" value="0" />
                <property name="repeatIteration" value="0" />
              </properties>
            </test-case>
            <test-case id="1098" name="LegacyRectangle_InitializesSparseRegistryAndStableOwners" fullname="Factory.Tests.MultiLevelStage3Tests.LegacyRectangle_InitializesSparseRegistryAndStableOwners" methodname="LegacyRectangle_InitializesSparseRegistryAndStableOwners" classname="Factory.Tests.MultiLevelStage3Tests" runstate="Runnable" seed="1596456529" result="Passed" start-time="2026-08-15 13:34:56Z" end-time="2026-08-15 13:34:56Z" duration="0.001324" asserts="0">
              <properties>
                <property name="retryIteration" value="0" />
                <property name="repeatIteration" value="0" />
              </properties>
            </test-case>
            <test-case id="1105" name="PhysicsDirtyChunk_BuildsOneStaticCompoundBody" fullname="Factory.Tests.MultiLevelStage3Tests.PhysicsDirtyChunk_BuildsOneStaticCompoundBody" methodname="PhysicsDirtyChunk_BuildsOneStaticCompoundBody" classname="Factory.Tests.MultiLevelStage3Tests" runstate="Runnable" seed="260900196" result="Passed" start-time="2026-08-15 13:34:56Z" end-time="2026-08-15 13:34:56Z" duration="0.014607" asserts="0">
              <properties>
                <property name="retryIteration" value="0" />
                <property name="repeatIteration" value="0" />
              </properties>
            </test-case>
            <test-case id="1106" name="RemovingFoundation_WithBuildingOnSurfaceIsRejected" fullname="Factory.Tests.MultiLevelStage3Tests.RemovingFoundation_WithBuildingOnSurfaceIsRejected" methodname="RemovingFoundation_WithBuildingOnSurfaceIsRejected" classname="Factory.Tests.MultiLevelStage3Tests" runstate="Runnable" seed="1197475021" result="Passed" start-time="2026-08-15 13:34:56Z" end-time="2026-08-15 13:34:56Z" duration="0.001896" asserts="0">
              <properties>
                <property name="retryIteration" value="0" />
                <property name="repeatIteration" value="0" />
              </properties>
            </test-case>
            <test-case id="1107" name="RepeatedFoundationChurn_KeepsColliderBlobCountBounded" fullname="Factory.Tests.MultiLevelStage3Tests.RepeatedFoundationChurn_KeepsColliderBlobCountBounded" methodname="RepeatedFoundationChurn_KeepsColliderBlobCountBounded" classname="Factory.Tests.MultiLevelStage3Tests" runstate="Runnable" seed="562992171" result="Passed" start-time="2026-08-15 13:34:56Z" end-time="2026-08-15 13:34:56Z" duration="0.002867" asserts="0">
              <properties>
                <property name="retryIteration" value="0" />
                <property name="repeatIteration" value="0" />
              </properties>
            </test-case>
            <test-case id="1097" name="SurfaceBitmap_StoresAll256Cells" fullname="Factory.Tests.MultiLevelStage3Tests.SurfaceBitmap_StoresAll256Cells" methodname="SurfaceBitmap_StoresAll256Cells" classname="Factory.Tests.MultiLevelStage3Tests" runstate="Runnable" seed="1655500324" result="Passed" start-time="2026-08-15 13:34:56Z" end-time="2026-08-15 13:34:56Z" duration="0.000577" asserts="0">
              <properties>
                <property name="retryIteration" value="0" />
                <property name="repeatIteration" value="0" />
              </properties>
            </test-case>
            <test-case id="1099" name="TwoAdjacentVoxels_CullBothContactFacesAndKeepMaterials" fullname="Factory.Tests.MultiLevelStage3Tests.TwoAdjacentVoxels_CullBothContactFacesAndKeepMaterials" methodname="TwoAdjacentVoxels_CullBothContactFacesAndKeepMaterials" classname="Factory.Tests.MultiLevelStage3Tests" runstate="Runnable" seed="462832810" result="Passed" start-time="2026-08-15 13:34:56Z" end-time="2026-08-15 13:34:56Z" duration="0.004680" asserts="0">
              <properties>
                <property name="retryIteration" value="0" />
                <property name="repeatIteration" value="0" />
              </properties>
            </test-case>
          </test-suite>
          <test-suite type="TestFixture" id="1108" name="MultiLevelStage4Tests" fullname="Factory.Tests.MultiLevelStage4Tests" classname="Factory.Tests.MultiLevelStage4Tests" runstate="Runnable" testcasecount="19" result="Passed" start-time="2026-08-15 13:34:56Z" end-time="2026-08-15 13:34:56Z" duration="0.041526" total="19" passed="19" failed="0" inconclusive="0" skipped="0" asserts="0">
            <properties />
            <test-case id="1126" name="BuildCommands_PlaceSameHorizontalCellOnTwoLevels" fullname="Factory.Tests.MultiLevelStage4Tests.BuildCommands_PlaceSameHorizontalCellOnTwoLevels" methodname="BuildCommands_PlaceSameHorizontalCellOnTwoLevels" classname="Factory.Tests.MultiLevelStage4Tests" runstate="Runnable" seed="343962556" result="Passed" start-time="2026-08-15 13:34:56Z" end-time="2026-08-15 13:34:56Z" duration="0.012793" asserts="0">
              <properties>
                <property name="retryIteration" value="0" />
                <property name="repeatIteration" value="0" />
              </properties>
            </test-case>
            <test-case id="1125" name="CompoundRaycast_SelectsFirstActualFoundationSurface" fullname="Factory.Tests.MultiLevelStage4Tests.CompoundRaycast_SelectsFirstActualFoundationSurface" methodname="CompoundRaycast_SelectsFirstActualFoundationSurface" classname="Factory.Tests.MultiLevelStage4Tests" runstate="Runnable" seed="1172464617" result="Passed" start-time="2026-08-15 13:34:56Z" end-time="2026-08-15 13:34:56Z" duration="0.009131" asserts="0">
              <properties>
                <property name="retryIteration" value="0" />
                <property name="repeatIteration" value="0" />
              </properties>
            </test-case>
            <test-case id="1127" name="DirtyPlacementTransform_UsesAnchorLevelHeight" fullname="Factory.Tests.MultiLevelStage4Tests.DirtyPlacementTransform_UsesAnchorLevelHeight" methodname="DirtyPlacementTransform_UsesAnchorLevelHeight" classname="Factory.Tests.MultiLevelStage4Tests" runstate="Runnable" seed="916802272" result="Passed" start-time="2026-08-15 13:34:56Z" end-time="2026-08-15 13:34:56Z" duration="0.001858" asserts="0">
              <properties>
                <property name="retryIteration" value="0" />
                <property name="repeatIteration" value="0" />
              </properties>
            </test-case>
            <test-case id="1128" name="ItemVisualCapture_UsesTransportCellLevel" fullname="Factory.Tests.MultiLevelStage4Tests.ItemVisualCapture_UsesTransportCellLevel" methodname="ItemVisualCapture_UsesTransportCellLevel" classname="Factory.Tests.MultiLevelStage4Tests" runstate="Runnable" seed="614449895" result="Passed" start-time="2026-08-15 13:34:56Z" end-time="2026-08-15 13:34:56Z" duration="0.001151" asserts="0">
              <properties>
                <property name="retryIteration" value="0" />
                <property name="repeatIteration" value="0" />
              </properties>
            </test-case>
            <test-suite type="ParameterizedMethod" id="1114" name="LayerHeight_RoundTripsPositiveAndNegativeLevels" fullname="Factory.Tests.MultiLevelStage4Tests.LayerHeight_RoundTripsPositiveAndNegativeLevels" classname="Factory.Tests.MultiLevelStage4Tests" runstate="Runnable" testcasecount="5" result="Passed" start-time="2026-08-15 13:34:56Z" end-time="2026-08-15 13:34:56Z" duration="0.002504" total="5" passed="5" failed="0" inconclusive="0" skipped="0" asserts="0">
              <properties />
              <test-case id="1109" name="LayerHeight_RoundTripsPositiveAndNegativeLevels(-1024)" fullname="Factory.Tests.MultiLevelStage4Tests.LayerHeight_RoundTripsPositiveAndNegativeLevels(-1024)" methodname="LayerHeight_RoundTripsPositiveAndNegativeLevels" classname="Factory.Tests.MultiLevelStage4Tests" runstate="Runnable" seed="869667023" result="Passed" start-time="2026-08-15 13:34:56Z" end-time="2026-08-15 13:34:56Z" duration="0.000666" asserts="0">
                <properties>
                  <property name="retryIteration" value="0" />
                  <property name="repeatIteration" value="0" />
                </properties>
              </test-case>
              <test-case id="1110" name="LayerHeight_RoundTripsPositiveAndNegativeLevels(-1)" fullname="Factory.Tests.MultiLevelStage4Tests.LayerHeight_RoundTripsPositiveAndNegativeLevels(-1)" methodname="LayerHeight_RoundTripsPositiveAndNegativeLevels" classname="Factory.Tests.MultiLevelStage4Tests" runstate="Runnable" seed="576264765" result="Passed" start-time="2026-08-15 13:34:56Z" end-time="2026-08-15 13:34:56Z" duration="0.000366" asserts="0">
                <properties>
                  <property name="retryIteration" value="0" />
                  <property name="repeatIteration" value="0" />
                </properties>
              </test-case>
              <test-case id="1111" name="LayerHeight_RoundTripsPositiveAndNegativeLevels(0)" fullname="Factory.Tests.MultiLevelStage4Tests.LayerHeight_RoundTripsPositiveAndNegativeLevels(0)" methodname="LayerHeight_RoundTripsPositiveAndNegativeLevels" classname="Factory.Tests.MultiLevelStage4Tests" runstate="Runnable" seed="1362501417" result="Passed" start-time="2026-08-15 13:34:56Z" end-time="2026-08-15 13:34:56Z" duration="0.000309" asserts="0">
                <properties>
                  <property name="retryIteration" value="0" />
                  <property name="repeatIteration" value="0" />
                </properties>
              </test-case>
              <test-case id="1112" name="LayerHeight_RoundTripsPositiveAndNegativeLevels(1)" fullname="Factory.Tests.MultiLevelStage4Tests.LayerHeight_RoundTripsPositiveAndNegativeLevels(1)" methodname="LayerHeight_RoundTripsPositiveAndNegativeLevels" classname="Factory.Tests.MultiLevelStage4Tests" runstate="Runnable" seed="81074766" result="Passed" start-time="2026-08-15 13:34:56Z" end-time="2026-08-15 13:34:56Z" duration="0.000268" asserts="0">
                <properties>
                  <property name="retryIteration" value="0" />
                  <property name="repeatIteration" value="0" />
                </properties>
              </test-case>
              <test-case id="1113" name="LayerHeight_RoundTripsPositiveAndNegativeLevels(1024)" fullname="Factory.Tests.MultiLevelStage4Tests.LayerHeight_RoundTripsPositiveAndNegativeLevels(1024)" methodname="LayerHeight_RoundTripsPositiveAndNegativeLevels" classname="Factory.Tests.MultiLevelStage4Tests" runstate="Runnable" seed="411951119" result="Passed" start-time="2026-08-15 13:34:56Z" end-time="2026-08-15 13:34:56Z" duration="0.000297" asserts="0">
                <properties>
                  <property name="retryIteration" value="0" />
                  <property name="repeatIteration" value="0" />
                </properties>
              </test-case>
            </test-suite>
            <test-case id="1129" name="LayerVisibility_HidesChunksOutsideSelectedLevel" fullname="Factory.Tests.MultiLevelStage4Tests.LayerVisibility_HidesChunksOutsideSelectedLevel" methodname="LayerVisibility_HidesChunksOutsideSelectedLevel" classname="Factory.Tests.MultiLevelStage4Tests" runstate="Runnable" seed="1988327128" result="Passed" start-time="2026-08-15 13:34:56Z" end-time="2026-08-15 13:34:56Z" duration="0.004524" asserts="0">
              <properties>
                <property name="retryIteration" value="0" />
                <property name="repeatIteration" value="0" />
              </properties>
            </test-case>
            <test-case id="1122" name="Occupancy_AllowsSameHorizontalCellOnDifferentLevels" fullname="Factory.Tests.MultiLevelStage4Tests.Occupancy_AllowsSameHorizontalCellOnDifferentLevels" methodname="Occupancy_AllowsSameHorizontalCellOnDifferentLevels" classname="Factory.Tests.MultiLevelStage4Tests" runstate="Runnable" seed="1965866781" result="Passed" start-time="2026-08-15 13:34:56Z" end-time="2026-08-15 13:34:56Z" duration="0.001211" asserts="0">
              <properties>
                <property name="retryIteration" value="0" />
                <property name="repeatIteration" value="0" />
              </properties>
            </test-case>
            <test-case id="1124" name="PhysicsBand_MergesVerticallyStackedFoundationsIntoOneBody" fullname="Factory.Tests.MultiLevelStage4Tests.PhysicsBand_MergesVerticallyStackedFoundationsIntoOneBody" methodname="PhysicsBand_MergesVerticallyStackedFoundationsIntoOneBody" classname="Factory.Tests.MultiLevelStage4Tests" runstate="Runnable" seed="1489705099" result="Passed" start-time="2026-08-15 13:34:56Z" end-time="2026-08-15 13:34:56Z" duration="0.002404" asserts="0">
              <properties>
                <property name="retryIteration" value="0" />
                <property name="repeatIteration" value="0" />
              </properties>
            </test-case>
            <test-suite type="ParameterizedMethod" id="1121" name="PhysicsLevelBand_UsesFloorDivision" fullname="Factory.Tests.MultiLevelStage4Tests.PhysicsLevelBand_UsesFloorDivision" classname="Factory.Tests.MultiLevelStage4Tests" runstate="Runnable" testcasecount="6" result="Passed" start-time="2026-08-15 13:34:56Z" end-time="2026-08-15 13:34:56Z" duration="0.002744" total="6" passed="6" failed="0" inconclusive="0" skipped="0" asserts="0">
              <properties />
[...]
              <properties>
                <property name="retryIteration" value="0" />
                <property name="repeatIteration" value="0" />
              </properties>
            </test-case>
          </test-suite>
          <test-suite type="TestFixture" id="1179" name="Phase2UiInfrastructureTests" fullname="Factory.Tests.Phase2UiInfrastructureTests" classname="Factory.Tests.Phase2UiInfrastructureTests" runstate="Runnable" testcasecount="5" result="Passed" start-time="2026-08-15 13:34:56Z" end-time="2026-08-15 13:34:57Z" duration="0.422368" total="5" passed="5" failed="0" inconclusive="0" skipped="0" asserts="0">
            <properties />
            <test-case id="1181" name="ClosingWindow_DisposesItsDataObservation" fullname="Factory.Tests.Phase2UiInfrastructureTests.ClosingWindow_DisposesItsDataObservation" methodname="ClosingWindow_DisposesItsDataObservation" classname="Factory.Tests.Phase2UiInfrastructureTests" runstate="Runnable" seed="290735211" result="Passed" start-time="2026-08-15 13:34:56Z" end-time="2026-08-15 13:34:56Z" duration="0.031795" asserts="0">
              <properties>
                <property name="retryIteration" value="0" />
                <property name="repeatIteration" value="0" />
              </properties>
            </test-case>
            <test-case id="1184" name="EcsScene_HasExactlyOneConfiguredGameUiRoot" fullname="Factory.Tests.Phase2UiInfrastructureTests.EcsScene_HasExactlyOneConfiguredGameUiRoot" methodname="EcsScene_HasExactlyOneConfiguredGameUiRoot" classname="Factory.Tests.Phase2UiInfrastructureTests" runstate="Runnable" seed="458014327" result="Passed" start-time="2026-08-15 13:34:56Z" end-time="2026-08-15 13:34:57Z" duration="0.375111" asserts="0">
              <properties>
                <property name="retryIteration" value="0" />
                <property name="repeatIteration" value="0" />
              </properties>
            </test-case>
            <test-case id="1182" name="ExportSystem_ReadsInventoryOnlyWhileObservedAndRevisionChanged" fullname="Factory.Tests.Phase2UiInfrastructureTests.ExportSystem_ReadsInventoryOnlyWhileObservedAndRevisionChanged" methodname="ExportSystem_ReadsInventoryOnlyWhileObservedAndRevisionChanged" classname="Factory.Tests.Phase2UiInfrastructureTests" runstate="Runnable" seed="1631025987" result="Passed" start-time="2026-08-15 13:34:57Z" end-time="2026-08-15 13:34:57Z" duration="0.011850" asserts="0">
              <properties>
                <property name="retryIteration" value="0" />
                <property name="repeatIteration" value="0" />
              </properties>
            </test-case>
            <test-case id="1183" name="MultipleSubscribers_ShareOneObservationUntilLastDispose" fullname="Factory.Tests.Phase2UiInfrastructureTests.MultipleSubscribers_ShareOneObservationUntilLastDispose" methodname="MultipleSubscribers_ShareOneObservationUntilLastDispose" classname="Factory.Tests.Phase2UiInfrastructureTests" runstate="Runnable" seed="333025323" result="Passed" start-time="2026-08-15 13:34:57Z" end-time="2026-08-15 13:34:57Z" duration="0.001157" asserts="0">
              <properties>
                <property name="retryIteration" value="0" />
                <property name="repeatIteration" value="0" />
              </properties>
            </test-case>
            <test-case id="1180" name="WindowManager_KeepsLeftAndRightWindowsOpenTogether" fullname="Factory.Tests.Phase2UiInfrastructureTests.WindowManager_KeepsLeftAndRightWindowsOpenTogether" methodname="WindowManager_KeepsLeftAndRightWindowsOpenTogether" classname="Factory.Tests.Phase2UiInfrastructureTests" runstate="Runnable" seed="299298453" result="Passed" start-time="2026-08-15 13:34:57Z" end-time="2026-08-15 13:34:57Z" duration="0.001440" asserts="0">
              <properties>
                <property name="retryIteration" value="0" />
                <property name="repeatIteration" value="0" />
              </properties>
            </test-case>
          </test-suite>
          <test-suite type="TestFixture" id="1185" name="Phase3UiContentTests" fullname="Factory.Tests.Phase3UiContentTests" classname="Factory.Tests.Phase3UiContentTests" runstate="Runnable" testcasecount="8" result="Passed" start-time="2026-08-15 13:34:57Z" end-time="2026-08-15 13:34:57Z" duration="0.603618" total="8" passed="8" failed="0" inconclusive="0" skipped="0" asserts="0">
            <properties />
            <test-case id="1192" name="BuildCatalog_ClickingSelectedBuildingConfirmsSelection" fullname="Factory.Tests.Phase3UiContentTests.BuildCatalog_ClickingSelectedBuildingConfirmsSelection" methodname="BuildCatalog_ClickingSelectedBuildingConfirmsSelection" classname="Factory.Tests.Phase3UiContentTests" runstate="Runnable" seed="1994770750" result="Passed" start-time="2026-08-15 13:34:57Z" end-time="2026-08-15 13:34:57Z" duration="0.007372" asserts="0">
              <properties>
                <property name="retryIteration" value="0" />
                <property name="repeatIteration" value="0" />
              </properties>
            </test-case>
            <test-case id="1190" name="BuildingWindow_ChangeRecipeButtonIsTopmostAndPickerSurvivesRefresh" fullname="Factory.Tests.Phase3UiContentTests.BuildingWindow_ChangeRecipeButtonIsTopmostAndPickerSurvivesRefresh" methodname="BuildingWindow_ChangeRecipeButtonIsTopmostAndPickerSurvivesRefresh" classname="Factory.Tests.Phase3UiContentTests" runstate="Runnable" seed="1687206254" result="Passed" start-time="2026-08-15 13:34:57Z" end-time="2026-08-15 13:34:57Z" duration="0.003498" asserts="0">
              <properties>
                <property name="retryIteration" value="0" />
                <property name="repeatIteration" value="0" />
              </properties>
            </test-case>
            <test-case id="1189" name="BuildingWindow_RebindsPooledRecipeCardsWhenRecipesChange" fullname="Factory.Tests.Phase3UiContentTests.BuildingWindow_RebindsPooledRecipeCardsWhenRecipesChange" methodname="BuildingWindow_RebindsPooledRecipeCardsWhenRecipesChange" classname="Factory.Tests.Phase3UiContentTests" runstate="Runnable" seed="520989588" result="Passed" start-time="2026-08-15 13:34:57Z" end-time="2026-08-15 13:34:57Z" duration="0.000725" asserts="0">
              <properties>
                <property name="retryIteration" value="0" />
                <property name="repeatIteration" value="0" />
              </properties>
            </test-case>
            <test-case id="1188" name="BuildingWindow_ReusesRecipeCardsAcrossSnapshotRefreshes" fullname="Factory.Tests.Phase3UiContentTests.BuildingWindow_ReusesRecipeCardsAcrossSnapshotRefreshes" methodname="BuildingWindow_ReusesRecipeCardsAcrossSnapshotRefreshes" classname="Factory.Tests.Phase3UiContentTests" runstate="Runnable" seed="2090497862" result="Passed" start-time="2026-08-15 13:34:57Z" end-time="2026-08-15 13:34:57Z" duration="0.000507" asserts="0">
              <properties>
                <property name="retryIteration" value="0" />
                <property name="repeatIteration" value="0" />
              </properties>
            </test-case>
            <test-case id="1191" name="BuildingWindow_SwitchingBuildingsResetsRecipePickerState" fullname="Factory.Tests.Phase3UiContentTests.BuildingWindow_SwitchingBuildingsResetsRecipePickerState" methodname="BuildingWindow_SwitchingBuildingsResetsRecipePickerState" classname="Factory.Tests.Phase3UiContentTests" runstate="Runnable" seed="706593443" result="Passed" start-time="2026-08-15 13:34:57Z" end-time="2026-08-15 13:34:57Z" duration="0.000496" asserts="0">
              <properties>
                <property name="retryIteration" value="0" />
                <property name="repeatIteration" value="0" />
              </properties>
            </test-case>
            <test-case id="1193" name="BuildShortcutBar_RendersNineSlotsAndHighlightsActiveBuilding" fullname="Factory.Tests.Phase3UiContentTests.BuildShortcutBar_RendersNineSlotsAndHighlightsActiveBuilding" methodname="BuildShortcutBar_RendersNineSlotsAndHighlightsActiveBuilding" classname="Factory.Tests.Phase3UiContentTests" runstate="Runnable" seed="1981707045" result="Passed" start-time="2026-08-15 13:34:57Z" end-time="2026-08-15 13:34:57Z" duration="0.002168" asserts="0">
              <properties>
                <property name="retryIteration" value="0" />
                <property name="repeatIteration" value="0" />
              </properties>
            </test-case>
            <test-case id="1186" name="ItemGrid_RendersSnapshotWithoutAccessingEcs" fullname="Factory.Tests.Phase3UiContentTests.ItemGrid_RendersSnapshotWithoutAccessingEcs" methodname="ItemGrid_RendersSnapshotWithoutAccessingEcs" classname="Factory.Tests.Phase3UiContentTests" runstate="Runnable" seed="403524024" result="Passed" start-time="2026-08-15 13:34:57Z" end-time="2026-08-15 13:34:57Z" duration="0.000786" asserts="0">
              <properties>
                <property name="retryIteration" value="0" />
                <property name="repeatIteration" value="0" />
              </properties>
            </test-case>
            <test-case id="1187" name="ItemGrid_ReusesSlotElementsWhenRevisionContentChanges" fullname="Factory.Tests.Phase3UiContentTests.ItemGrid_ReusesSlotElementsWhenRevisionContentChanges" methodname="ItemGrid_ReusesSlotElementsWhenRevisionContentChanges" classname="Factory.Tests.Phase3UiContentTests" runstate="Runnable" seed="1235534463" result="Passed" start-time="2026-08-15 13:34:57Z" end-time="2026-08-15 13:34:57Z" duration="0.000294" asserts="0">
              <properties>
                <property name="retryIteration" value="0" />
                <property name="repeatIteration" value="0" />
              </properties>
            </test-case>
          </test-suite>
          <test-suite type="TestFixture" id="1194" name="Phase4UiCommandTests" fullname="Factory.Tests.Phase4UiCommandTests" classname="Factory.Tests.Phase4UiCommandTests" runstate="Runnable" testcasecount="4" result="Passed" start-time="2026-08-15 13:34:57Z" end-time="2026-08-15 13:34:57Z" duration="0.040268" total="4" passed="4" failed="0" inconclusive="0" skipped="0" asserts="0">
            <properties />
            <test-case id="1195" name="Bus_AssignsMonotonicHeaders_AndIngressIsolatesPlayers" fullname="Factory.Tests.Phase4UiCommandTests.Bus_AssignsMonotonicHeaders_AndIngressIsolatesPlayers" methodname="Bus_AssignsMonotonicHeaders_AndIngressIsolatesPlayers" classname="Factory.Tests.Phase4UiCommandTests" runstate="Runnable" seed="214994544" result="Passed" start-time="2026-08-15 13:34:57Z" end-time="2026-08-15 13:34:57Z" duration="0.008712" asserts="0">
              <properties>
                <property name="retryIteration" value="0" />
                <property name="repeatIteration" value="0" />
              </properties>
            </test-case>
            <test-case id="1198" name="DragPrediction_RejectsOutputAndWrongRecipeInput" fullname="Factory.Tests.Phase4UiCommandTests.DragPrediction_RejectsOutputAndWrongRecipeInput" methodname="DragPrediction_RejectsOutputAndWrongRecipeInput" classname="Factory.Tests.Phase4UiCommandTests" runstate="Runnable" seed="1713562770" result="Passed" start-time="2026-08-15 13:34:57Z" end-time="2026-08-15 13:34:57Z" duration="0.000980" asserts="0">
              <properties>
                <property name="retryIteration" value="0" />
                <property name="repeatIteration" value="0" />
              </properties>
            </test-case>
            <test-case id="1197" name="Ingress_RejectsDuplicateSequence_AndReturnsOnlyToOwningPlayer" fullname="Factory.Tests.Phase4UiCommandTests.Ingress_RejectsDuplicateSequence_AndReturnsOnlyToOwningPlayer" methodname="Ingress_RejectsDuplicateSequence_AndReturnsOnlyToOwningPlayer" classname="Factory.Tests.Phase4UiCommandTests" runstate="Runnable" seed="570730882" result="Passed" start-time="2026-08-15 13:34:57Z" end-time="2026-08-15 13:34:57Z" duration="0.001883" asserts="0">
              <properties>
                <property name="retryIteration" value="0" />
                <property name="repeatIteration" value="0" />
              </properties>
            </test-case>
            <test-case id="1196" name="RuntimeServices_SharesSequenceAcrossUiAndBuildEntryPoints" fullname="Factory.Tests.Phase4UiCommandTests.RuntimeServices_SharesSequenceAcrossUiAndBuildEntryPoints" methodname="RuntimeServices_SharesSequenceAcrossUiAndBuildEntryPoints" classname="Factory.Tests.Phase4UiCommandTests" runstate="Runnable" seed="2135652021" result="Passed" start-time="2026-08-15 13:34:57Z" end-time="2026-08-15 13:34:57Z" duration="0.003111" asserts="0">
              <properties>
                <property name="retryIteration" value="0" />
                <property name="repeatIteration" value="0" />
              </properties>
            </test-case>
          </test-suite>
          <test-suite type="TestFixture" id="1199" name="Phase5OptimizationTests" fullname="Factory.Tests.Phase5OptimizationTests" classname="Factory.Tests.Phase5OptimizationTests" runstate="Runnable" testcasecount="9" result="Passed" start-time="2026-08-15 13:34:57Z" end-time="2026-08-15 13:34:57Z" duration="0.048580" total="9" passed="9" failed="0" inconclusive="0" skipped="0" asserts="0">
            <properties />
            <test-case id="1204" name="BeltTopologyRefresh_KeepsConnectedEdgeHidden" fullname="Factory.Tests.Phase5OptimizationTests.BeltTopologyRefresh_KeepsConnectedEdgeHidden" methodname="BeltTopologyRefresh_KeepsConnectedEdgeHidden" classname="Factory.Tests.Phase5OptimizationTests" runstate="Runnable" seed="1618468770" result="Passed" start-time="2026-08-15 13:34:57Z" end-time="2026-08-15 13:34:57Z" duration="0.014570" asserts="0">
              <properties>
                <property name="retryIteration" value="0" />
                <property name="repeatIteration" value="0" />
              </properties>
            </test-case>
            <test-case id="1203" name="BeltVisualDirtyBuffer_IsClearedAfterLocalRefresh" fullname="Factory.Tests.Phase5OptimizationTests.BeltVisualDirtyBuffer_IsClearedAfterLocalRefresh" methodname="BeltVisualDirtyBuffer_IsClearedAfterLocalRefresh" classname="Factory.Tests.Phase5OptimizationTests" runstate="Runnable" seed="1324264915" result="Passed" start-time="2026-08-15 13:34:57Z" end-time="2026-08-15 13:34:57Z" duration="0.001330" asserts="0">
              <properties>
                <property name="retryIteration" value="0" />
                <property name="repeatIteration" value="0" />
              </properties>
            </test-case>
            <test-case id="1201" name="BuildingInput_ReservedCountPersistsInPortSnapshot" fullname="Factory.Tests.Phase5OptimizationTests.BuildingInput_ReservedCountPersistsInPortSnapshot" methodname="BuildingInput_ReservedCountPersistsInPortSnapshot" classname="Factory.Tests.Phase5OptimizationTests" runstate="Runnable" seed="1404619555" result="Passed" start-time="2026-08-15 13:34:57Z" end-time="2026-08-15 13:34:57Z" duration="0.001869" asserts="0">
              <properties>
                <property name="retryIteration" value="0" />
                <property name="repeatIteration" value="0" />
              </properties>
            </test-case>
            <test-case id="1202" name="PendingOccupancyAdd_IsAppliedIncrementally" fullname="Factory.Tests.Phase5OptimizationTests.PendingOccupancyAdd_IsAppliedIncrementally" methodname="PendingOccupancyAdd_IsAppliedIncrementally" classname="Factory.Tests.Phase5OptimizationTests" runstate="Runnable" seed="564952262" result="Passed" start-time="2026-08-15 13:34:57Z" end-time="2026-08-15 13:34:57Z" duration="0.001382" asserts="0">
              <properties>
                <property name="retryIteration" value="0" />
                <property name="repeatIteration" value="0" />
              </properties>
            </test-case>
            <test-case id="1200" name="PortBufferSwap_TogglesGenerationWithoutCopyingBuffers" fullname="Factory.Tests.Phase5OptimizationTests.PortBufferSwap_TogglesGenerationWithoutCopyingBuffers" methodname="PortBufferSwap_TogglesGenerationWithoutCopyingBuffers" classname="Factory.Tests.Phase5OptimizationTests" runstate="Runnable" seed="1306128374" result="Passed" start-time="2026-08-15 13:34:57Z" end-time="2026-08-15 13:34:57Z" duration="0.006214" asserts="0">
              <properties>
                <property name="retryIteration" value="0" />
                <property name="repeatIteration" value="0" />
              </properties>
            </test-case>
            <test-case id="1205" name="RemovingBelt_ReturnsItemToPoolAndHidesRendering" fullname="Factory.Tests.Phase5OptimizationTests.RemovingBelt_ReturnsItemToPoolAndHidesRendering" methodname="RemovingBelt_ReturnsItemToPoolAndHidesRendering" classname="Factory.Tests.Phase5OptimizationTests" runstate="Runnable" seed="966214217" result="Passed" start-time="2026-08-15 13:34:57Z" end-time="2026-08-15 13:34:57Z" duration="0.006370" asserts="0">
              <properties>
                <property name="retryIteration" value="0" />
                <property name="repeatIteration" value="0" />
              </properties>
            </test-case>
            <test-case id="1206" name="RemovingBeltLine_ReturnsEveryCarriedItemToInitiatingPlayer" fullname="Factory.Tests.Phase5OptimizationTests.RemovingBeltLine_ReturnsEveryCarriedItemToInitiatingPlayer" methodname="RemovingBeltLine_ReturnsEveryCarriedItemToInitiatingPlayer" classname="Factory.Tests.Phase5OptimizationTests" runstate="Runnable" seed="902626978" result="Passed" start-time="2026-08-15 13:34:57Z" end-time="2026-08-15 13:34:57Z" duration="0.003623" asserts="0">
              <properties>
                <property name="retryIteration" value="0" />
                <property name="repeatIteration" value="0" />
              </properties>
            </test-case>
            <test-case id="1207" name="RemovingStorage_ReturnsStoredItemsToInitiatingPlayer" fullname="Factory.Tests.Phase5OptimizationTests.RemovingStorage_ReturnsStoredItemsToInitiatingPlayer" methodname="RemovingStorage_ReturnsStoredItemsToInitiatingPlayer" classname="Factory.Tests.Phase5OptimizationTests" runstate="Runnable" seed="107589367" result="Passed" start-time="2026-08-15 13:34:57Z" end-time="2026-08-15 13:34:57Z" duration="0.002574" asserts="0">
              <properties>
                <property name="retryIteration" value="0" />
                <property name="repeatIteration" value="0" />
              </properties>
            </test-case>
            <test-case id="1208" name="StorageAdapter_GenerationOneWritesCurrentBuffersWithoutSafetyError" fullname="Factory.Tests.Phase5OptimizationTests.StorageAdapter_GenerationOneWritesCurrentBuffersWithoutSafetyError" methodname="StorageAdapter_GenerationOneWritesCurrentBuffersWithoutSafetyError" classname="Factory.Tests.Phase5OptimizationTests" runstate="Runnable" seed="192830219" result="Passed" start-time="2026-08-15 13:34:57Z" end-time="2026-08-15 13:34:57Z" duration="0.005423" asserts="0">
              <properties>
                <property name="retryIteration" value="0" />
                <property name="repeatIteration" value="0" />
              </properties>
              <output><![CDATA[<b><color=#2EA3FF>MCP-FOR-UNITY</color></b>: [TestRunnerNoThrottle] Restored Interaction Mode after test run.
Saving results to: C:/Users/Xiao_Chen/AppData/LocalLow/DefaultCompany/Factory-with-DOTS\TestResults.xml
]]></output>
            </test-case>
          </test-suite>
        </test-suite>
      </test-suite>
    </test-suite>
  </test-suite>
</test-run>