<?xml version="1.0" encoding="utf-8"?>
<test-run id="2" testcasecount="115" result="Passed" total="115" passed="115" failed="0" inconclusive="0" skipped="0" asserts="0" engine-version="3.5.0.0" clr-version="4.0.30319.42000" start-time="2026-08-14 14:58:12Z" end-time="2026-08-14 14:58:14Z" duration="1.903682">
  <test-suite type="TestSuite" id="1000" name="Factory-with-DOTS" fullname="Factory-with-DOTS" runstate="Runnable" testcasecount="115" result="Passed" start-time="2026-08-14 14:58:12Z" end-time="2026-08-14 14:58:14Z" duration="1.903682" total="115" passed="115" failed="0" inconclusive="0" skipped="0" asserts="0">
    <properties>
      <property name="platform" value="EditMode" />
    </properties>
    <test-suite type="Assembly" id="1136" name="Factory.Tests.dll" fullname="D:/UnityProject/Factory-with-DOTS/Library/ScriptAssemblies/Factory.Tests.dll" runstate="Runnable" testcasecount="115" result="Passed" start-time="2026-08-14 14:58:12Z" end-time="2026-08-14 14:58:14Z" duration="1.898205" total="115" passed="115" failed="0" inconclusive="0" skipped="0" asserts="0">
      <properties>
        <property name="_PID" value="31092" />
        <property name="_APPDOMAIN" value="Unity Child Domain" />
        <property name="platform" value="EditMode" />
        <property name="EditorOnly" value="True" />
      </properties>
      <test-suite type="TestSuite" id="1137" name="Factory" fullname="Factory" runstate="Runnable" testcasecount="115" result="Passed" start-time="2026-08-14 14:58:12Z" end-time="2026-08-14 14:58:14Z" duration="1.897866" total="115" passed="115" failed="0" inconclusive="0" skipped="0" asserts="0">
        <properties />
        <test-suite type="TestSuite" id="1138" name="Tests" fullname="Factory.Tests" runstate="Runnable" testcasecount="115" result="Passed" start-time="2026-08-14 14:58:12Z" end-time="2026-08-14 14:58:14Z" duration="1.897585" total="115" passed="115" failed="0" inconclusive="0" skipped="0" asserts="0">
          <properties />
          <test-suite type="TestFixture" id="1001" name="BeltTransferResolverPhase2Tests" fullname="Factory.Tests.BeltTransferResolverPhase2Tests" classname="Factory.Tests.BeltTransferResolverPhase2Tests" runstate="Runnable" testcasecount="8" result="Passed" start-time="2026-08-14 14:58:12Z" end-time="2026-08-14 14:58:12Z" duration="0.239547" total="8" passed="8" failed="0" inconclusive="0" skipped="0" asserts="0">
            <properties />
            <test-case id="1003" name="BlockedChain_MatchesLegacyResolver" fullname="Factory.Tests.BeltTransferResolverPhase2Tests.BlockedChain_MatchesLegacyResolver" methodname="BlockedChain_MatchesLegacyResolver" classname="Factory.Tests.BeltTransferResolverPhase2Tests" runstate="Runnable" seed="92913255" result="Passed" start-time="2026-08-14 14:58:12Z" end-time="2026-08-14 14:58:12Z" duration="0.198968" asserts="0">
              <properties>
                <property name="retryIteration" value="0" />
                <property name="repeatIteration" value="0" />
              </properties>
            </test-case>
            <test-case id="1009" name="CandidateSelection_WorkScalesLinearlyTo4096Nodes" fullname="Factory.Tests.BeltTransferResolverPhase2Tests.CandidateSelection_WorkScalesLinearlyTo4096Nodes" methodname="CandidateSelection_WorkScalesLinearlyTo4096Nodes" classname="Factory.Tests.BeltTransferResolverPhase2Tests" runstate="Runnable" seed="969589856" result="Passed" start-time="2026-08-14 14:58:12Z" end-time="2026-08-14 14:58:12Z" duration="0.020160" asserts="0">
              <properties>
                <property name="retryIteration" value="0" />
                <property name="repeatIteration" value="0" />
              </properties>
              <output><![CDATA[Phase2 resolver 128: 0.0366 ms/tick, inspected=127
Phase2 resolver 512: 0.0798 ms/tick, inspected=511
Phase2 resolver 1024: 0.1578 ms/tick, inspected=1023
Phase2 resolver 4096: 0.6705 ms/tick, inspected=4095
]]></output>
            </test-case>
            <test-case id="1007" name="FullBeltLoop_MatchesLegacyResolver" fullname="Factory.Tests.BeltTransferResolverPhase2Tests.FullBeltLoop_MatchesLegacyResolver" methodname="FullBeltLoop_MatchesLegacyResolver" classname="Factory.Tests.BeltTransferResolverPhase2Tests" runstate="Runnable" seed="1303067892" result="Passed" start-time="2026-08-14 14:58:12Z" end-time="2026-08-14 14:58:12Z" duration="0.002154" asserts="0">
              <properties>
                <property name="retryIteration" value="0" />
                <property name="repeatIteration" value="0" />
              </properties>
            </test-case>
            <test-case id="1004" name="MergerRoundRobin_MatchesLegacyResolver" fullname="Factory.Tests.BeltTransferResolverPhase2Tests.MergerRoundRobin_MatchesLegacyResolver" methodname="MergerRoundRobin_MatchesLegacyResolver" classname="Factory.Tests.BeltTransferResolverPhase2Tests" runstate="Runnable" seed="714975196" result="Passed" start-time="2026-08-14 14:58:12Z" end-time="2026-08-14 14:58:12Z" duration="0.002674" asserts="0">
              <properties>
                <property name="retryIteration" value="0" />
                <property name="repeatIteration" value="0" />
              </properties>
            </test-case>
            <test-case id="1006" name="SplitterConflictFallback_MatchesLegacyResolver" fullname="Factory.Tests.BeltTransferResolverPhase2Tests.SplitterConflictFallback_MatchesLegacyResolver" methodname="SplitterConflictFallback_MatchesLegacyResolver" classname="Factory.Tests.BeltTransferResolverPhase2Tests" runstate="Runnable" seed="650079043" result="Passed" start-time="2026-08-14 14:58:12Z" end-time="2026-08-14 14:58:12Z" duration="0.002167" asserts="0">
              <properties>
                <property name="retryIteration" value="0" />
                <property name="repeatIteration" value="0" />
              </properties>
            </test-case>
            <test-case id="1005" name="SplitterRoundRobin_MatchesLegacyResolver" fullname="Factory.Tests.BeltTransferResolverPhase2Tests.SplitterRoundRobin_MatchesLegacyResolver" methodname="SplitterRoundRobin_MatchesLegacyResolver" classname="Factory.Tests.BeltTransferResolverPhase2Tests" runstate="Runnable" seed="385586805" result="Passed" start-time="2026-08-14 14:58:12Z" end-time="2026-08-14 14:58:12Z" duration="0.000893" asserts="0">
              <properties>
                <property name="retryIteration" value="0" />
                <property name="repeatIteration" value="0" />
              </properties>
            </test-case>
            <test-case id="1002" name="StraightReadyChain_MatchesLegacyResolver" fullname="Factory.Tests.BeltTransferResolverPhase2Tests.StraightReadyChain_MatchesLegacyResolver" methodname="StraightReadyChain_MatchesLegacyResolver" classname="Factory.Tests.BeltTransferResolverPhase2Tests" runstate="Runnable" seed="1906213358" result="Passed" start-time="2026-08-14 14:58:12Z" end-time="2026-08-14 14:58:12Z" duration="0.000828" asserts="0">
              <properties>
                <property name="retryIteration" value="0" />
                <property name="repeatIteration" value="0" />
              </properties>
            </test-case>
            <test-case id="1008" name="Topology_RebuildsOnlyWhenRevisionChanges" fullname="Factory.Tests.BeltTransferResolverPhase2Tests.Topology_RebuildsOnlyWhenRevisionChanges" methodname="Topology_RebuildsOnlyWhenRevisionChanges" classname="Factory.Tests.BeltTransferResolverPhase2Tests" runstate="Runnable" seed="1471497969" result="Passed" start-time="2026-08-14 14:58:12Z" end-time="2026-08-14 14:58:12Z" duration="0.000524" asserts="0">
              <properties>
                <property name="retryIteration" value="0" />
                <property name="repeatIteration" value="0" />
              </properties>
            </test-case>
          </test-suite>
          <test-suite type="TestFixture" id="1010" name="BeltTransferResolverPhase3Tests" fullname="Factory.Tests.BeltTransferResolverPhase3Tests" classname="Factory.Tests.BeltTransferResolverPhase3Tests" runstate="Runnable" testcasecount="3" result="Passed" start-time="2026-08-14 14:58:12Z" end-time="2026-08-14 14:58:12Z" duration="0.006777" total="3" passed="3" failed="0" inconclusive="0" skipped="0" asserts="0">
            <properties />
            <test-case id="1012" name="ArbitrationJob_ClosedLoopRotatesAtomically" fullname="Factory.Tests.BeltTransferResolverPhase3Tests.ArbitrationJob_ClosedLoopRotatesAtomically" methodname="ArbitrationJob_ClosedLoopRotatesAtomically" classname="Factory.Tests.BeltTransferResolverPhase3Tests" runstate="Runnable" seed="759509346" result="Passed" start-time="2026-08-14 14:58:12Z" end-time="2026-08-14 14:58:12Z" duration="0.002371" asserts="0">
              <properties>
                <property name="retryIteration" value="0" />
                <property name="repeatIteration" value="0" />
              </properties>
            </test-case>
            <test-case id="1011" name="ArbitrationJob_ReadyChainReportsCountsAndAdvances" fullname="Factory.Tests.BeltTransferResolverPhase3Tests.ArbitrationJob_ReadyChainReportsCountsAndAdvances" methodname="ArbitrationJob_ReadyChainReportsCountsAndAdvances" classname="Factory.Tests.BeltTransferResolverPhase3Tests" runstate="Runnable" seed="919321682" result="Passed" start-time="2026-08-14 14:58:12Z" end-time="2026-08-14 14:58:12Z" duration="0.002553" asserts="0">
              <properties>
                <property name="retryIteration" value="0" />
                <property name="repeatIteration" value="0" />
              </properties>
            </test-case>
            <test-case id="1013" name="ArbitrationJob_SplitterRoundRobinAdvancesCursor" fullname="Factory.Tests.BeltTransferResolverPhase3Tests.ArbitrationJob_SplitterRoundRobinAdvancesCursor" methodname="ArbitrationJob_SplitterRoundRobinAdvancesCursor" classname="Factory.Tests.BeltTransferResolverPhase3Tests" runstate="Runnable" seed="1165630426" result="Passed" start-time="2026-08-14 14:58:12Z" end-time="2026-08-14 14:58:12Z" duration="0.000742" asserts="0">
              <properties>
                <property name="retryIteration" value="0" />
                <property name="repeatIteration" value="0" />
              </properties>
            </test-case>
          </test-suite>
          <test-suite type="TestFixture" id="1014" name="BeltTransferResolverTests" fullname="Factory.Tests.BeltTransferResolverTests" classname="Factory.Tests.BeltTransferResolverTests" runstate="Runnable" testcasecount="7" result="Passed" start-time="2026-08-14 14:58:12Z" end-time="2026-08-14 14:58:12Z" duration="0.007470" total="7" passed="7" failed="0" inconclusive="0" skipped="0" asserts="0">
            <properties />
            <test-case id="1019" name="BlockedTarget_DoesNotMoveUpstreamWhenTargetIsNotReady" fullname="Factory.Tests.BeltTransferResolverTests.BlockedTarget_DoesNotMoveUpstreamWhenTargetIsNotReady" methodname="BlockedTarget_DoesNotMoveUpstreamWhenTargetIsNotReady" classname="Factory.Tests.BeltTransferResolverTests" runstate="Runnable" seed="984933543" result="Passed" start-time="2026-08-14 14:58:12Z" end-time="2026-08-14 14:58:12Z" duration="0.000872" asserts="0">
              <properties>
                <property name="retryIteration" value="0" />
                <property name="repeatIteration" value="0" />
              </properties>
            </test-case>
            <test-case id="1018" name="BlockedTarget_PreservesSourceAndTargetItems" fullname="Factory.Tests.BeltTransferResolverTests.BlockedTarget_PreservesSourceAndTargetItems" methodname="BlockedTarget_PreservesSourceAndTargetItems" classname="Factory.Tests.BeltTransferResolverTests" runstate="Runnable" seed="511080496" result="Passed" start-time="2026-08-14 14:58:12Z" end-time="2026-08-14 14:58:12Z" duration="0.000558" asserts="0">
              <properties>
                <property name="retryIteration" value="0" />
                <property name="repeatIteration" value="0" />
              </properties>
            </test-case>
            <test-case id="1020" name="CompetingSources_MergerUsesRoundRobinCursor" fullname="Factory.Tests.BeltTransferResolverTests.CompetingSources_MergerUsesRoundRobinCursor" methodname="CompetingSources_MergerUsesRoundRobinCursor" classname="Factory.Tests.BeltTransferResolverTests" runstate="Runnable" seed="245651290" result="Passed" start-time="2026-08-14 14:58:12Z" end-time="2026-08-14 14:58:12Z" duration="0.001654" asserts="0">
              <properties>
                <property name="retryIteration" value="0" />
                <property name="repeatIteration" value="0" />
              </properties>
            </test-case>
            <test-case id="1021" name="CompetingSources_WinnerDoesNotDependOnInsertionOrder" fullname="Factory.Tests.BeltTransferResolverTests.CompetingSources_WinnerDoesNotDependOnInsertionOrder" methodname="CompetingSources_WinnerDoesNotDependOnInsertionOrder" classname="Factory.Tests.BeltTransferResolverTests" runstate="Runnable" seed="995407216" result="Passed" start-time="2026-08-14 14:58:12Z" end-time="2026-08-14 14:58:12Z" duration="0.001289" asserts="0">
              <properties>
                <property name="retryIteration" value="0" />
                <property name="repeatIteration" value="0" />
              </properties>
            </test-case>
            <test-case id="1015" name="StraightLine_DoesNotMoveItemBeforeItIsReady" fullname="Factory.Tests.BeltTransferResolverTests.StraightLine_DoesNotMoveItemBeforeItIsReady" methodname="StraightLine_DoesNotMoveItemBeforeItIsReady" classname="Factory.Tests.BeltTransferResolverTests" runstate="Runnable" seed="165053354" result="Passed" start-time="2026-08-14 14:58:12Z" end-time="2026-08-14 14:58:12Z" duration="0.000558" asserts="0">
              <properties>
                <property name="retryIteration" value="0" />
                <property name="repeatIteration" value="0" />
              </properties>
            </test-case>
            <test-case id="1017" name="StraightLine_MovesReadyChainFromOneSnapshot" fullname="Factory.Tests.BeltTransferResolverTests.StraightLine_MovesReadyChainFromOneSnapshot" methodname="StraightLine_MovesReadyChainFromOneSnapshot" classname="Factory.Tests.BeltTransferResolverTests" runstate="Runnable" seed="1909148864" result="Passed" start-time="2026-08-14 14:58:12Z" end-time="2026-08-14 14:58:12Z" duration="0.000618" asserts="0">
              <properties>
                <property name="retryIteration" value="0" />
                <property name="repeatIteration" value="0" />
              </properties>
            </test-case>
            <test-case id="1016" name="StraightLine_MovesReadyItemIntoEmptyDownstreamNode" fullname="Factory.Tests.BeltTransferResolverTests.StraightLine_MovesReadyItemIntoEmptyDownstreamNode" methodname="StraightLine_MovesReadyItemIntoEmptyDownstreamNode" classname="Factory.Tests.BeltTransferResolverTests" runstate="Runnable" seed="396304381" result="Passed" start-time="2026-08-14 14:58:12Z" end-time="2026-08-14 14:58:12Z" duration="0.000793" asserts="0">
              <properties>
                <property name="retryIteration" value="0" />
                <property name="repeatIteration" value="0" />
              </properties>
            </test-case>
          </test-suite>
          <test-suite type="TestFixture" id="1022" name="BeltTransferSystemPhase1Tests" fullname="Factory.Tests.BeltTransferSystemPhase1Tests" classname="Factory.Tests.BeltTransferSystemPhase1Tests" runstate="Runnable" testcasecount="6" result="Passed" start-time="2026-08-14 14:58:12Z" end-time="2026-08-14 14:58:12Z" duration="0.101812" total="6" passed="6" failed="0" inconclusive="0" skipped="0" asserts="0">
            <properties />
            <test-case id="1023" name="BuildingInput_ConsumesReadyBeltItemAndPublishesReceipt" fullname="Factory.Tests.BeltTransferSystemPhase1Tests.BuildingInput_ConsumesReadyBeltItemAndPublishesReceipt" methodname="BuildingInput_ConsumesReadyBeltItemAndPublishesReceipt" classname="Factory.Tests.BeltTransferSystemPhase1Tests" runstate="Runnable" seed="1028482887" result="Passed" start-time="2026-08-14 14:58:12Z" end-time="2026-08-14 14:58:12Z" duration="0.079812" asserts="0">
              <properties>
                <property name="retryIteration" value="0" />
                <property name="repeatIteration" value="0" />
              </properties>
            </test-case>
            <test-case id="1024" name="BuildingOutput_InstantiatesPrefabWithPreloadedItemComponent" fullname="Factory.Tests.BeltTransferSystemPhase1Tests.BuildingOutput_InstantiatesPrefabWithPreloadedItemComponent" methodname="BuildingOutput_InstantiatesPrefabWithPreloadedItemComponent" classname="Factory.Tests.BeltTransferSystemPhase1Tests" runstate="Runnable" seed="81574457" result="Passed" start-time="2026-08-14 14:58:12Z" end-time="2026-08-14 14:58:12Z" duration="0.011299" asserts="0">
              <properties>
                <property name="retryIteration" value="0" />
                <property name="repeatIteration" value="0" />
              </properties>
            </test-case>
            <test-case id="1025" name="BuildingOutput_StackedAvailabilityTransfersOnlyOneItemPerTick" fullname="Factory.Tests.BeltTransferSystemPhase1Tests.BuildingOutput_StackedAvailabilityTransfersOnlyOneItemPerTick" methodname="BuildingOutput_StackedAvailabilityTransfersOnlyOneItemPerTick" classname="Factory.Tests.BeltTransferSystemPhase1Tests" runstate="Runnable" seed="523746890" result="Passed" start-time="2026-08-14 14:58:12Z" end-time="2026-08-14 14:58:12Z" duration="0.001366" asserts="0">
              <properties>
                <property name="retryIteration" value="0" />
                <property name="repeatIteration" value="0" />
              </properties>
            </test-case>
            <test-case id="1026" name="BuildingOutput_WhenItemPrefabMissingItemComponent_StillInjectsItem" fullname="Factory.Tests.BeltTransferSystemPhase1Tests.BuildingOutput_WhenItemPrefabMissingItemComponent_StillInjectsItem" methodname="BuildingOutput_WhenItemPrefabMissingItemComponent_StillInjectsItem" classname="Factory.Tests.BeltTransferSystemPhase1Tests" runstate="Runnable" seed="741958652" result="Passed" start-time="2026-08-14 14:58:12Z" end-time="2026-08-14 14:58:12Z" duration="0.002800" asserts="0">
              <properties>
                <property name="retryIteration" value="0" />
                <property name="repeatIteration" value="0" />
              </properties>
            </test-case>
            <test-case id="1027" name="BuildingOutput_WhenItemPrefabMissingLocalTransform_AddsTransform" fullname="Factory.Tests.BeltTransferSystemPhase1Tests.BuildingOutput_WhenItemPrefabMissingLocalTransform_AddsTransform" methodname="BuildingOutput_WhenItemPrefabMissingLocalTransform_AddsTransform" classname="Factory.Tests.BeltTransferSystemPhase1Tests" runstate="Runnable" seed="1024714003" result="Passed" start-time="2026-08-14 14:58:12Z" end-time="2026-08-14 14:58:12Z" duration="0.001588" asserts="0">
              <properties>
                <property name="retryIteration" value="0" />
                <property name="repeatIteration" value="0" />
              </properties>
            </test-case>
            <test-case id="1028" name="PortOwnerOrder_RebuildsOnlyAfterGridRevisionChanges" fullname="Factory.Tests.BeltTransferSystemPhase1Tests.PortOwnerOrder_RebuildsOnlyAfterGridRevisionChanges" methodname="PortOwnerOrder_RebuildsOnlyAfterGridRevisionChanges" classname="Factory.Tests.BeltTransferSystemPhase1Tests" runstate="Runnable" seed="1102857320" result="Passed" start-time="2026-08-14 14:58:12Z" end-time="2026-08-14 14:58:12Z" duration="0.003082" asserts="0">
              <properties>
                <property name="retryIteration" value="0" />
                <property name="repeatIteration" value="0" />
              </properties>
            </test-case>
          </test-suite>
          <test-suite type="TestFixture" id="1029" name="BeltTransferSystemPhase3Tests" fullname="Factory.Tests.BeltTransferSystemPhase3Tests" classname="Factory.Tests.BeltTransferSystemPhase3Tests" runstate="Runnable" testcasecount="5" result="Passed" start-time="2026-08-14 14:58:12Z" end-time="2026-08-14 14:58:12Z" duration="0.008844" total="5" passed="5" failed="0" inconclusive="0" skipped="0" asserts="0">
            <properties />
            <test-case id="1030" name="Belt_IsSplitIntoTopologyAndStateComponents" fullname="Factory.Tests.BeltTransferSystemPhase3Tests.Belt_IsSplitIntoTopologyAndStateComponents" methodname="Belt_IsSplitIntoTopologyAndStateComponents" classname="Factory.Tests.BeltTransferSystemPhase3Tests" runstate="Runnable" seed="754431261" result="Passed" start-time="2026-08-14 14:58:12Z" end-time="2026-08-14 14:58:12Z" duration="0.001219" asserts="0">
              <properties>
                <property name="retryIteration" value="0" />
                <property name="repeatIteration" value="0" />
              </properties>
            </test-case>
            <test-case id="1034" name="BuildingOutput_ItemExistsOnlyAfterTransferEcbPlayback" fullname="Factory.Tests.BeltTransferSystemPhase3Tests.BuildingOutput_ItemExistsOnlyAfterTransferEcbPlayback" methodname="BuildingOutput_ItemExistsOnlyAfterTransferEcbPlayback" classname="Factory.Tests.BeltTransferSystemPhase3Tests" runstate="Runnable" seed="1837175280" result="Passed" start-time="2026-08-14 14:58:12Z" end-time="2026-08-14 14:58:12Z" duration="0.002044" asserts="0">
              <properties>
                <property name="retryIteration" value="0" />
                <property name="repeatIteration" value="0" />
              </properties>
            </test-case>
            <test-case id="1032" name="MultipleTransferTicks_AdvanceChainWithoutLosingItems" fullname="Factory.Tests.BeltTransferSystemPhase3Tests.MultipleTransferTicks_AdvanceChainWithoutLosingItems" methodname="MultipleTransferTicks_AdvanceChainWithoutLosingItems" classname="Factory.Tests.BeltTransferSystemPhase3Tests" runstate="Runnable" seed="580484925" result="Passed" start-time="2026-08-14 14:58:12Z" end-time="2026-08-14 14:58:12Z" duration="0.001307" asserts="0">
              <properties>
                <property name="retryIteration" value="0" />
                <property name="repeatIteration" value="0" />
              </properties>
            </test-case>
            <test-case id="1031" name="TransferTick_MovesReadyItemIntoEmptyDownstreamBelt" fullname="Factory.Tests.BeltTransferSystemPhase3Tests.TransferTick_MovesReadyItemIntoEmptyDownstreamBelt" methodname="TransferTick_MovesReadyItemIntoEmptyDownstreamBelt" classname="Factory.Tests.BeltTransferSystemPhase3Tests" runstate="Runnable" seed="1209405877" result="Passed" start-time="2026-08-14 14:58:12Z" end-time="2026-08-14 14:58:12Z" duration="0.000874" asserts="0">
              <properties>
                <property name="retryIteration" value="0" />
                <property name="repeatIteration" value="0" />
              </properties>
            </test-case>
            <test-case id="1033" name="TransferTick_WritesStatsFromArbitrationJob" fullname="Factory.Tests.BeltTransferSystemPhase3Tests.TransferTick_WritesStatsFromArbitrationJob" methodname="TransferTick_WritesStatsFromArbitrationJob" classname="Factory.Tests.BeltTransferSystemPhase3Tests" runstate="Runnable" seed="785846008" result="Passed" start-time="2026-08-14 14:58:12Z" end-time="2026-08-14 14:58:12Z" duration="0.002385" asserts="0">
              <properties>
                <property name="retryIteration" value="0" />
                <property name="repeatIteration" value="0" />
              </properties>
            </test-case>
          </test-suite>
          <test-suite type="TestFixture" id="1035" name="BeltTransferSystemPhase4Tests" fullname="Factory.Tests.BeltTransferSystemPhase4Tests" classname="Factory.Tests.BeltTransferSystemPhase4Tests" runstate="Runnable" testcasecount="6" result="Passed" start-time="2026-08-14 14:58:12Z" end-time="2026-08-14 14:58:12Z" duration="0.033575" total="6" passed="6" failed="0" inconclusive="0" skipped="0" asserts="0">
            <properties />
            <test-case id="1036" name="BuildingInput_ReturnsItemToPoolInsteadOfDestroying" fullname="Factory.Tests.BeltTransferSystemPhase4Tests.BuildingInput_ReturnsItemToPoolInsteadOfDestroying" methodname="BuildingInput_ReturnsItemToPoolInsteadOfDestroying" classname="Factory.Tests.BeltTransferSystemPhase4Tests" runstate="Runnable" seed="801766595" result="Passed" start-time="2026-08-14 14:58:12Z" end-time="2026-08-14 14:58:12Z" duration="0.005442" asserts="0">
              <properties>
                <property name="retryIteration" value="0" />
                <property name="repeatIteration" value="0" />
              </properties>
            </test-case>
            <test-case id="1037" name="BuildingInput_StillDestroysWhenNoPoolExists" fullname="Factory.Tests.BeltTransferSystemPhase4Tests.BuildingInput_StillDestroysWhenNoPoolExists" methodname="BuildingInput_StillDestroysWhenNoPoolExists" classname="Factory.Tests.BeltTransferSystemPhase4Tests" runstate="Runnable" seed="1909531587" result="Passed" start-time="2026-08-14 14:58:12Z" end-time="2026-08-14 14:58:12Z" duration="0.001093" asserts="0">
              <properties>
                <property name="retryIteration" value="0" />
                <property name="repeatIteration" value="0" />
              </properties>
            </test-case>
            <test-case id="1038" name="BuildingOutput_ReusesPooledItemWithoutInstantiate" fullname="Factory.Tests.BeltTransferSystemPhase4Tests.BuildingOutput_ReusesPooledItemWithoutInstantiate" methodname="BuildingOutput_ReusesPooledItemWithoutInstantiate" classname="Factory.Tests.BeltTransferSystemPhase4Tests" runstate="Runnable" seed="1487716590" result="Passed" start-time="2026-08-14 14:58:12Z" end-time="2026-08-14 14:58:12Z" duration="0.004008" asserts="0">
              <properties>
                <property name="retryIteration" value="0" />
                <property name="repeatIteration" value="0" />
              </properties>
            </test-case>
            <test-case id="1040" name="PresentationSystem_InterpolatesAlongVisualProgress" fullname="Factory.Tests.BeltTransferSystemPhase4Tests.PresentationSystem_InterpolatesAlongVisualProgress" methodname="PresentationSystem_InterpolatesAlongVisualProgress" classname="Factory.Tests.BeltTransferSystemPhase4Tests" runstate="Runnable" seed="70976946" result="Passed" start-time="2026-08-14 14:58:12Z" end-time="2026-08-14 14:58:12Z" duration="0.010316" asserts="0">
              <properties>
                <property name="retryIteration" value="0" />
                <property name="repeatIteration" value="0" />
              </properties>
            </test-case>
            <test-case id="1041" name="PresentationSystem_PreservesPostTransformScale" fullname="Factory.Tests.BeltTransferSystemPhase4Tests.PresentationSystem_PreservesPostTransformScale" methodname="PresentationSystem_PreservesPostTransformScale" classname="Factory.Tests.BeltTransferSystemPhase4Tests" runstate="Runnable" seed="187306301" result="Passed" start-time="2026-08-14 14:58:12Z" end-time="2026-08-14 14:58:12Z" duration="0.003111" asserts="0">
              <properties>
                <property name="retryIteration" value="0" />
                <property name="repeatIteration" value="0" />
              </properties>
            </test-case>
            <test-case id="1039" name="VisualCaptureSystem_SamplesLatestTransportPosition" fullname="Factory.Tests.BeltTransferSystemPhase4Tests.VisualCaptureSystem_SamplesLatestTransportPosition" methodname="VisualCaptureSystem_SamplesLatestTransportPosition" classname="Factory.Tests.BeltTransferSystemPhase4Tests" runstate="Runnable" seed="1749492282" result="Passed" start-time="2026-08-14 14:58:12Z" end-time="2026-08-14 14:58:12Z" duration="0.008497" asserts="0">
              <properties>
                <property name="retryIteration" value="0" />
                <property name="repeatIteration" value="0" />
              </properties>
            </test-case>
          </test-suite>
          <test-suite type="TestFixture" id="1042" name="FixtureSmokeTests" fullname="Factory.Tests.FixtureSmokeTests" classname="Factory.Tests.FixtureSmokeTests" runstate="Runnable" testcasecount="2" result="Passed" start-time="2026-08-14 14:58:12Z" end-time="2026-08-14 14:58:12Z" duration="0.003144" total="2" passed="2" failed="0" inconclusive="0" skipped="0" asserts="0">
            <properties />
            <test-case id="1044" name="FactoryWorldFixture_CreatesIsolatedTransportEntities" fullname="Factory.Tests.FixtureSmokeTests.FactoryWorldFixture_CreatesIsolatedTransportEntities" methodname="FactoryWorldFixture_CreatesIsolatedTransportEntities" classname="Factory.Tests.FixtureSmokeTests" runstate="Runnable" seed="1921653418" result="Passed" start-time="2026-08-14 14:58:12Z" end-time="2026-08-14 14:58:12Z" duration="0.001005" asserts="0">
              <properties>
                <property name="retryIteration" value="0" />
                <property name="repeatIteration" value="0" />
              </properties>
            </test-case>
            <test-case id="1043" name="TransportScenario_AdvancesOneStraightTransfer" fullname="Factory.Tests.FixtureSmokeTests.TransportScenario_AdvancesOneStraightTransfer" methodname="TransportScenario_AdvancesOneStraightTransfer" classname="Factory.Tests.FixtureSmokeTests" runstate="Runnable" seed="1063700777" result="Passed" start-time="2026-08-14 14:58:12Z" end-time="2026-08-14 14:58:12Z" duration="0.001342" asserts="0">
              <properties>
                <property name="retryIteration" value="0" />
                <property name="repeatIteration" value="0" />
              </properties>
            </test-case>
          </test-suite>
          <test-suite type="TestFixture" id="1045" name="MultiLevelStage0BaselineTests" fullname="Factory.Tests.MultiLevelStage0BaselineTests" classname="Factory.Tests.MultiLevelStage0BaselineTests" runstate="Runnable" testcasecount="18" result="Passed" start-time="2026-08-14 14:58:12Z" end-time="2026-08-14 14:58:12Z" duration="0.011013" total="18" passed="18" failed="0" inconclusive="0" skipped="0" asserts="0">
            <properties />
            <test-case id="1064" name="BeltPath_HorizontalFirstFreezesXPriorityCornerAndDirections" fullname="Factory.Tests.MultiLevelStage0BaselineTests.BeltPath_HorizontalFirstFreezesXPriorityCornerAndDirections" methodname="BeltPath_HorizontalFirstFreezesXPriorityCornerAndDirections" classname="Factory.Tests.MultiLevelStage0BaselineTests" runstate="Runnable" seed="1709619532" result="Passed" start-time="2026-08-14 14:58:12Z" end-time="2026-08-14 14:58:12Z" duration="0.001980" asserts="0">
              <properties>
                <property name="retryIteration" value="0" />
                <property name="repeatIteration" value="0" />
              </properties>
            </test-case>
            <test-case id="1065" name="BeltPath_VerticalFirstFreezesZPriorityCornerAndDirections" fullname="Factory.Tests.MultiLevelStage0BaselineTests.BeltPath_VerticalFirstFreezesZPriorityCornerAndDirections" methodname="BeltPath_VerticalFirstFreezesZPriorityCornerAndDirections" classname="Factory.Tests.MultiLevelStage0BaselineTests" runstate="Runnable" seed="1365942250" result="Passed" start-time="2026-08-14 14:58:12Z" end-time="2026-08-14 14:58:12Z" duration="0.000355" asserts="0">
              <properties>
                <property name="retryIteration" value="0" />
                <property name="repeatIteration" value="0" />
              </properties>
            </test-case>
            <test-suite type="ParameterizedMethod" id="1061" name="MultiCellFootprint_FourRotationsPreserveEveryCell" fullname="Factory.Tests.MultiLevelStage0BaselineTests.MultiCellFootprint_FourRotationsPreserveEveryCell" classname="Factory.Tests.MultiLevelStage0BaselineTests" runstate="Runnable" testcasecount="4" result="Passed" start-time="2026-08-14 14:58:12Z" end-time="2026-08-14 14:58:12Z" duration="0.002042" total="4" passed="4" failed="0" inconclusive="0" skipped="0" asserts="0">
              <properties />
              <test-case id="1057" name="MultiCellFootprint_FourRotationsPreserveEveryCell(0,2,3)" fullname="Factory.Tests.MultiLevelStage0BaselineTests.MultiCellFootprint_FourRotationsPreserveEveryCell(0,2,3)" methodname="MultiCellFootprint_FourRotationsPreserveEveryCell" classname="Factory.Tests.MultiLevelStage0BaselineTests" runstate="Runnable" seed="1397395686" result="Passed" start-time="2026-08-14 14:58:12Z" end-time="2026-08-14 14:58:12Z" duration="0.001330" asserts="0">
                <properties>
                  <property name="retryIteration" value="0" />
                  <property name="repeatIteration" value="0" />
                </properties>
              </test-case>
              <test-case id="1058" name="MultiCellFootprint_FourRotationsPreserveEveryCell(1,3,2)" fullname="Factory.Tests.MultiLevelStage0BaselineTests.MultiCellFootprint_FourRotationsPreserveEveryCell(1,3,2)" methodname="MultiCellFootprint_FourRotationsPreserveEveryCell" classname="Factory.Tests.MultiLevelStage0BaselineTests" runstate="Runnable" seed="7981036" result="Passed" start-time="2026-08-14 14:58:12Z" end-time="2026-08-14 14:58:12Z" duration="0.000050" asserts="0">
                <properties>
                  <property name="retryIteration" value="0" />
                  <property name="repeatIteration" value="0" />
                </properties>
              </test-case>
              <test-case id="1059" name="MultiCellFootprint_FourRotationsPreserveEveryCell(2,2,3)" fullname="Factory.Tests.MultiLevelStage0BaselineTests.MultiCellFootprint_FourRotationsPreserveEveryCell(2,2,3)" methodname="MultiCellFootprint_FourRotationsPreserveEveryCell" classname="Factory.Tests.MultiLevelStage0BaselineTests" runstate="Runnable" seed="80154830" result="Passed" start-time="2026-08-14 14:58:12Z" end-time="2026-08-14 14:58:12Z" duration="0.000034" asserts="0">
                <properties>
                  <property name="retryIteration" value="0" />
                  <property name="repeatIteration" value="0" />
                </properties>
              </test-case>
              <test-case id="1060" name="MultiCellFootprint_FourRotationsPreserveEveryCell(3,3,2)" fullname="Factory.Tests.MultiLevelStage0BaselineTests.MultiCellFootprint_FourRotationsPreserveEveryCell(3,3,2)" methodname="MultiCellFootprint_FourRotationsPreserveEveryCell" classname="Factory.Tests.MultiLevelStage0BaselineTests" runstate="Runnable" seed="1186017440" result="Passed" start-time="2026-08-14 14:58:12Z" end-time="2026-08-14 14:58:12Z" duration="0.000028" asserts="0">
                <properties>
                  <property name="retryIteration" value="0" />
                  <property name="repeatIteration" value="0" />
                </properties>
              </test-case>
            </test-suite>
            <test-case id="1063" name="RectangularGrid_ContainsIncludesOriginAndExcludesEveryBoundary" fullname="Factory.Tests.MultiLevelStage0BaselineTests.RectangularGrid_ContainsIncludesOriginAndExcludesEveryBoundary" methodname="RectangularGrid_ContainsIncludesOriginAndExcludesEveryBoundary" classname="Factory.Tests.MultiLevelStage0BaselineTests" runstate="Runnable" seed="1952972531" result="Passed" start-time="2026-08-14 14:58:12Z" end-time="2026-08-14 14:58:12Z" duration="0.000296" asserts="0">
              <properties>
                <property name="retryIteration" value="0" />
                <property name="repeatIteration" value="0" />
              </properties>
            </test-case>
            <test-case id="1062" name="SingleCellFootprint_IsInvariantUnderRotation" fullname="Factory.Tests.MultiLevelStage0BaselineTests.SingleCellFootprint_IsInvariantUnderRotation" methodname="SingleCellFootprint_IsInvariantUnderRotation" classname="Factory.Tests.MultiLevelStage0BaselineTests" runstate="Runnable" seed="246547050" result="Passed" start-time="2026-08-14 14:58:12Z" end-time="2026-08-14 14:58:12Z" duration="0.000176" asserts="0">
              <properties>
                <property name="retryIteration" value="0" />
                <property name="repeatIteration" value="0" />
              </properties>
            </test-case>
            <test-case id="1066" name="TransportTopologyDiagnostics_RecordRebuildNodesAndDuration" fullname="Factory.Tests.MultiLevelStage0BaselineTests.TransportTopologyDiagnostics_RecordRebuildNodesAndDuration" methodname="TransportTopologyDiagnostics_RecordRebuildNodesAndDuration" classname="Factory.Tests.MultiLevelStage0BaselineTests" runstate="Runnable" seed="943833941" result="Passed" start-time="2026-08-14 14:58:12Z" end-time="2026-08-14 14:58:12Z" duration="0.003072" asserts="0">
              <properties>
                <property name="retryIteration" value="0" />
                <property name="repeatIteration" value="0" />
              </properties>
            </test-case>
            <test-suite type="ParameterizedMethod" id="1056" name="WorldAndCellConversion_RoundTripsCellCenters" fullname="Factory.Tests.MultiLevelStage0BaselineTests.WorldAndCellConversion_RoundTripsCellCenters" classname="Factory.Tests.MultiLevelStage0BaselineTests" runstate="Runnable" testcasecount="4" result="Passed" start-time="2026-08-14 14:58:12Z" end-time="2026-08-14 14:58:12Z" duration="0.001172" total="4" passed="4" failed="0" inconclusive="0" skipped="0" asserts="0">
              <properties />
              <test-case id="1052" name="WorldAndCellConversion_RoundTripsCellCenters(0,0)" fullname="Factory.Tests.MultiLevelStage0BaselineTests.WorldAndCellConversion_RoundTripsCellCenters(0,0)" methodname="WorldAndCellConversion_RoundTripsCellCenters" classname="Factory.Tests.MultiLevelStage0BaselineTests" runstate="Runnable" seed="663970533" result="Passed" start-time="2026-08-14 14:58:12Z" end-time="2026-08-14 14:58:12Z" duration="0.000564" asserts="0">
                <properties>
                  <property name="retryIteration" value="0" />
                  <property name="repeatIteration" value="0" />
                </properties>
              </test-case>
              <test-case id="1053" name="WorldAndCellConversion_RoundTripsCellCenters(7,11)" fullname="Factory.Tests.MultiLevelStage0BaselineTests.WorldAndCellConversion_RoundTripsCellCenters(7,11)" methodname="WorldAndCellConversion_RoundTripsCellCenters" classname="Factory.Tests.MultiLevelStage0BaselineTests" runstate="Runnable" seed="203168989" result="Passed" start-time="2026-08-14 14:58:12Z" end-time="2026-08-14 14:58:12Z" duration="0.000065" asserts="0">
                <properties>
                  <property name="retryIteration" value="0" />
                  <property name="repeatIteration" value="0" />
                </properties>
              </test-case>
              <test-case id="1054" name="WorldAndCellConversion_RoundTripsCellCenters(-1,-1)" fullname="Factory.Tests.MultiLevelStage0BaselineTests.WorldAndCellConversion_RoundTripsCellCenters(-1,-1)" methodname="WorldAndCellConversion_RoundTripsCellCenters" classname="Factory.Tests.MultiLevelStage0BaselineTests" runstate="Runnable" seed="1286887691" result="Passed" start-time="2026-08-14 14:58:12Z" end-time="2026-08-14 14:58:12Z" duration="0.000043" asserts="0">
                <properties>
                  <property name="retryIteration" value="0" />
                  <property name="repeatIteration" value="0" />
                </properties>
              </test-case>
              <test-case id="1055" name="WorldAndCellConversion_RoundTripsCellCenters(-17,31)" fullname="Factory.Tests.MultiLevelStage0BaselineTests.WorldAndCellConversion_RoundTripsCellCenters(-17,31)" methodname="WorldAndCellConversion_RoundTripsCellCenters" classname="Factory.Tests.MultiLevelStage0BaselineTests" runstate="Runnable" seed="1407199689" result="Passed" start-time="2026-08-14 14:58:12Z" end-time="2026-08-14 14:58:12Z" duration="0.000030" asserts="0">
                <properties>
                  <property name="retryIteration" value="0" />
                  <property name="repeatIteration" value="0" />
                </properties>
              </test-case>
            </test-suite>
            <test-suite type="ParameterizedMethod" id="1051" name="WorldToCell_DefaultGridUsesFloorSemantics" fullname="Factory.Tests.MultiLevelStage0BaselineTests.WorldToCell_DefaultGridUsesFloorSemantics" classname="Factory.Tests.MultiLevelStage0BaselineTests" runstate="Runnable" testcasecount="5" result="Passed" start-time="2026-08-14 14:58:12Z" end-time="2026-08-14 14:58:12Z" duration="0.000780" total="5" passed="5" failed="0" inconclusive="0" skipped="0" asserts="0">
              <properties />
              <test-case id="1046" name="WorldToCell_DefaultGridUsesFloorSemantics(0.0f,0.0f,0,0)" fullname="Factory.Tests.MultiLevelStage0BaselineTests.WorldToCell_DefaultGridUsesFloorSemantics(0.0f,0.0f,0,0)" methodname="WorldToCell_DefaultGridUsesFloorSemantics" classname="Factory.Tests.MultiLevelStage0BaselineTests" runstate="Runnable" seed="1460194680" result="Passed" start-time="2026-08-14 14:58:12Z" end-time="2026-08-14 14:58:12Z" duration="0.000264" asserts="0">
                <properties>
                  <property name="retryIteration" value="0" />
                  <property name="repeatIteration" value="0" />
                </properties>
              </test-case>
              <test-case id="1047" name="WorldToCell_DefaultGridUsesFloorSemantics(0.999f,0.999f,0,0)" fullname="Factory.Tests.MultiLevelStage0BaselineTests.WorldToCell_DefaultGridUsesFloorSemantics(0.999f,0.999f,0,0)" methodname="WorldToCell_DefaultGridUsesFloorSemantics" classname="Factory.Tests.MultiLevelStage0BaselineTests" runstate="Runnable" seed="149575633" result="Passed" start-time="2026-08-14 14:58:12Z" end-time="2026-08-14 14:58:12Z" duration="0.000049" asserts="0">
                <properties>
                  <property name="retryIteration" value="0" />
                  <property name="repeatIteration" value="0" />
                </properties>
              </test-case>
              <test-case id="1048" name="WorldToCell_DefaultGridUsesFloorSemantics(1.0f,1.0f,1,1)" fullname="Factory.Tests.MultiLevelStage0BaselineTests.WorldToCell_DefaultGridUsesFloorSemantics(1.0f,1.0f,1,1)" methodname="WorldToCell_DefaultGridUsesFloorSemantics" classname="Factory.Tests.MultiLevelStage0BaselineTests" runstate="Runnable" seed="1485282841" result="Passed" start-time="2026-08-14 14:58:12Z" end-time="2026-08-14 14:58:12Z" duration="0.000033" asserts="0">
                <properties>
                  <property name="retryIteration" value="0" />
                  <property name="repeatIteration" value="0" />
                </properties>
              </test-case>
              <test-case id="1049" name="WorldToCell_DefaultGridUsesFloorSemantics(-0.001f,-0.001f,-1,-1)" fullname="Factory.Tests.MultiLevelStage0BaselineTests.WorldToCell_DefaultGridUsesFloorSemantics(-0.001f,-0.001f,-1,-1)" methodname="WorldToCell_DefaultGridUsesFloorSemantics" classname="Factory.Tests.MultiLevelStage0BaselineTests" runstate="Runnable" seed="643195187" result="Passed" start-time="2026-08-14 14:58:12Z" end-time="2026-08-14 14:58:12Z" duration="0.000030" asserts="0">
                <properties>
                  <property name="retryIteration" value="0" />
                  <property name="repeatIteration" value="0" />
                </properties>
              </test-case>
              <test-case id="1050" name="WorldToCell_DefaultGridUsesFloorSemantics(-1.0f,-1.0f,-1,-1)" fullname="Factory.Tests.MultiLevelStage0BaselineTests.WorldToCell_DefaultGridUsesFloorSemantics(-1.0f,-1.0f,-1,-1)" methodname="WorldToCell_DefaultGridUsesFloorSemantics" classname="Factory.Tests.MultiLevelStage0BaselineTests" runstate="Runnable" seed="166197293" result="Passed" start-time="2026-08-14 14:58:12Z" end-time="2026-08-14 14:58:12Z" duration="0.000029" asserts="0">
                <properties>
                  <property name="retryIteration" value="0" />
                  <property name="repeatIteration" value="0" />
                </properties>
              </test-case>
            </test-suite>
          </test-suite>
          <test-suite type="TestFixture" id="1074" name="MultiLevelStage0BuildTransactionTests" fullname="Factory.Tests.MultiLevelStage0BuildTransactionTests" classname="Factory.Tests.MultiLevelStage0BuildTransactionTests" runstate="Runnable" testcasecount="1" result="Passed" start-time="2026-08-14 14:58:12Z" end-time="2026-08-14 14:58:12Z" duration="0.047926" total="1" passed="1" failed="0" inconclusive="0" skipped="0" asserts="0">
            <properties />
            <test-case id="1075" name="BeltPath_WhenAnyCellIsOccupied_RollsBackEntirePath" fullname="Factory.Tests.MultiLevelStage0BuildTransactionTests.BeltPath_WhenAnyCellIsOccupied_RollsBackEntirePath" methodname="BeltPath_WhenAnyCellIsOccupied_RollsBackEntirePath" classname="Factory.Tests.MultiLevelStage0BuildTransactionTests" runstate="Runnable" seed="1087876094" result="Passed" start-time="2026-08-14 14:58:12Z" end-time="2026-08-14 14:58:12Z" duration="0.047235" asserts="0">
              <properties>
                <property name="retryIteration" value="0" />
                <property name="repeatIteration" value="0" />
              </properties>
            </test-case>
          </test-suite>
          <test-suite type="TestFixture" id="1067" name="MultiLevelStage1AddressTests" fullname="Factory.Tests.MultiLevelStage1AddressTests" classname="Factory.Tests.MultiLevelStage1AddressTests" runstate="Runnable" testcasecount="6" result="Passed" start-time="2026-08-14 14:58:12Z" end-time="2026-08-14 14:58:12Z" duration="0.003664" total="6" passed="6" failed="0" inconclusive="0" skipped="0" asserts="0">
            <properties />
            <test-case id="1071" name="BeltPath_CrossLevelEndpointsAreRejected" fullname="Factory.Tests.MultiLevelStage1AddressTests.BeltPath_CrossLevelEndpointsAreRejected" methodname="BeltPath_CrossLevelEndpointsAreRejected" classname="Factory.Tests.MultiLevelStage1AddressTests" runstate="Runnable" seed="918065761" result="Passed" start-time="2026-08-14 14:58:12Z" end-time="2026-08-14 14:58:12Z" duration="0.000710" asserts="0">
              <properties>
                <property name="retryIteration" value="0" />
                <property name="repeatIteration" value="0" />
              </properties>
            </test-case>
            <test-case id="1073" name="BuildingRuntimeIds_AreMonotonicAndIndependentOfCell" fullname="Factory.Tests.MultiLevelStage1AddressTests.BuildingRuntimeIds_AreMonotonicAndIndependentOfCell" methodname="BuildingRuntimeIds_AreMonotonicAndIndependentOfCell" classname="Factory.Tests.MultiLevelStage1AddressTests" runstate="Runnable" seed="1318895817" result="Passed" start-time="2026-08-14 14:58:12Z" end-time="2026-08-14 14:58:12Z" duration="0.000182" asserts="0">
              <properties>
                <property name="retryIteration" value="0" />
                <property name="repeatIteration" value="0" />
              </properties>
            </test-case>
            <test-case id="1068" name="GridCell_LevelParticipatesInEqualityAndHashing" fullname="Factory.Tests.MultiLevelStage1AddressTests.GridCell_LevelParticipatesInEqualityAndHashing" methodname="GridCell_LevelParticipatesInEqualityAndHashing" classname="Factory.Tests.MultiLevelStage1AddressTests" runstate="Runnable" seed="25901288" result="Passed" start-time="2026-08-14 14:58:12Z" end-time="2026-08-14 14:58:12Z" duration="0.000233" asserts="0">
              <properties>
                <property name="retryIteration" value="0" />
                <property name="repeatIteration" value="0" />
              </properties>
            </test-case>
            <test-case id="1070" name="LegacyRectangularGrid_AcceptsOnlyLevelZero" fullname="Factory.Tests.MultiLevelStage1AddressTests.LegacyRectangularGrid_AcceptsOnlyLevelZero" methodname="LegacyRectangularGrid_AcceptsOnlyLevelZero" classname="Factory.Tests.MultiLevelStage1AddressTests" runstate="Runnable" seed="966285337" result="Passed" start-time="2026-08-14 14:58:12Z" end-time="2026-08-14 14:58:12Z" duration="0.000152" asserts="0">
              <properties>
                <property name="retryIteration" value="0" />
                <property name="repeatIteration" value="0" />
              </properties>
            </test-case>
            <test-case id="1072" name="TransportResolver_DoesNotConnectSameHorizontalCellsAcrossLevels" fullname="Factory.Tests.MultiLevelStage1AddressTests.TransportResolver_DoesNotConnectSameHorizontalCellsAcrossLevels" methodname="TransportResolver_DoesNotConnectSameHorizontalCellsAcrossLevels" classname="Factory.Tests.MultiLevelStage1AddressTests" runstate="Runnable" seed="1597692893" result="Passed" start-time="2026-08-14 14:58:12Z" end-time="2026-08-14 14:58:12Z" duration="0.000639" asserts="0">
              <properties>
                <property name="retryIteration" value="0" />
                <property name="repeatIteration" value="0" />
              </properties>
            </test-case>
            <test-case id="1069" name="WorldGridConfig_ConvertsAllThreeAddressAxes" fullname="Factory.Tests.MultiLevelStage1AddressTests.WorldGridConfig_ConvertsAllThreeAddressAxes" methodname="WorldGridConfig_ConvertsAllThreeAddressAxes" classname="Factory.Tests.MultiLevelStage1AddressTests" runstate="Runnable" seed="1846813019" result="Passed" start-time="2026-08-14 14:58:12Z" end-time="2026-08-14 14:58:12Z" duration="0.000585" asserts="0">
              <properties>
                <property name="retryIteration" value="0" />
                <property name="repeatIteration" value="0" />
              </properties>
            </test-case>
          </test-suite>
          <test-suite type="TestFixture" id="1076" name="PerformanceScenarioLayoutTests" fullname="Factory.Tests.PerformanceScenarioLayoutTests" classname="Factory.Tests.PerformanceScenarioLayoutTests" runstate="Runnable" testcasecount="19" result="Passed" start-time="2026-08-14 14:58:12Z" end-time="2026-08-14 14:58:12Z" duration="0.237645" total="19" passed="19" failed="0" inconclusive="0" skipped="0" asserts="0">
            <properties />
            <test-case id="1082" name="BlockingScenario_AcceptsScaleParameter" fullname="Factory.Tests.PerformanceScenarioLayoutTests.BlockingScenario_AcceptsScaleParameter" methodname="BlockingScenario_AcceptsScaleParameter" classname="Factory.Tests.PerformanceScenarioLayoutTests" runstate="Runnable" seed="704180270" result="Passed" start-time="2026-08-14 14:58:12Z" end-time="2026-08-14 14:58:12Z" duration="0.005053" asserts="0">
              <properties>
                <property name="retryIteration" value="0" />
                <property name="repeatIteration" value="0" />
              </properties>
            </test-case>
            <test-case id="1081" name="BlockingScenario_Has4096Mk4BeltsThenMk1AndStorage" fullname="Factory.Tests.PerformanceScenarioLayoutTests.BlockingScenario_Has4096Mk4BeltsThenMk1AndStorage" methodname="BlockingScenario_Has4096Mk4BeltsThenMk1AndStorage" classname="Factory.Tests.PerformanceScenarioLayoutTests" runstate="Runnable" seed="1339031978" result="Passed" start-time="2026-08-14 14:58:12Z" end-time="2026-08-14 14:58:12Z" duration="0.041032" asserts="0">
              <properties>
                <property name="retryIteration" value="0" />
                <property name="repeatIteration" value="0" />
              </properties>
            </test-case>
            <test-case id="1096" name="ContinuousBeltBuildScenario_AcceptsScaleParameter" fullname="Factory.Tests.PerformanceScenarioLayoutTests.ContinuousBeltBuildScenario_AcceptsScaleParameter" methodname="ContinuousBeltBuildScenario_AcceptsScaleParameter" classname="Factory.Tests.PerformanceScenarioLayoutTests" runstate="Runnable" seed="1723043467" result="Passed" start-time="2026-08-14 14:58:12Z" end-time="2026-08-14 14:58:12Z" duration="0.000672" asserts="0">
              <properties>
                <property name="retryIteration" value="0" />
                <property name="repeatIteration" value="0" />
              </properties>
            </test-case>
            <test-case id="1095" name="ContinuousBeltBuildScenario_UsesScaleForCountAndLength" fullname="Factory.Tests.PerformanceScenarioLayoutTests.ContinuousBeltBuildScenario_UsesScaleForCountAndLength" methodname="ContinuousBeltBuildScenario_UsesScaleForCountAndLength" classname="Factory.Tests.PerformanceScenarioLayoutTests" runstate="Runnable" seed="2040451707" result="Passed" start-time="2026-08-14 14:58:12Z" end-time="2026-08-14 14:58:12Z" duration="0.000488" asserts="0">
              <properties>
                <property name="retryIteration" value="0" />
                <property name="repeatIteration" value="0" />
              </properties>
            </test-case>
            <test-case id="1079" name="F16Scenario_HasSixteenCompact256CellBranches" fullname="Factory.Tests.PerformanceScenarioLayoutTests.F16Scenario_HasSixteenCompact256CellBranches" methodname="F16Scenario_HasSixteenCompact256CellBranches" classname="Factory.Tests.PerformanceScenarioLayoutTests" runstate="Runnable" seed="1554170808" result="Passed" start-time="2026-08-14 14:58:12Z" end-time="2026-08-14 14:58:12Z" duration="0.020204" asserts="0">
              <properties>
                <property name="retryIteration" value="0" />
                <property name="repeatIteration" value="0" />
              </properties>
            </test-case>
            <test-case id="1080" name="F16Scenario_IgnoresScaleParameter" fullname="Factory.Tests.PerformanceScenarioLayoutTests.F16Scenario_IgnoresScaleParameter" methodname="F16Scenario_IgnoresScaleParameter" classname="Factory.Tests.PerformanceScenarioLayoutTests" runstate="Runnable" seed="2078290065" result="Passed" start-time="2026-08-14 14:58:12Z" end-time="2026-08-14 14:58:12Z" duration="0.019421" asserts="0">
              <properties>
                <property name="retryIteration" value="0" />
                <property name="repeatIteration" value="0" />
              </properties>
            </test-case>
            <test-case id="1091" name="FullLoopScenario_AcceptsScaleAboveLegacyLimit" fullname="Factory.Tests.PerformanceScenarioLayoutTests.FullLoopScenario_AcceptsScaleAboveLegacyLimit" methodname="FullLoopScenario_AcceptsScaleAboveLegacyLimit" classname="Factory.Tests.PerformanceScenarioLayoutTests" runstate="Runnable" seed="2021172962" result="Passed" start-time="2026-08-14 14:58:12Z" end-time="2026-08-14 14:58:12Z" duration="0.083407" asserts="0">
              <properties>
                <property name="retryIteration" value="0" />
                <property name="repeatIteration" value="0" />
              </properties>
            </test-case>
            <test-case id="1090" name="FullLoopScenario_AcceptsScaleParameter" fullname="Factory.Tests.PerformanceScenarioLayoutTests.FullLoopScenario_AcceptsScaleParameter" methodname="FullLoopScenario_AcceptsScaleParameter" classname="Factory.Tests.PerformanceScenarioLayoutTests" runstate="Runnable" seed="1704760269" result="Passed" start-time="2026-08-14 14:58:12Z" end-time="2026-08-14 14:58:12Z" duration="0.000690" asserts="0">
              <properties>
                <property name="retryIteration" value="0" />
                <property name="repeatIteration" value="0" />
              </properties>
            </test-case>
            <test-case id="1089" name="FullLoopScenario_IsClosedAndContains4096LoadedBelts" fullname="Factory.Tests.PerformanceScenarioLayoutTests.FullLoopScenario_IsClosedAndContains4096LoadedBelts" methodname="FullLoopScenario_IsClosedAndContains4096LoadedBelts" classname="Factory.Tests.PerformanceScenarioLayoutTests" runstate="Runnable" seed="1229445749" result="Passed" start-time="2026-08-14 14:58:12Z" end-time="2026-08-14 14:58:12Z" duration="0.009505" asserts="0">
              <properties>
                <property name="retryIteration" value="0" />
                <property name="repeatIteration" value="0" />
              </properties>
            </test-case>
            <test-case id="1078" name="HalfLoadedScenario_AcceptsScaleParameter" fullname="Factory.Tests.PerformanceScenarioLayoutTests.HalfLoadedScenario_AcceptsScaleParameter" methodname="HalfLoadedScenario_AcceptsScaleParameter" classname="Factory.Tests.PerformanceScenarioLayoutTests" runstate="Runnable" seed="396538483" result="Passed" start-time="2026-08-14 14:58:12Z" end-time="2026-08-14 14:58:12Z" duration="0.007882" asserts="0">
              <properties>
                <property name="retryIteration" value="0" />
                <property name="repeatIteration" value="0" />
              </properties>
            </test-case>
            <test-case id="1077" name="HalfLoadedScenario_UsesMinimal64By64Grid" fullname="Factory.Tests.PerformanceScenarioLayoutTests.HalfLoadedScenario_UsesMinimal64By64Grid" methodname="HalfLoadedScenario_UsesMinimal64By64Grid" classname="Factory.Tests.PerformanceScenarioLayoutTests" runstate="Runnable" seed="425108680" result="Passed" start-time="2026-08-14 14:58:12Z" end-time="2026-08-14 14:58:12Z" duration="0.014626" asserts="0">
              <properties>
                <property name="retryIteration" value="0" />
                <property name="repeatIteration" value="0" />
              </properties>
            </test-case>
            <test-case id="1088" name="MixedJunctionScenario_AcceptsScaleParameter" fullname="Factory.Tests.PerformanceScenarioLayoutTests.MixedJunctionScenario_AcceptsScaleParameter" methodname="MixedJunctionScenario_AcceptsScaleParameter" classname="Factory.Tests.PerformanceScenarioLayoutTests" runstate="Runnable" seed="1111215944" result="Passed" start-time="2026-08-14 14:58:12Z" end-time="2026-08-14 14:58:12Z" duration="0.002432" asserts="0">
              <properties>
                <property name="retryIteration" value="0" />
                <property name="repeatIteration" value="0" />
              </properties>
            </test-case>
            <test-case id="1087" name="MixedJunctionScenario_Has512NodesAndTenPercentJunctions" fullname="Factory.Tests.PerformanceScenarioLayoutTests.MixedJunctionScenario_Has512NodesAndTenPercentJunctions" methodname="MixedJunctionScenario_Has512NodesAndTenPercentJunctions" classname="Factory.Tests.PerformanceScenarioLayoutTests" runstate="Runnable" seed="1507916331" result="Passed" start-time="2026-08-14 14:58:12Z" end-time="2026-08-14 14:58:12Z" duration="0.002695" asserts="0">
              <properties>
                <property name="retryIteration" value="0" />
                <property name="repeatIteration" value="0" />
              </properties>
            </test-case>
            <test-case id="1094" name="ProducerConsumerScenario_AcceptsScaleAboveLegacyLimit" fullname="Factory.Tests.PerformanceScenarioLayoutTests.ProducerConsumerScenario_AcceptsScaleAboveLegacyLimit" methodname="ProducerConsumerScenario_AcceptsScaleAboveLegacyLimit" classname="Factory.Tests.PerformanceScenarioLayoutTests" runstate="Runnable" seed="101149852" result="Passed" start-time="2026-08-14 14:58:12Z" end-time="2026-08-14 14:58:12Z" duration="0.018808" asserts="0">
              <properties>
                <property name="retryIteration" value="0" />
                <property name="repeatIteration" value="0" />
              </properties>
            </test-case>
            <test-case id="1093" name="ProducerConsumerScenario_AcceptsScaleParameter" fullname="Factory.Tests.PerformanceScenarioLayoutTests.ProducerConsumerScenario_AcceptsScaleParameter" methodname="ProducerConsumerScenario_AcceptsScaleParameter" classname="Factory.Tests.PerformanceScenarioLayoutTests" runstate="Runnable" seed="1587320178" result="Passed" start-time="2026-08-14 14:58:12Z" end-time="2026-08-14 14:58:12Z" duration="0.000996" asserts="0">
              <properties>
                <property name="retryIteration" value="0" />
                <property name="repeatIteration" value="0" />
              </properties>
            </test-case>
            <test-case id="1092" name="ProducerConsumerScenario_Has64CompleteLanes" fullname="Factory.Tests.PerformanceScenarioLayoutTests.ProducerConsumerScenario_Has64CompleteLanes" methodname="ProducerConsumerScenario_Has64CompleteLanes" classname="Factory.Tests.PerformanceScenarioLayoutTests" runstate="Runnable" seed="934721121" result="Passed" start-time="2026-08-14 14:58:12Z" end-time="2026-08-14 14:58:12Z" duration="0.004682" asserts="0">
              <properties>
                <property name="retryIteration" value="0" />
                <property name="repeatIteration" value="0" />
              </properties>
            </test-case>
            <test-suite type="ParameterizedMethod" id="1086" name="ScalableStraight_UsesRequestedLoad" fullname="Factory.Tests.PerformanceScenarioLayoutTests.ScalableStraight_UsesRequestedLoad" classname="Factory.Tests.PerformanceScenarioLayoutTests" runstate="Runnable" testcasecount="3" result="Passed" start-time="2026-08-14 14:58:12Z" end-time="2026-08-14 14:58:12Z" duration="0.002715" total="3" passed="3" failed="0" inconclusive="0" skipped="0" asserts="0">
              <properties />
              <test-case id="1083" name="ScalableStraight_UsesRequestedLoad(0,0)" fullname="Factory.Tests.PerformanceScenarioLayoutTests.ScalableStraight_UsesRequestedLoad(0,0)" methodname="ScalableStraight_UsesRequestedLoad" classname="Factory.Tests.PerformanceScenarioLayoutTests" runstate="Runnable" seed="1466491939" result="Passed" start-time="2026-08-14 14:58:12Z" end-time="2026-08-14 14:58:12Z" duration="0.001095" asserts="0">
                <properties>
                  <property name="retryIteration" value="0" />
                  <property name="repeatIteration" value="0" />
                </properties>
              </test-case>
              <test-case id="1084" name="ScalableStraight_UsesRequestedLoad(50,64)" fullname="Factory.Tests.PerformanceScenarioLayoutTests.ScalableStraight_UsesRequestedLoad(50,64)" methodname="ScalableStraight_UsesRequestedLoad" classname="Factory.Tests.PerformanceScenarioLayoutTests" runstate="Runnable" seed="1730350309" result="Passed" start-time="2026-08-14 14:58:12Z" end-time="2026-08-14 14:58:12Z" duration="0.000528" asserts="0">
                <properties>
                  <property name="retryIteration" value="0" />
                  <property name="repeatIteration" value="0" />
                </properties>
              </test-case>
              <test-case id="1085" name="ScalableStraight_UsesRequestedLoad(100,128)" fullname="Factory.Tests.PerformanceScenarioLayoutTests.ScalableStraight_UsesRequestedLoad(100,128)" methodname="ScalableStraight_UsesRequestedLoad" classname="Factory.Tests.PerformanceScenarioLayoutTests" runstate="Runnable" seed="1252728277" result="Passed" start-time="2026-08-14 14:58:12Z" end-time="2026-08-14 14:58:12Z" duration="0.000540" asserts="0">
                <properties>
                  <property name="retryIteration" value="0" />
                  <property name="repeatIteration" value="0" />
                </properties>
              </test-case>
            </test-suite>
          </test-suite>
          <test-suite type="TestFixture" id="1097" name="Phase1UiDataModelTests" fullname="Factory.Tests.Phase1UiDataModelTests" classname="Factory.Tests.Phase1UiDataModelTests" runstate="Runnable" testcasecount="8" result="Passed" start-time="2026-08-14 14:58:12Z" end-time="2026-08-14 14:58:13Z" duration="0.055029" total="8" passed="8" failed="0" inconclusive="0" skipped="0" asserts="0">
            <properties />
            <test-case id="1105" name="ManualMove_PlayerToStorage_UpdatesBothStableSlotsAndRevisions" fullname="Factory.Tests.Phase1UiDataModelTests.ManualMove_PlayerToStorage_UpdatesBothStableSlotsAndRevisions" methodname="ManualMove_PlayerToStorage_UpdatesBothStableSlotsAndRevisions" classname="Factory.Tests.Phase1UiDataModelTests" runstate="Runnable" seed="1728558277" result="Passed" start-time="2026-08-14 14:58:12Z" end-time="2026-08-14 14:58:12Z" duration="0.015023" asserts="0">
              <properties>
                <property name="retryIteration" value="0" />
                <property name="repeatIteration" value="0" />
              </properties>
            </test-case>
            <test-case id="1098" name="MultiInputOutputRecipe_ConsumesAndPublishesAtomically" fullname="Factory.Tests.Phase1UiDataModelTests.MultiInputOutputRecipe_ConsumesAndPublishesAtomically" methodname="MultiInputOutputRecipe_ConsumesAndPublishesAtomically" classname="Factory.Tests.Phase1UiDataModelTests" runstate="Runnable" seed="1695575272" result="Passed" start-time="2026-08-14 14:58:12Z" end-time="2026-08-14 14:58:12Z" duration="0.004113" asserts="0">
              <properties>
                <property name="retryIteration" value="0" />
                <property name="repeatIteration" value="0" />
              </properties>
            </test-case>
            <test-case id="1099" name="MultiOutputCapacityFailure_DoesNotConsumeAnyInput" fullname="Factory.Tests.Phase1UiDataModelTests.MultiOutputCapacityFailure_DoesNotConsumeAnyInput" methodname="MultiOutputCapacityFailure_DoesNotConsumeAnyInput" classname="Factory.Tests.Phase1UiDataModelTests" runstate="Runnable" seed="2517106" result="Passed" start-time="2026-08-14 14:58:12Z" end-time="2026-08-14 14:58:12Z" duration="0.001037" asserts="0">
              <properties>
                <property name="retryIteration" value="0" />
                <property name="repeatIteration" value="0" />
              </properties>
            </test-case>
            <test-case id="1103" name="Processor_OnlyBlocksWhenOutputStackCannotFitAnotherBatch" fullname="Factory.Tests.Phase1UiDataModelTests.Processor_OnlyBlocksWhenOutputStackCannotFitAnotherBatch" methodname="Processor_OnlyBlocksWhenOutputStackCannotFitAnotherBatch" classname="Factory.Tests.Phase1UiDataModelTests" runstate="Runnable" seed="1216796254" result="Passed" start-time="2026-08-14 14:58:12Z" end-time="2026-08-14 14:58:12Z" duration="0.001690" asserts="0">
              <properties>
                <property name="retryIteration" value="0" />
                <property name="repeatIteration" value="0" />
              </properties>
            </test-case>
            <test-case id="1104" name="ProcessorPortAdapter_PublishesEachRecipeItemOnOnePhysicalPort" fullname="Factory.Tests.Phase1UiDataModelTests.ProcessorPortAdapter_PublishesEachRecipeItemOnOnePhysicalPort" methodname="ProcessorPortAdapter_PublishesEachRecipeItemOnOnePhysicalPort" classname="Factory.Tests.Phase1UiDataModelTests" runstate="Runnable" seed="2073865199" result="Passed" start-time="2026-08-14 14:58:12Z" end-time="2026-08-14 14:58:12Z" duration="0.019778" asserts="0">
              <properties>
                <property name="retryIteration" value="0" />
                <property name="repeatIteration" value="0" />
              </properties>
            </test-case>
            <test-case id="1101" name="RecipeChange_ReturnsCompletedOutputWithoutRefundingConsumedInputs" fullname="Factory.Tests.Phase1UiDataModelTests.RecipeChange_ReturnsCompletedOutputWithoutRefundingConsumedInputs" methodname="RecipeChange_ReturnsCompletedOutputWithoutRefundingConsumedInputs" classname="Factory.Tests.Phase1UiDataModelTests" runstate="Runnable" seed="588699597" result="Passed" start-time="2026-08-14 14:58:12Z" end-time="2026-08-14 14:58:13Z" duration="0.001752" asserts="0">
              <properties>
                <property name="retryIteration" value="0" />
                <property name="repeatIteration" value="0" />
              </properties>
            </test-case>
            <test-case id="1100" name="RecipeChange_StopsProductionAndReturnsInputsToPlayerInventory" fullname="Factory.Tests.Phase1UiDataModelTests.RecipeChange_StopsProductionAndReturnsInputsToPlayerInventory" methodname="RecipeChange_StopsProductionAndReturnsInputsToPlayerInventory" classname="Factory.Tests.Phase1UiDataModelTests" runstate="Runnable" seed="929724505" result="Passed" start-time="2026-08-14 14:58:13Z" end-time="2026-08-14 14:58:13Z" duration="0.001120" asserts="0">
              <properties>
                <property name="retryIteration" value="0" />
                <property name="repeatIteration" value="0" />
              </properties>
            </test-case>
            <test-case id="1102" name="RecipeSelectionCommand_NonPlayerOwner_ConfiguresProcessor" fullname="Factory.Tests.Phase1UiDataModelTests.RecipeSelectionCommand_NonPlayerOwner_ConfiguresProcessor" methodname="RecipeSelectionCommand_NonPlayerOwner_ConfiguresProcessor" classname="Factory.Tests.Phase1UiDataModelTests" runstate="Runnable" seed="323203902" result="Passed" start-time="2026-08-14 14:58:13Z" end-time="2026-08-14 14:58:13Z" duration="0.009128" asserts="0">
              <properties>
                <property name="retryIteration" value="0" />
                <property name="repeatIteration" value="0" />
              </properties>
            </test-case>
          </test-suite>
          <test-suite type="TestFixture" id="1106" name="Phase2UiInfrastructureTests" fullname="Factory.Tests.Phase2UiInfrastructureTests" classname="Factory.Tests.Phase2UiInfrastructureTests" runstate="Runnable" testcasecount="5" result="Passed" start-time="2026-08-14 14:58:13Z" end-time="2026-08-14 14:58:13Z" duration="0.432414" total="5" passed="5" failed="0" inconclusive="0" skipped="0" asserts="0">
            <properties />
            <test-case id="1108" name="ClosingWindow_DisposesItsDataObservation" fullname="Factory.Tests.Phase2UiInfrastructureTests.ClosingWindow_DisposesItsDataObservation" methodname="ClosingWindow_DisposesItsDataObservation" classname="Factory.Tests.Phase2UiInfrastructureTests" runstate="Runnable" seed="109797328" result="Passed" start-time="2026-08-14 14:58:13Z" end-time="2026-08-14 14:58:13Z" duration="0.031826" asserts="0">
              <properties>
                <property name="retryIteration" value="0" />
                <property name="repeatIteration" value="0" />
              </properties>
            </test-case>
            <test-case id="1111" name="EcsScene_HasExactlyOneConfiguredGameUiRoot" fullname="Factory.Tests.Phase2UiInfrastructureTests.EcsScene_HasExactlyOneConfiguredGameUiRoot" methodname="EcsScene_HasExactlyOneConfiguredGameUiRoot" classname="Factory.Tests.Phase2UiInfrastructureTests" runstate="Runnable" seed="1969217105" result="Passed" start-time="2026-08-14 14:58:13Z" end-time="2026-08-14 14:58:13Z" duration="0.384293" asserts="0">
              <properties>
                <property name="retryIteration" value="0" />
                <property name="repeatIteration" value="0" />
              </properties>
            </test-case>
            <test-case id="1109" name="ExportSystem_ReadsInventoryOnlyWhileObservedAndRevisionChanged" fullname="Factory.Tests.Phase2UiInfrastructureTests.ExportSystem_ReadsInventoryOnlyWhileObservedAndRevisionChanged" methodname="ExportSystem_ReadsInventoryOnlyWhileObservedAndRevisionChanged" classname="Factory.Tests.Phase2UiInfrastructureTests" runstate="Runnable" seed="1660559118" result="Passed" start-time="2026-08-14 14:58:13Z" end-time="2026-08-14 14:58:13Z" duration="0.012491" asserts="0">
              <properties>
                <property name="retryIteration" value="0" />
                <property name="repeatIteration" value="0" />
              </properties>
            </test-case>
            <test-case id="1110" name="MultipleSubscribers_ShareOneObservationUntilLastDispose" fullname="Factory.Tests.Phase2UiInfrastructureTests.MultipleSubscribers_ShareOneObservationUntilLastDispose" methodname="MultipleSubscribers_ShareOneObservationUntilLastDispose" classname="Factory.Tests.Phase2UiInfrastructureTests" runstate="Runnable" seed="1531985057" result="Passed" start-time="2026-08-14 14:58:13Z" end-time="2026-08-14 14:58:13Z" duration="0.000954" asserts="0">
              <properties>
                <property name="retryIteration" value="0" />
                <property name="repeatIteration" value="0" />
              </properties>
            </test-case>
            <test-case id="1107" name="WindowManager_KeepsLeftAndRightWindowsOpenTogether" fullname="Factory.Tests.Phase2UiInfrastructureTests.WindowManager_KeepsLeftAndRightWindowsOpenTogether" methodname="WindowManager_KeepsLeftAndRightWindowsOpenTogether" classname="Factory.Tests.Phase2UiInfrastructureTests" runstate="Runnable" seed="973727119" result="Passed" start-time="2026-08-14 14:58:13Z" end-time="2026-08-14 14:58:13Z" duration="0.001760" asserts="0">
              <properties>
                <property name="retryIteration" value="0" />
                <property name="repeatIteration" value="0" />
              </properties>
            </test-case>
          </test-suite>
          <test-suite type="TestFixture" id="1112" name="Phase3UiContentTests" fullname="Factory.Tests.Phase3UiContentTests" classname="Factory.Tests.Phase3UiContentTests" runstate="Runnable" testcasecount="8" result="Passed" start-time="2026-08-14 14:58:13Z" end-time="2026-08-14 14:58:14Z" duration="0.640655" total="8" passed="8" failed="0" inconclusive="0" skipped="0" asserts="0">
            <properties />
            <test-case id="1119" name="BuildCatalog_ClickingSelectedBuildingConfirmsSelection" fullname="Factory.Tests.Phase3UiContentTests.BuildCatalog_ClickingSelectedBuildingConfirmsSelection" methodname="BuildCatalog_ClickingSelectedBuildingConfirmsSelection" classname="Factory.Tests.Phase3UiContentTests" runstate="Runnable" seed="1323452774" result="Passed" start-time="2026-08-14 14:58:14Z" end-time="2026-08-14 14:58:14Z" duration="0.008399" asserts="0">
              <properties>
                <property name="retryIteration" value="0" />
                <property name="repeatIteration" value="0" />
              </properties>
            </test-case>
            <test-case id="1117" name="BuildingWindow_ChangeRecipeButtonIsTopmostAndPickerSurvivesRefresh" fullname="Factory.Tests.Phase3UiContentTests.BuildingWindow_ChangeRecipeButtonIsTopmostAndPickerSurvivesRefresh" methodname="BuildingWindow_ChangeRecipeButtonIsTopmostAndPickerSurvivesRefresh" classname="Factory.Tests.Phase3UiContentTests" runstate="Runnable" seed="1971253869" result="Passed" start-time="2026-08-14 14:58:14Z" end-time="2026-08-14 14:58:14Z" duration="0.003768" asserts="0">
              <properties>
                <property name="retryIteration" value="0" />
                <property name="repeatIteration" value="0" />
              </properties>
            </test-case>
            <test-case id="1116" name="BuildingWindow_RebindsPooledRecipeCardsWhenRecipesChange" fullname="Factory.Tests.Phase3UiContentTests.BuildingWindow_RebindsPooledRecipeCardsWhenRecipesChange" methodname="BuildingWindow_RebindsPooledRecipeCardsWhenRecipesChange" classname="Factory.Tests.Phase3UiContentTests" runstate="Runnable" seed="2133942496" result="Passed" start-time="2026-08-14 14:58:14Z" end-time="2026-08-14 14:58:14Z" duration="0.000847" asserts="0">
              <properties>
                <property name="retryIteration" value="0" />
                <property name="repeatIteration" value="0" />
              </properties>
            </test-case>
            <test-case id="1115" name="BuildingWindow_ReusesRecipeCardsAcrossSnapshotRefreshes" fullname="Factory.Tests.Phase3UiContentTests.BuildingWindow_ReusesRecipeCardsAcrossSnapshotRefreshes" methodname="BuildingWindow_ReusesRecipeCardsAcrossSnapshotRefreshes" classname="Factory.Tests.Phase3UiContentTests" runstate="Runnable" seed="1383095484" result="Passed" start-time="2026-08-14 14:58:14Z" end-time="2026-08-14 14:58:14Z" duration="0.000589" asserts="0">
              <properties>
                <property name="retryIteration" value="0" />
                <property name="repeatIteration" value="0" />
              </properties>
            </test-case>
            <test-case id="1118" name="BuildingWindow_SwitchingBuildingsResetsRecipePickerState" fullname="Factory.Tests.Phase3UiContentTests.BuildingWindow_SwitchingBuildingsResetsRecipePickerState" methodname="BuildingWindow_SwitchingBuildingsResetsRecipePickerState" classname="Factory.Tests.Phase3UiContentTests" runstate="Runnable" seed="6754937" result="Passed" start-time="2026-08-14 14:58:14Z" end-time="2026-08-14 14:58:14Z" duration="0.000572" asserts="0">
              <properties>
                <property name="retryIteration" value="0" />
                <property name="repeatIteration" value="0" />
              </properties>
            </test-case>
            <test-case id="1120" name="BuildShortcutBar_RendersNineSlotsAndHighlightsActiveBuilding" fullname="Factory.Tests.Phase3UiContentTests.BuildShortcutBar_RendersNineSlotsAndHighlightsActiveBuilding" methodname="BuildShortcutBar_RendersNineSlotsAndHighlightsActiveBuilding" classname="Factory.Tests.Phase3UiContentTests" runstate="Runnable" seed="1107958965" result="Passed" start-time="2026-08-14 14:58:14Z" end-time="2026-08-14 14:58:14Z" duration="0.001754" asserts="0">
              <properties>
                <property name="retryIteration" value="0" />
                <property name="repeatIteration" value="0" />
              </properties>
            </test-case>
            <test-case id="1113" name="ItemGrid_RendersSnapshotWithoutAccessingEcs" fullname="Factory.Tests.Phase3UiContentTests.ItemGrid_RendersSnapshotWithoutAccessingEcs" methodname="ItemGrid_RendersSnapshotWithoutAccessingEcs" classname="Factory.Tests.Phase3UiContentTests" runstate="Runnable" seed="1385284437" result="Passed" start-time="2026-08-14 14:58:14Z" end-time="2026-08-14 14:58:14Z" duration="0.001253" asserts="0">
              <properties>
                <property name="retryIteration" value="0" />
                <property name="repeatIteration" value="0" />
              </properties>
            </test-case>
            <test-case id="1114" name="ItemGrid_ReusesSlotElementsWhenRevisionContentChanges" fullname="Factory.Tests.Phase3UiContentTests.ItemGrid_ReusesSlotElementsWhenRevisionContentChanges" methodname="ItemGrid_ReusesSlotElementsWhenRevisionContentChanges" classname="Factory.Tests.Phase3UiContentTests" runstate="Runnable" seed="220018696" result="Passed" start-time="2026-08-14 14:58:14Z" end-time="2026-08-14 14:58:14Z" duration="0.000373" asserts="0">
              <properties>
                <property name="retryIteration" value="0" />
                <property name="repeatIteration" value="0" />
              </properties>
            </test-case>
          </test-suite>
          <test-suite type="TestFixture" id="1121" name="Phase4UiCommandTests" fullname="Factory.Tests.Phase4UiCommandTests" classname="Factory.Tests.Phase4UiCommandTests" runstate="Runnable" testcasecount="4" result="Passed" start-time="2026-08-14 14:58:14Z" end-time="2026-08-14 14:58:14Z" duration="0.019722" total="4" passed="4" failed="0" inconclusive="0" skipped="0" asserts="0">
            <properties />
            <test-case id="1122" name="Bus_AssignsMonotonicHeaders_AndIngressIsolatesPlayers" fullname="Factory.Tests.Phase4UiCommandTests.Bus_AssignsMonotonicHeaders_AndIngressIsolatesPlayers" methodname="Bus_AssignsMonotonicHeaders_AndIngressIsolatesPlayers" classname="Factory.Tests.Phase4UiCommandTests" runstate="Runnable" seed="1838616297" result="Passed" start-time="2026-08-14 14:58:14Z" end-time="2026-08-14 14:58:14Z" duration="0.009219" asserts="0">
              <properties>
                <property name="retryIteration" value="0" />
                <property name="repeatIteration" value="0" />
              </properties>
            </test-case>
            <test-case id="1125" name="DragPrediction_RejectsOutputAndWrongRecipeInput" fullname="Factory.Tests.Phase4UiCommandTests.DragPrediction_RejectsOutputAndWrongRecipeInput" methodname="DragPrediction_RejectsOutputAndWrongRecipeInput" classname="Factory.Tests.Phase4UiCommandTests" runstate="Runnable" seed="803186178" result="Passed" start-time="2026-08-14 14:58:14Z" end-time="2026-08-14 14:58:14Z" duration="0.001027" asserts="0">
              <properties>
                <property name="retryIteration" value="0" />
                <property name="repeatIteration" value="0" />
              </properties>
            </test-case>
            <test-case id="1124" name="Ingress_RejectsDuplicateSequence_AndReturnsOnlyToOwningPlayer" fullname="Factory.Tests.Phase4UiCommandTests.Ingress_RejectsDuplicateSequence_AndReturnsOnlyToOwningPlayer" methodname="Ingress_RejectsDuplicateSequence_AndReturnsOnlyToOwningPlayer" classname="Factory.Tests.Phase4UiCommandTests" runstate="Runnable" seed="22610831" result="Passed" start-time="2026-08-14 14:58:14Z" end-time="2026-08-14 14:58:14Z" duration="0.002058" asserts="0">
              <properties>
                <property name="retryIteration" value="0" />
                <property name="repeatIteration" value="0" />
              </properties>
            </test-case>
            <test-case id="1123" name="RuntimeServices_SharesSequenceAcrossUiAndBuildEntryPoints" fullname="Factory.Tests.Phase4UiCommandTests.RuntimeServices_SharesSequenceAcrossUiAndBuildEntryPoints" methodname="RuntimeServices_SharesSequenceAcrossUiAndBuildEntryPoints" classname="Factory.Tests.Phase4UiCommandTests" runstate="Runnable" seed="1702716943" result="Passed" start-time="2026-08-14 14:58:14Z" end-time="2026-08-14 14:58:14Z" duration="0.003447" asserts="0">
              <properties>
                <property name="retryIteration" value="0" />
                <property name="repeatIteration" value="0" />
              </properties>
            </test-case>
          </test-suite>
          <test-suite type="TestFixture" id="1126" name="Phase5OptimizationTests" fullname="Factory.Tests.Phase5OptimizationTests" classname="Factory.Tests.Phase5OptimizationTests" runstate="Runnable" testcasecount="9" result="Passed" start-time="2026-08-14 14:58:14Z" end-time="2026-08-14 14:58:14Z" duration="0.046323" total="9" passed="9" failed="0" inconclusive="0" skipped="0" asserts="0">
            <properties />
            <test-case id="1131" name="BeltTopologyRefresh_KeepsConnectedEdgeHidden" fullname="Factory.Tests.Phase5OptimizationTests.BeltTopologyRefresh_KeepsConnectedEdgeHidden" methodname="BeltTopologyRefresh_KeepsConnectedEdgeHidden" classname="Factory.Tests.Phase5OptimizationTests" runstate="Runnable" seed="81917254" result="Passed" start-time="2026-08-14 14:58:14Z" end-time="2026-08-14 14:58:14Z" duration="0.016258" asserts="0">
              <properties>
                <property name="retryIteration" value="0" />
                <property name="repeatIteration" value="0" />
              </properties>
            </test-case>
            <test-case id="1130" name="BeltVisualDirtyBuffer_IsClearedAfterLocalRefresh" fullname="Factory.Tests.Phase5OptimizationTests.BeltVisualDirtyBuffer_IsClearedAfterLocalRefresh" methodname="BeltVisualDirtyBuffer_IsClearedAfterLocalRefresh" classname="Factory.Tests.Phase5OptimizationTests" runstate="Runnable" seed="365936679" result="Passed" start-time="2026-08-14 14:58:14Z" end-time="2026-08-14 14:58:14Z" duration="0.001096" asserts="0">
              <properties>
                <property name="retryIteration" value="0" />
                <property name="repeatIteration" value="0" />
              </properties>
            </test-case>
            <test-case id="1128" name="BuildingInput_ReservedCountPersistsInPortSnapshot" fullname="Factory.Tests.Phase5OptimizationTests.BuildingInput_ReservedCountPersistsInPortSnapshot" methodname="BuildingInput_ReservedCountPersistsInPortSnapshot" classname="Factory.Tests.Phase5OptimizationTests" runstate="Runnable" seed="31300918" result="Passed" start-time="2026-08-14 14:58:14Z" end-time="2026-08-14 14:58:14Z" duration="0.001736" asserts="0">
              <properties>
                <property name="retryIteration" value="0" />
                <property name="repeatIteration" value="0" />
              </properties>
            </test-case>
            <test-case id="1129" name="PendingOccupancyAdd_IsAppliedIncrementally" fullname="Factory.Tests.Phase5OptimizationTests.PendingOccupancyAdd_IsAppliedIncrementally" methodname="PendingOccupancyAdd_IsAppliedIncrementally" classname="Factory.Tests.Phase5OptimizationTests" runstate="Runnable" seed="1655769713" result="Passed" start-time="2026-08-14 14:58:14Z" end-time="2026-08-14 14:58:14Z" duration="0.001512" asserts="0">
              <properties>
                <property name="retryIteration" value="0" />
                <property name="repeatIteration" value="0" />
              </properties>
            </test-case>
            <test-case id="1127" name="PortBufferSwap_TogglesGenerationWithoutCopyingBuffers" fullname="Factory.Tests.Phase5OptimizationTests.PortBufferSwap_TogglesGenerationWithoutCopyingBuffers" methodname="PortBufferSwap_TogglesGenerationWithoutCopyingBuffers" classname="Factory.Tests.Phase5OptimizationTests" runstate="Runnable" seed="1804521859" result="Passed" start-time="2026-08-14 14:58:14Z" end-time="2026-08-14 14:58:14Z" duration="0.006228" asserts="0">
              <properties>
                <property name="retryIteration" value="0" />
                <property name="repeatIteration" value="0" />
              </properties>
            </test-case>
            <test-case id="1132" name="RemovingBelt_ReturnsItemToPoolAndHidesRendering" fullname="Factory.Tests.Phase5OptimizationTests.RemovingBelt_ReturnsItemToPoolAndHidesRendering" methodname="RemovingBelt_ReturnsItemToPoolAndHidesRendering" classname="Factory.Tests.Phase5OptimizationTests" runstate="Runnable" seed="868661074" result="Passed" start-time="2026-08-14 14:58:14Z" end-time="2026-08-14 14:58:14Z" duration="0.006019" asserts="0">
              <properties>
                <property name="retryIteration" value="0" />
                <property name="repeatIteration" value="0" />
              </properties>
            </test-case>
            <test-case id="1133" name="RemovingBeltLine_ReturnsEveryCarriedItemToInitiatingPlayer" fullname="Factory.Tests.Phase5OptimizationTests.RemovingBeltLine_ReturnsEveryCarriedItemToInitiatingPlayer" methodname="RemovingBeltLine_ReturnsEveryCarriedItemToInitiatingPlayer" classname="Factory.Tests.Phase5OptimizationTests" runstate="Runnable" seed="1304690982" result="Passed" start-time="2026-08-14 14:58:14Z" end-time="2026-08-14 14:58:14Z" duration="0.003323" asserts="0">
              <properties>
                <property name="retryIteration" value="0" />
                <property name="repeatIteration" value="0" />
              </properties>
            </test-case>
            <test-case id="1134" name="RemovingStorage_ReturnsStoredItemsToInitiatingPlayer" fullname="Factory.Tests.Phase5OptimizationTests.RemovingStorage_ReturnsStoredItemsToInitiatingPlayer" methodname="RemovingStorage_ReturnsStoredItemsToInitiatingPlayer" classname="Factory.Tests.Phase5OptimizationTests" runstate="Runnable" seed="902058206" result="Passed" start-time="2026-08-14 14:58:14Z" end-time="2026-08-14 14:58:14Z" duration="0.002441" asserts="0">
              <properties>
                <property name="retryIteration" value="0" />
                <property name="repeatIteration" value="0" />
              </properties>
            </test-case>
            <test-case id="1135" name="StorageAdapter_GenerationOneWritesCurrentBuffersWithoutSafetyError" fullname="Factory.Tests.Phase5OptimizationTests.StorageAdapter_GenerationOneWritesCurrentBuffersWithoutSafetyError" methodname="StorageAdapter_GenerationOneWritesCurrentBuffersWithoutSafetyError" classname="Factory.Tests.Phase5OptimizationTests" runstate="Runnable" seed="1342863151" result="Passed" start-time="2026-08-14 14:58:14Z" end-time="2026-08-14 14:58:14Z" duration="0.005335" asserts="0">
              <properties>
                <property name="retryIteration" value="0" />
                <property name="repeatIteration" value="0" />
              </properties>
              <output><![CDATA[<b><color=#2EA3FF>MCP-FOR-UNITY</color></b>: [TestRunnerNoThrottle] Restored Interaction Mode after test run.
Saving results to: C:/Users/Xiao_Chen/AppData/LocalLow/DefaultCompany/Factory-with-DOTS\TestResults.xml
]]></output>
            </test-case>
          </test-suite>
        </test-suite>
      </test-suite>
    </test-suite>
  </test-suite>
</test-run>